./Clock.c:1: MINOR:C-G1
./Clock.c:1: MINOR:C-O4
./Clock.c:2: MINOR:C-G7
./Clock.c:3: MINOR:C-G6
./Clock.c:6: MINOR:C-G7
./Clock.c:7: MINOR:C-G7
./Clock.c:8: MINOR:C-G7
./Clock.c:9: MINOR:C-G7
./Clock.c:9: MINOR:C-L2
./Clock.c:17: MINOR:C-F2
./Clock.c:17: MINOR:C-V1
./Clock.c:20: MINOR:C-L6
./Clock.c:26: MINOR:C-G2
./Clock.c:26: MINOR:C-L4
./Clock.c:28: MINOR:C-L6
./Clock.c:29: MINOR:C-L6
./Clock.c:30: MAJOR:C-L5
./Clock.c:31: MAJOR:C-F3
./Clock.c:42: MINOR:C-L4
./Clock.c:46: MINOR:C-L4
./Clock.c:47: MAJOR:C-L1
./Clock.c:48: MAJOR:C-F3
./Clock.c:48: MAJOR:C-L1
./Clock.h:1: MINOR:C-G1
./Clock.h:1: MINOR:C-O4
./Clock.h:2: MINOR:C-G7
./Clock.h:3: MINOR:C-G6
./Clock.h:6: MINOR:C-G7
./Clock.h:7: MINOR:C-G7
./Clock.h:8: MINOR:C-G7
./Clock.h:9: MINOR:C-G7
./Clock.h:9: MINOR:C-L2
./Clock.h:14: MINOR:C-G3
./Clock.h:15: MINOR:C-G3
./Clock.h:18: MINOR:C-L4
./Clock.h:21: MINOR:C-V1
./Clock.h:23: MINOR:C-V1
./Commandes.c:1: MINOR:C-G1
./Commandes.c:1: MINOR:C-O4
./Commandes.c:2: MINOR:C-G7
./Commandes.c:3: MINOR:C-G6
./Commandes.c:6: MINOR:C-G7
./Commandes.c:7: MINOR:C-G7
./Commandes.c:8: MINOR:C-G7
./Commandes.c:9: MINOR:C-G7
./Commandes.c:9: MINOR:C-L2
./Commandes.c:16: MINOR:C-L4
./Commandes.c:22: MAJOR:C-F3
./Commandes.c:22: MAJOR:C-F7
./Commandes.c:32: MAJOR:C-F3
./Commandes.c:42: MINOR:C-L4
./Commandes.c:52: MINOR:C-L4
./Commandes.c:52: MINOR:C-V1
./Commandes.c:58: MAJOR:C-F7
./Commandes.c:58: MINOR:C-L4
./Commandes.c:59: MAJOR:C-L1
./Commandes.c:60: MAJOR:C-L1
./Commandes.c:61: MAJOR:C-F3
./Commandes.c:61: MAJOR:C-L1
./Commandes.h:1: MINOR:C-G1
./Commandes.h:1: MINOR:C-O4
./Commandes.h:2: MINOR:C-G7
./Commandes.h:3: MINOR:C-G6
./Commandes.h:6: MINOR:C-G7
./Commandes.h:7: MINOR:C-G7
./Commandes.h:8: MINOR:C-G7
./Commandes.h:9: MINOR:C-G7
./Commandes.h:9: MINOR:C-L2
./Commandes.h:14: MINOR:C-G3
./Commandes.h:16: MINOR:C-G3
./Commandes.h:17: MINOR:C-G3
./Commandes.h:23: MINOR:C-V1
./Commandes.h:30: MINOR:C-V1
./Commandes.h:32: MAJOR:C-F3
./Commandes.h:32: MAJOR:C-F7
./Server.c:1: MINOR:C-G1
./Server.c:1: MINOR:C-O4
./Server.c:2: MINOR:C-G7
./Server.c:3: MINOR:C-G6
./Server.c:6: MINOR:C-G7
./Server.c:7: MINOR:C-G7
./Server.c:8: MINOR:C-G7
./Server.c:9: MINOR:C-G7
./Server.c:9: MINOR:C-L2
./Server.c:21: MINOR:C-F2
./Server.c:30: MAJOR:C-F3
./Server.c:36: MINOR:C-F2
./Server.c:36: MINOR:C-V1
./Server.c:57: MINOR:C-F2
./Server.c:62: MINOR:C-F2
./Server.c:66: MAJOR:C-F3
./Server.c:78: MINOR:C-F8
./Server.c:83: MINOR:C-F2
./Server.c:93: MAJOR:C-O3
./Server.c:95: MINOR:C-G7
./Server.c:98: MINOR:C-F2
./Server.c:98: MAJOR:C-O3
./Server.c:113: MINOR:C-F2
./Server.c:113: MINOR:C-L4
./Server.c:113: MAJOR:C-O3
./Server.c:115: MAJOR:C-F3
./Server.c:126: MAJOR:C-O3
./Server.c:132: MINOR:C-F2
./Server.c:132: MAJOR:C-O3
./Server.c:142: MINOR:C-F2
./Server.c:142: MAJOR:C-O3
./Server.c:144: MINOR:C-L6
./Server.c:147: MINOR:C-F2
./Server.c:147: MAJOR:C-O3
./Server.c:156: MAJOR:C-C1
./Server.c:162: INFO:C-A3
./Server.h:1: MINOR:C-G1
./Server.h:1: MINOR:C-O4
./Server.h:2: MINOR:C-G7
./Server.h:3: MINOR:C-G6
./Server.h:6: MINOR:C-G7
./Server.h:7: MINOR:C-G7
./Server.h:8: MINOR:C-G7
./Server.h:9: MINOR:C-G7
./Server.h:9: MINOR:C-L2
./Server.h:14: MINOR:C-G3
./Server.h:16: MINOR:C-G3
./Server.h:17: MINOR:C-G3
./Server.h:18: MINOR:C-G3
./Server.h:20: MINOR:C-G3
./Server.h:21: MINOR:C-G3
./Server.h:22: MINOR:C-G3
./Server.h:24: MINOR:C-G3
./Server.h:37: MINOR:C-V1
./Server.h:41: MINOR:C-V1
./SessionClient.c:1: MINOR:C-G1
./SessionClient.c:1: MINOR:C-O4
./SessionClient.c:2: MINOR:C-G7
./SessionClient.c:3: MINOR:C-G6
./SessionClient.c:6: MINOR:C-G7
./SessionClient.c:7: MINOR:C-G7
./SessionClient.c:8: MINOR:C-G7
./SessionClient.c:9: MINOR:C-G7
./SessionClient.c:9: MINOR:C-L2
./SessionClient.h:1: MINOR:C-G1
./SessionClient.h:1: MINOR:C-O4
./SessionClient.h:2: MINOR:C-G7
./SessionClient.h:3: MINOR:C-G6
./SessionClient.h:6: MINOR:C-G7
./SessionClient.h:7: MINOR:C-G7
./SessionClient.h:8: MINOR:C-G7
./SessionClient.h:9: MINOR:C-G7
./SessionClient.h:9: MINOR:C-L2
./SessionClient.h:14: MINOR:C-G3
./SessionClient.h:15: MINOR:C-G3
./SessionClient.h:16: MINOR:C-G3
./SessionClient.h:17: MINOR:C-G3
./SessionClient.h:28: MINOR:C-V1
./SessionClient.h:31: MINOR:C-L4
./SessionClient.h:36: MINOR:C-V1
./SessionClient.h:53: MINOR:C-V1
./Utilitaires.c:1: MINOR:C-G1
./Utilitaires.c:1: MINOR:C-O4
./Utilitaires.c:2: MINOR:C-G7
./Utilitaires.c:3: MINOR:C-G6
./Utilitaires.c:6: MINOR:C-G7
./Utilitaires.c:7: MINOR:C-G7
./Utilitaires.c:8: MINOR:C-G7
./Utilitaires.c:9: MINOR:C-G7
./Utilitaires.c:9: MINOR:C-L2
./cmake-build-debug/CMakeFiles/3.31.6/CMakeDetermineCompilerABI_C.bin:1: MAJOR:C-O1
./cmake-build-debug/CMakeFiles/3.31.6/CompilerIdC/CMakeCCompilerId.c:1: MINOR:C-G1
./cmake-build-debug/CMakeFiles/3.31.6/CompilerIdC/CMakeCCompilerId.c:1: MINOR:C-O4
./cmake-build-debug/CMakeFiles/3.31.6/CompilerIdC/CMakeCCompilerId.c:2: MINOR:C-G3
./cmake-build-debug/CMakeFiles/3.31.6/CompilerIdC/CMakeCCompilerId.c:6: MINOR:C-G3
./cmake-build-debug/CMakeFiles/3.31.6/CompilerIdC/CMakeCCompilerId.c:10: MINOR:C-G3
./cmake-build-debug/CMakeFiles/3.31.6/CompilerIdC/CMakeCCompilerId.c:10: MINOR:C-V1
./cmake-build-debug/CMakeFiles/3.31.6/CompilerIdC/CMakeCCompilerId.c:11: MINOR:C-G3
./cmake-build-debug/CMakeFiles/3.31.6/CompilerIdC/CMakeCCompilerId.c:11: MINOR:C-V1
./cmake-build-debug/CMakeFiles/3.31.6/CompilerIdC/CMakeCCompilerId.c:17: MINOR:C-G3
./cmake-build-debug/CMakeFiles/3.31.6/CompilerIdC/CMakeCCompilerId.c:17: MAJOR:C-H1
./cmake-build-debug/CMakeFiles/3.31.6/CompilerIdC/CMakeCCompilerId.c:25: MINOR:C-G3
./cmake-build-debug/CMakeFiles/3.31.6/CompilerIdC/CMakeCCompilerId.c:25: MAJOR:C-H1
./cmake-build-debug/CMakeFiles/3.31.6/CompilerIdC/CMakeCCompilerId.c:27: MINOR:C-G3
./cmake-build-debug/CMakeFiles/3.31.6/CompilerIdC/CMakeCCompilerId.c:27: MAJOR:C-H1
./cmake-build-debug/CMakeFiles/3.31.6/CompilerIdC/CMakeCCompilerId.c:30: MINOR:C-G3
./cmake-build-debug/CMakeFiles/3.31.6/CompilerIdC/CMakeCCompilerId.c:30: MAJOR:C-H1
./cmake-build-debug/CMakeFiles/3.31.6/CompilerIdC/CMakeCCompilerId.c:32: MINOR:C-L2
./cmake-build-debug/CMakeFiles/3.31.6/CompilerIdC/CMakeCCompilerId.c:34: MAJOR:C-F3
./cmake-build-debug/CMakeFiles/3.31.6/CompilerIdC/CMakeCCompilerId.c:35: MINOR:C-G3
./cmake-build-debug/CMakeFiles/3.31.6/CompilerIdC/CMakeCCompilerId.c:35: MAJOR:C-H1
./cmake-build-debug/CMakeFiles/3.31.6/CompilerIdC/CMakeCCompilerId.c:35: MINOR:C-L3
./cmake-build-debug/CMakeFiles/3.31.6/CompilerIdC/CMakeCCompilerId.c:36: MINOR:C-G3
./cmake-build-debug/CMakeFiles/3.31.6/CompilerIdC/CMakeCCompilerId.c:36: MAJOR:C-H1
./cmake-build-debug/CMakeFiles/3.31.6/CompilerIdC/CMakeCCompilerId.c:36: MINOR:C-L3
./cmake-build-debug/CMakeFiles/3.31.6/CompilerIdC/CMakeCCompilerId.c:38: MINOR:C-G3
./cmake-build-debug/CMakeFiles/3.31.6/CompilerIdC/CMakeCCompilerId.c:38: MAJOR:C-H1
./cmake-build-debug/CMakeFiles/3.31.6/CompilerIdC/CMakeCCompilerId.c:40: MINOR:C-G3
./cmake-build-debug/CMakeFiles/3.31.6/CompilerIdC/CMakeCCompilerId.c:40: MAJOR:C-H1
./cmake-build-debug/CMakeFiles/3.31.6/CompilerIdC/CMakeCCompilerId.c:40: MINOR:C-L3
./cmake-build-debug/CMakeFiles/3.31.6/CompilerIdC/CMakeCCompilerId.c:43: MINOR:C-G3
./cmake-build-debug/CMakeFiles/3.31.6/CompilerIdC/CMakeCCompilerId.c:43: MAJOR:C-H1
./cmake-build-debug/CMakeFiles/3.31.6/CompilerIdC/CMakeCCompilerId.c:44: MINOR:C-G3
./cmake-build-debug/CMakeFiles/3.31.6/CompilerIdC/CMakeCCompilerId.c:44: MAJOR:C-H1
./cmake-build-debug/CMakeFiles/3.31.6/CompilerIdC/CMakeCCompilerId.c:45: MINOR:C-L2
./cmake-build-debug/CMakeFiles/3.31.6/CompilerIdC/CMakeCCompilerId.c:47: MINOR:C-G3
./cmake-build-debug/CMakeFiles/3.31.6/CompilerIdC/CMakeCCompilerId.c:47: MAJOR:C-H1
./cmake-build-debug/CMakeFiles/3.31.6/CompilerIdC/CMakeCCompilerId.c:51: MINOR:C-G3
./cmake-build-debug/CMakeFiles/3.31.6/CompilerIdC/CMakeCCompilerId.c:51: MAJOR:C-H1
./cmake-build-debug/CMakeFiles/3.31.6/CompilerIdC/CMakeCCompilerId.c:55: MINOR:C-G3
./cmake-build-debug/CMakeFiles/3.31.6/CompilerIdC/CMakeCCompilerId.c:55: MAJOR:C-H1
./cmake-build-debug/CMakeFiles/3.31.6/CompilerIdC/CMakeCCompilerId.c:56: MINOR:C-G3
./cmake-build-debug/CMakeFiles/3.31.6/CompilerIdC/CMakeCCompilerId.c:56: MAJOR:C-H1
./cmake-build-debug/CMakeFiles/3.31.6/CompilerIdC/CMakeCCompilerId.c:59: MINOR:C-G3
./cmake-build-debug/CMakeFiles/3.31.6/CompilerIdC/CMakeCCompilerId.c:59: MAJOR:C-H1
./cmake-build-debug/CMakeFiles/3.31.6/CompilerIdC/CMakeCCompilerId.c:61: MINOR:C-G3
./cmake-build-debug/CMakeFiles/3.31.6/CompilerIdC/CMakeCCompilerId.c:61: MAJOR:C-H1
./cmake-build-debug/CMakeFiles/3.31.6/CompilerIdC/CMakeCCompilerId.c:64: MINOR:C-G3
./cmake-build-debug/CMakeFiles/3.31.6/CompilerIdC/CMakeCCompilerId.c:64: MAJOR:C-H1
./cmake-build-debug/CMakeFiles/3.31.6/CompilerIdC/CMakeCCompilerId.c:67: MINOR:C-G3
./cmake-build-debug/CMakeFiles/3.31.6/CompilerIdC/CMakeCCompilerId.c:67: MAJOR:C-H1
./cmake-build-debug/CMakeFiles/3.31.6/CompilerIdC/CMakeCCompilerId.c:70: MAJOR:C-F3
./cmake-build-debug/CMakeFiles/3.31.6/CompilerIdC/CMakeCCompilerId.c:71: MINOR:C-G3
./cmake-build-debug/CMakeFiles/3.31.6/CompilerIdC/CMakeCCompilerId.c:71: MAJOR:C-H1
./cmake-build-debug/CMakeFiles/3.31.6/CompilerIdC/CMakeCCompilerId.c:73: MINOR:C-G3
./cmake-build-debug/CMakeFiles/3.31.6/CompilerIdC/CMakeCCompilerId.c:73: MAJOR:C-H1
./cmake-build-debug/CMakeFiles/3.31.6/CompilerIdC/CMakeCCompilerId.c:76: MINOR:C-G3
./cmake-build-debug/CMakeFiles/3.31.6/CompilerIdC/CMakeCCompilerId.c:76: MAJOR:C-H1
./cmake-build-debug/CMakeFiles/3.31.6/CompilerIdC/CMakeCCompilerId.c:83: MINOR:C-G3
./cmake-build-debug/CMakeFiles/3.31.6/CompilerIdC/CMakeCCompilerId.c:83: MAJOR:C-H1
./cmake-build-debug/CMakeFiles/3.31.6/CompilerIdC/CMakeCCompilerId.c:83: MINOR:C-L3
./cmake-build-debug/CMakeFiles/3.31.6/CompilerIdC/CMakeCCompilerId.c:84: MINOR:C-G3
./cmake-build-debug/CMakeFiles/3.31.6/CompilerIdC/CMakeCCompilerId.c:84: MAJOR:C-H1
./cmake-build-debug/CMakeFiles/3.31.6/CompilerIdC/CMakeCCompilerId.c:84: MINOR:C-L3
./cmake-build-debug/CMakeFiles/3.31.6/CompilerIdC/CMakeCCompilerId.c:85: MINOR:C-G3
./cmake-build-debug/CMakeFiles/3.31.6/CompilerIdC/CMakeCCompilerId.c:85: MAJOR:C-H1
./cmake-build-debug/CMakeFiles/3.31.6/CompilerIdC/CMakeCCompilerId.c:85: MINOR:C-L3
./cmake-build-debug/CMakeFiles/3.31.6/CompilerIdC/CMakeCCompilerId.c:87: MINOR:C-G3
./cmake-build-debug/CMakeFiles/3.31.6/CompilerIdC/CMakeCCompilerId.c:87: MAJOR:C-H1
./cmake-build-debug/CMakeFiles/3.31.6/CompilerIdC/CMakeCCompilerId.c:87: MINOR:C-L3
./cmake-build-debug/CMakeFiles/3.31.6/CompilerIdC/CMakeCCompilerId.c:88: MINOR:C-G3
./cmake-build-debug/CMakeFiles/3.31.6/CompilerIdC/CMakeCCompilerId.c:88: MAJOR:C-H1
./cmake-build-debug/CMakeFiles/3.31.6/CompilerIdC/CMakeCCompilerId.c:88: MINOR:C-L3
./cmake-build-debug/CMakeFiles/3.31.6/CompilerIdC/CMakeCCompilerId.c:89: MINOR:C-G3
./cmake-build-debug/CMakeFiles/3.31.6/CompilerIdC/CMakeCCompilerId.c:89: MAJOR:C-H1
./cmake-build-debug/CMakeFiles/3.31.6/CompilerIdC/CMakeCCompilerId.c:89: MINOR:C-L3
./cmake-build-debug/CMakeFiles/3.31.6/CompilerIdC/CMakeCCompilerId.c:93: MINOR:C-G3
./cmake-build-debug/CMakeFiles/3.31.6/CompilerIdC/CMakeCCompilerId.c:93: MAJOR:C-H1
./cmake-build-debug/CMakeFiles/3.31.6/CompilerIdC/CMakeCCompilerId.c:94: MINOR:C-G3
./cmake-build-debug/CMakeFiles/3.31.6/CompilerIdC/CMakeCCompilerId.c:94: MAJOR:C-H1
./cmake-build-debug/CMakeFiles/3.31.6/CompilerIdC/CMakeCCompilerId.c:97: MINOR:C-G3
./cmake-build-debug/CMakeFiles/3.31.6/CompilerIdC/CMakeCCompilerId.c:97: MAJOR:C-H1
./cmake-build-debug/CMakeFiles/3.31.6/CompilerIdC/CMakeCCompilerId.c:99: MINOR:C-G3
./cmake-build-debug/CMakeFiles/3.31.6/CompilerIdC/CMakeCCompilerId.c:99: MAJOR:C-H1
./cmake-build-debug/CMakeFiles/3.31.6/CompilerIdC/CMakeCCompilerId.c:102: MINOR:C-G3
./cmake-build-debug/CMakeFiles/3.31.6/CompilerIdC/CMakeCCompilerId.c:102: MAJOR:C-H1
./cmake-build-debug/CMakeFiles/3.31.6/CompilerIdC/CMakeCCompilerId.c:105: MINOR:C-G3
./cmake-build-debug/CMakeFiles/3.31.6/CompilerIdC/CMakeCCompilerId.c:105: MAJOR:C-H1
./cmake-build-debug/CMakeFiles/3.31.6/CompilerIdC/CMakeCCompilerId.c:109: MINOR:C-G3
./cmake-build-debug/CMakeFiles/3.31.6/CompilerIdC/CMakeCCompilerId.c:109: MAJOR:C-H1
./cmake-build-debug/CMakeFiles/3.31.6/CompilerIdC/CMakeCCompilerId.c:110: MINOR:C-G3
./cmake-build-debug/CMakeFiles/3.31.6/CompilerIdC/CMakeCCompilerId.c:110: MAJOR:C-H1
./cmake-build-debug/CMakeFiles/3.31.6/CompilerIdC/CMakeCCompilerId.c:111: MINOR:C-G3
./cmake-build-debug/CMakeFiles/3.31.6/CompilerIdC/CMakeCCompilerId.c:111: MAJOR:C-H1
./cmake-build-debug/CMakeFiles/3.31.6/CompilerIdC/CMakeCCompilerId.c:113: MINOR:C-G3
./cmake-build-debug/CMakeFiles/3.31.6/CompilerIdC/CMakeCCompilerId.c:113: MAJOR:C-H1
./cmake-build-debug/CMakeFiles/3.31.6/CompilerIdC/CMakeCCompilerId.c:117: MINOR:C-G3
./cmake-build-debug/CMakeFiles/3.31.6/CompilerIdC/CMakeCCompilerId.c:117: MAJOR:C-H1
./cmake-build-debug/CMakeFiles/3.31.6/CompilerIdC/CMakeCCompilerId.c:118: MINOR:C-G3
./cmake-build-debug/CMakeFiles/3.31.6/CompilerIdC/CMakeCCompilerId.c:118: MAJOR:C-H1
./cmake-build-debug/CMakeFiles/3.31.6/CompilerIdC/CMakeCCompilerId.c:118: MINOR:C-L3
./cmake-build-debug/CMakeFiles/3.31.6/CompilerIdC/CMakeCCompilerId.c:119: MINOR:C-G3
./cmake-build-debug/CMakeFiles/3.31.6/CompilerIdC/CMakeCCompilerId.c:119: MAJOR:C-H1
./cmake-build-debug/CMakeFiles/3.31.6/CompilerIdC/CMakeCCompilerId.c:119: MINOR:C-L3
./cmake-build-debug/CMakeFiles/3.31.6/CompilerIdC/CMakeCCompilerId.c:120: MINOR:C-G3
./cmake-build-debug/CMakeFiles/3.31.6/CompilerIdC/CMakeCCompilerId.c:120: MAJOR:C-H1
./cmake-build-debug/CMakeFiles/3.31.6/CompilerIdC/CMakeCCompilerId.c:123: MINOR:C-G3
./cmake-build-debug/CMakeFiles/3.31.6/CompilerIdC/CMakeCCompilerId.c:123: MAJOR:C-H1
./cmake-build-debug/CMakeFiles/3.31.6/CompilerIdC/CMakeCCompilerId.c:125: MINOR:C-G3
./cmake-build-debug/CMakeFiles/3.31.6/CompilerIdC/CMakeCCompilerId.c:125: MAJOR:C-H1
./cmake-build-debug/CMakeFiles/3.31.6/CompilerIdC/CMakeCCompilerId.c:125: MINOR:C-L3
./cmake-build-debug/CMakeFiles/3.31.6/CompilerIdC/CMakeCCompilerId.c:126: MINOR:C-G3
./cmake-build-debug/CMakeFiles/3.31.6/CompilerIdC/CMakeCCompilerId.c:126: MAJOR:C-H1
./cmake-build-debug/CMakeFiles/3.31.6/CompilerIdC/CMakeCCompilerId.c:129: MINOR:C-G3
./cmake-build-debug/CMakeFiles/3.31.6/CompilerIdC/CMakeCCompilerId.c:129: MAJOR:C-H1
./cmake-build-debug/CMakeFiles/3.31.6/CompilerIdC/CMakeCCompilerId.c:131: MINOR:C-G3
./cmake-build-debug/CMakeFiles/3.31.6/CompilerIdC/CMakeCCompilerId.c:131: MAJOR:C-H1
./cmake-build-debug/CMakeFiles/3.31.6/CompilerIdC/CMakeCCompilerId.c:132: MINOR:C-G3
./cmake-build-debug/CMakeFiles/3.31.6/CompilerIdC/CMakeCCompilerId.c:132: MAJOR:C-H1
./cmake-build-debug/CMakeFiles/3.31.6/CompilerIdC/CMakeCCompilerId.c:134: MINOR:C-G3
./cmake-build-debug/CMakeFiles/3.31.6/CompilerIdC/CMakeCCompilerId.c:134: MAJOR:C-H1
./cmake-build-debug/CMakeFiles/3.31.6/CompilerIdC/CMakeCCompilerId.c:138: MINOR:C-G3
./cmake-build-debug/CMakeFiles/3.31.6/CompilerIdC/CMakeCCompilerId.c:138: MAJOR:C-H1
./cmake-build-debug/CMakeFiles/3.31.6/CompilerIdC/CMakeCCompilerId.c:140: MINOR:C-G3
./cmake-build-debug/CMakeFiles/3.31.6/CompilerIdC/CMakeCCompilerId.c:140: MAJOR:C-H1
./cmake-build-debug/CMakeFiles/3.31.6/CompilerIdC/CMakeCCompilerId.c:141: MINOR:C-G3
./cmake-build-debug/CMakeFiles/3.31.6/CompilerIdC/CMakeCCompilerId.c:141: MAJOR:C-H1
./cmake-build-debug/CMakeFiles/3.31.6/CompilerIdC/CMakeCCompilerId.c:143: MINOR:C-G3
./cmake-build-debug/CMakeFiles/3.31.6/CompilerIdC/CMakeCCompilerId.c:143: MAJOR:C-H1
./cmake-build-debug/CMakeFiles/3.31.6/CompilerIdC/CMakeCCompilerId.c:147: MINOR:C-G3
./cmake-build-debug/CMakeFiles/3.31.6/CompilerIdC/CMakeCCompilerId.c:147: MAJOR:C-H1
./cmake-build-debug/CMakeFiles/3.31.6/CompilerIdC/CMakeCCompilerId.c:150: MINOR:C-G3
./cmake-build-debug/CMakeFiles/3.31.6/CompilerIdC/CMakeCCompilerId.c:150: MAJOR:C-H1
./cmake-build-debug/CMakeFiles/3.31.6/CompilerIdC/CMakeCCompilerId.c:150: MINOR:C-L3
./cmake-build-debug/CMakeFiles/3.31.6/CompilerIdC/CMakeCCompilerId.c:151: MINOR:C-G3
./cmake-build-debug/CMakeFiles/3.31.6/CompilerIdC/CMakeCCompilerId.c:151: MAJOR:C-H1
./cmake-build-debug/CMakeFiles/3.31.6/CompilerIdC/CMakeCCompilerId.c:151: MINOR:C-L3
./cmake-build-debug/CMakeFiles/3.31.6/CompilerIdC/CMakeCCompilerId.c:152: MINOR:C-G3
./cmake-build-debug/CMakeFiles/3.31.6/CompilerIdC/CMakeCCompilerId.c:152: MAJOR:C-H1
./cmake-build-debug/CMakeFiles/3.31.6/CompilerIdC/CMakeCCompilerId.c:155: MINOR:C-G3
./cmake-build-debug/CMakeFiles/3.31.6/CompilerIdC/CMakeCCompilerId.c:155: MAJOR:C-H1
./cmake-build-debug/CMakeFiles/3.31.6/CompilerIdC/CMakeCCompilerId.c:155: MINOR:C-L3
./cmake-build-debug/CMakeFiles/3.31.6/CompilerIdC/CMakeCCompilerId.c:156: MINOR:C-G3
./cmake-build-debug/CMakeFiles/3.31.6/CompilerIdC/CMakeCCompilerId.c:156: MAJOR:C-H1
./cmake-build-debug/CMakeFiles/3.31.6/CompilerIdC/CMakeCCompilerId.c:156: MINOR:C-L3
./cmake-build-debug/CMakeFiles/3.31.6/CompilerIdC/CMakeCCompilerId.c:157: MINOR:C-G3
./cmake-build-debug/CMakeFiles/3.31.6/CompilerIdC/CMakeCCompilerId.c:157: MAJOR:C-H1
./cmake-build-debug/CMakeFiles/3.31.6/CompilerIdC/CMakeCCompilerId.c:161: MINOR:C-G3
./cmake-build-debug/CMakeFiles/3.31.6/CompilerIdC/CMakeCCompilerId.c:161: MAJOR:C-H1
./cmake-build-debug/CMakeFiles/3.31.6/CompilerIdC/CMakeCCompilerId.c:163: MINOR:C-G3
./cmake-build-debug/CMakeFiles/3.31.6/CompilerIdC/CMakeCCompilerId.c:163: MAJOR:C-H1
./cmake-build-debug/CMakeFiles/3.31.6/CompilerIdC/CMakeCCompilerId.c:163: MINOR:C-L3
./cmake-build-debug/CMakeFiles/3.31.6/CompilerIdC/CMakeCCompilerId.c:164: MINOR:C-G3
./cmake-build-debug/CMakeFiles/3.31.6/CompilerIdC/CMakeCCompilerId.c:164: MAJOR:C-H1
./cmake-build-debug/CMakeFiles/3.31.6/CompilerIdC/CMakeCCompilerId.c:164: MINOR:C-L3
./cmake-build-debug/CMakeFiles/3.31.6/CompilerIdC/CMakeCCompilerId.c:165: MINOR:C-G3
./cmake-build-debug/CMakeFiles/3.31.6/CompilerIdC/CMakeCCompilerId.c:165: MAJOR:C-H1
./cmake-build-debug/CMakeFiles/3.31.6/CompilerIdC/CMakeCCompilerId.c:165: MINOR:C-L3
./cmake-build-debug/CMakeFiles/3.31.6/CompilerIdC/CMakeCCompilerId.c:168: MINOR:C-G3
./cmake-build-debug/CMakeFiles/3.31.6/CompilerIdC/CMakeCCompilerId.c:168: MAJOR:C-H1
./cmake-build-debug/CMakeFiles/3.31.6/CompilerIdC/CMakeCCompilerId.c:170: MINOR:C-G3
./cmake-build-debug/CMakeFiles/3.31.6/CompilerIdC/CMakeCCompilerId.c:170: MAJOR:C-H1
./cmake-build-debug/CMakeFiles/3.31.6/CompilerIdC/CMakeCCompilerId.c:170: MINOR:C-L3
./cmake-build-debug/CMakeFiles/3.31.6/CompilerIdC/CMakeCCompilerId.c:171: MINOR:C-G3
./cmake-build-debug/CMakeFiles/3.31.6/CompilerIdC/CMakeCCompilerId.c:171: MAJOR:C-H1
./cmake-build-debug/CMakeFiles/3.31.6/CompilerIdC/CMakeCCompilerId.c:171: MINOR:C-L3
./cmake-build-debug/CMakeFiles/3.31.6/CompilerIdC/CMakeCCompilerId.c:172: MINOR:C-G3
./cmake-build-debug/CMakeFiles/3.31.6/CompilerIdC/CMakeCCompilerId.c:172: MAJOR:C-H1
./cmake-build-debug/CMakeFiles/3.31.6/CompilerIdC/CMakeCCompilerId.c:172: MINOR:C-L3
./cmake-build-debug/CMakeFiles/3.31.6/CompilerIdC/CMakeCCompilerId.c:175: MINOR:C-G3
./cmake-build-debug/CMakeFiles/3.31.6/CompilerIdC/CMakeCCompilerId.c:175: MAJOR:C-H1
./cmake-build-debug/CMakeFiles/3.31.6/CompilerIdC/CMakeCCompilerId.c:177: MINOR:C-G3
./cmake-build-debug/CMakeFiles/3.31.6/CompilerIdC/CMakeCCompilerId.c:177: MAJOR:C-H1
./cmake-build-debug/CMakeFiles/3.31.6/CompilerIdC/CMakeCCompilerId.c:177: MINOR:C-L3
./cmake-build-debug/CMakeFiles/3.31.6/CompilerIdC/CMakeCCompilerId.c:178: MINOR:C-G3
./cmake-build-debug/CMakeFiles/3.31.6/CompilerIdC/CMakeCCompilerId.c:178: MAJOR:C-H1
./cmake-build-debug/CMakeFiles/3.31.6/CompilerIdC/CMakeCCompilerId.c:178: MINOR:C-L3
./cmake-build-debug/CMakeFiles/3.31.6/CompilerIdC/CMakeCCompilerId.c:179: MINOR:C-G3
./cmake-build-debug/CMakeFiles/3.31.6/CompilerIdC/CMakeCCompilerId.c:179: MAJOR:C-H1
./cmake-build-debug/CMakeFiles/3.31.6/CompilerIdC/CMakeCCompilerId.c:179: MINOR:C-L3
./cmake-build-debug/CMakeFiles/3.31.6/CompilerIdC/CMakeCCompilerId.c:182: MINOR:C-G3
./cmake-build-debug/CMakeFiles/3.31.6/CompilerIdC/CMakeCCompilerId.c:182: MAJOR:C-H1
./cmake-build-debug/CMakeFiles/3.31.6/CompilerIdC/CMakeCCompilerId.c:183: MINOR:C-G3
./cmake-build-debug/CMakeFiles/3.31.6/CompilerIdC/CMakeCCompilerId.c:183: MAJOR:C-H1
./cmake-build-debug/CMakeFiles/3.31.6/CompilerIdC/CMakeCCompilerId.c:184: MINOR:C-G3
./cmake-build-debug/CMakeFiles/3.31.6/CompilerIdC/CMakeCCompilerId.c:184: MAJOR:C-H1
./cmake-build-debug/CMakeFiles/3.31.6/CompilerIdC/CMakeCCompilerId.c:185: MINOR:C-G3
./cmake-build-debug/CMakeFiles/3.31.6/CompilerIdC/CMakeCCompilerId.c:185: MAJOR:C-H1
./cmake-build-debug/CMakeFiles/3.31.6/CompilerIdC/CMakeCCompilerId.c:186: MINOR:C-G3
./cmake-build-debug/CMakeFiles/3.31.6/CompilerIdC/CMakeCCompilerId.c:186: MAJOR:C-H1
./cmake-build-debug/CMakeFiles/3.31.6/CompilerIdC/CMakeCCompilerId.c:190: MINOR:C-G3
./cmake-build-debug/CMakeFiles/3.31.6/CompilerIdC/CMakeCCompilerId.c:190: MAJOR:C-H1
./cmake-build-debug/CMakeFiles/3.31.6/CompilerIdC/CMakeCCompilerId.c:191: MINOR:C-G3
./cmake-build-debug/CMakeFiles/3.31.6/CompilerIdC/CMakeCCompilerId.c:191: MAJOR:C-H1
./cmake-build-debug/CMakeFiles/3.31.6/CompilerIdC/CMakeCCompilerId.c:192: MINOR:C-G3
./cmake-build-debug/CMakeFiles/3.31.6/CompilerIdC/CMakeCCompilerId.c:192: MAJOR:C-H1
./cmake-build-debug/CMakeFiles/3.31.6/CompilerIdC/CMakeCCompilerId.c:193: MINOR:C-G3
./cmake-build-debug/CMakeFiles/3.31.6/CompilerIdC/CMakeCCompilerId.c:193: MAJOR:C-H1
./cmake-build-debug/CMakeFiles/3.31.6/CompilerIdC/CMakeCCompilerId.c:194: MINOR:C-G3
./cmake-build-debug/CMakeFiles/3.31.6/CompilerIdC/CMakeCCompilerId.c:194: MAJOR:C-H1
./cmake-build-debug/CMakeFiles/3.31.6/CompilerIdC/CMakeCCompilerId.c:198: MINOR:C-G3
./cmake-build-debug/CMakeFiles/3.31.6/CompilerIdC/CMakeCCompilerId.c:198: MAJOR:C-H1
./cmake-build-debug/CMakeFiles/3.31.6/CompilerIdC/CMakeCCompilerId.c:200: MINOR:C-G3
./cmake-build-debug/CMakeFiles/3.31.6/CompilerIdC/CMakeCCompilerId.c:200: MAJOR:C-H1
./cmake-build-debug/CMakeFiles/3.31.6/CompilerIdC/CMakeCCompilerId.c:200: MINOR:C-L3
./cmake-build-debug/CMakeFiles/3.31.6/CompilerIdC/CMakeCCompilerId.c:201: MINOR:C-G3
./cmake-build-debug/CMakeFiles/3.31.6/CompilerIdC/CMakeCCompilerId.c:201: MAJOR:C-H1
./cmake-build-debug/CMakeFiles/3.31.6/CompilerIdC/CMakeCCompilerId.c:201: MINOR:C-L3
./cmake-build-debug/CMakeFiles/3.31.6/CompilerIdC/CMakeCCompilerId.c:202: MINOR:C-G3
./cmake-build-debug/CMakeFiles/3.31.6/CompilerIdC/CMakeCCompilerId.c:202: MAJOR:C-H1
./cmake-build-debug/CMakeFiles/3.31.6/CompilerIdC/CMakeCCompilerId.c:202: MINOR:C-L3
./cmake-build-debug/CMakeFiles/3.31.6/CompilerIdC/CMakeCCompilerId.c:205: MINOR:C-G3
./cmake-build-debug/CMakeFiles/3.31.6/CompilerIdC/CMakeCCompilerId.c:205: MAJOR:C-H1
./cmake-build-debug/CMakeFiles/3.31.6/CompilerIdC/CMakeCCompilerId.c:207: MINOR:C-G3
./cmake-build-debug/CMakeFiles/3.31.6/CompilerIdC/CMakeCCompilerId.c:207: MAJOR:C-H1
./cmake-build-debug/CMakeFiles/3.31.6/CompilerIdC/CMakeCCompilerId.c:207: MINOR:C-L3
./cmake-build-debug/CMakeFiles/3.31.6/CompilerIdC/CMakeCCompilerId.c:208: MINOR:C-G3
./cmake-build-debug/CMakeFiles/3.31.6/CompilerIdC/CMakeCCompilerId.c:208: MAJOR:C-H1
./cmake-build-debug/CMakeFiles/3.31.6/CompilerIdC/CMakeCCompilerId.c:208: MINOR:C-L3
./cmake-build-debug/CMakeFiles/3.31.6/CompilerIdC/CMakeCCompilerId.c:209: MINOR:C-G3
./cmake-build-debug/CMakeFiles/3.31.6/CompilerIdC/CMakeCCompilerId.c:209: MAJOR:C-H1
./cmake-build-debug/CMakeFiles/3.31.6/CompilerIdC/CMakeCCompilerId.c:209: MINOR:C-L3
./cmake-build-debug/CMakeFiles/3.31.6/CompilerIdC/CMakeCCompilerId.c:212: MINOR:C-G3
./cmake-build-debug/CMakeFiles/3.31.6/CompilerIdC/CMakeCCompilerId.c:212: MAJOR:C-H1
./cmake-build-debug/CMakeFiles/3.31.6/CompilerIdC/CMakeCCompilerId.c:213: MINOR:C-G3
./cmake-build-debug/CMakeFiles/3.31.6/CompilerIdC/CMakeCCompilerId.c:213: MAJOR:C-H1
./cmake-build-debug/CMakeFiles/3.31.6/CompilerIdC/CMakeCCompilerId.c:214: MINOR:C-G3
./cmake-build-debug/CMakeFiles/3.31.6/CompilerIdC/CMakeCCompilerId.c:214: MAJOR:C-H1
./cmake-build-debug/CMakeFiles/3.31.6/CompilerIdC/CMakeCCompilerId.c:216: MINOR:C-G3
./cmake-build-debug/CMakeFiles/3.31.6/CompilerIdC/CMakeCCompilerId.c:216: MAJOR:C-H1
./cmake-build-debug/CMakeFiles/3.31.6/CompilerIdC/CMakeCCompilerId.c:220: MINOR:C-G3
./cmake-build-debug/CMakeFiles/3.31.6/CompilerIdC/CMakeCCompilerId.c:220: MAJOR:C-H1
./cmake-build-debug/CMakeFiles/3.31.6/CompilerIdC/CMakeCCompilerId.c:221: MINOR:C-G3
./cmake-build-debug/CMakeFiles/3.31.6/CompilerIdC/CMakeCCompilerId.c:221: MAJOR:C-H1
./cmake-build-debug/CMakeFiles/3.31.6/CompilerIdC/CMakeCCompilerId.c:222: MINOR:C-G3
./cmake-build-debug/CMakeFiles/3.31.6/CompilerIdC/CMakeCCompilerId.c:222: MAJOR:C-H1
./cmake-build-debug/CMakeFiles/3.31.6/CompilerIdC/CMakeCCompilerId.c:224: MINOR:C-G3
./cmake-build-debug/CMakeFiles/3.31.6/CompilerIdC/CMakeCCompilerId.c:224: MAJOR:C-H1
./cmake-build-debug/CMakeFiles/3.31.6/CompilerIdC/CMakeCCompilerId.c:228: MINOR:C-G3
./cmake-build-debug/CMakeFiles/3.31.6/CompilerIdC/CMakeCCompilerId.c:228: MAJOR:C-H1
./cmake-build-debug/CMakeFiles/3.31.6/CompilerIdC/CMakeCCompilerId.c:229: MINOR:C-G3
./cmake-build-debug/CMakeFiles/3.31.6/CompilerIdC/CMakeCCompilerId.c:229: MAJOR:C-H1
./cmake-build-debug/CMakeFiles/3.31.6/CompilerIdC/CMakeCCompilerId.c:230: MINOR:C-G3
./cmake-build-debug/CMakeFiles/3.31.6/CompilerIdC/CMakeCCompilerId.c:230: MAJOR:C-H1
./cmake-build-debug/CMakeFiles/3.31.6/CompilerIdC/CMakeCCompilerId.c:231: MINOR:C-G3
./cmake-build-debug/CMakeFiles/3.31.6/CompilerIdC/CMakeCCompilerId.c:231: MAJOR:C-H1
./cmake-build-debug/CMakeFiles/3.31.6/CompilerIdC/CMakeCCompilerId.c:232: MINOR:C-G3
./cmake-build-debug/CMakeFiles/3.31.6/CompilerIdC/CMakeCCompilerId.c:232: MAJOR:C-H1
./cmake-build-debug/CMakeFiles/3.31.6/CompilerIdC/CMakeCCompilerId.c:236: MINOR:C-G3
./cmake-build-debug/CMakeFiles/3.31.6/CompilerIdC/CMakeCCompilerId.c:236: MAJOR:C-H1
./cmake-build-debug/CMakeFiles/3.31.6/CompilerIdC/CMakeCCompilerId.c:237: MINOR:C-G3
./cmake-build-debug/CMakeFiles/3.31.6/CompilerIdC/CMakeCCompilerId.c:237: MAJOR:C-H1
./cmake-build-debug/CMakeFiles/3.31.6/CompilerIdC/CMakeCCompilerId.c:238: MINOR:C-G3
./cmake-build-debug/CMakeFiles/3.31.6/CompilerIdC/CMakeCCompilerId.c:238: MAJOR:C-H1
./cmake-build-debug/CMakeFiles/3.31.6/CompilerIdC/CMakeCCompilerId.c:241: MINOR:C-G3
./cmake-build-debug/CMakeFiles/3.31.6/CompilerIdC/CMakeCCompilerId.c:241: MAJOR:C-H1
./cmake-build-debug/CMakeFiles/3.31.6/CompilerIdC/CMakeCCompilerId.c:243: MINOR:C-G3
./cmake-build-debug/CMakeFiles/3.31.6/CompilerIdC/CMakeCCompilerId.c:243: MAJOR:C-H1
./cmake-build-debug/CMakeFiles/3.31.6/CompilerIdC/CMakeCCompilerId.c:243: MINOR:C-L3
./cmake-build-debug/CMakeFiles/3.31.6/CompilerIdC/CMakeCCompilerId.c:244: MINOR:C-G3
./cmake-build-debug/CMakeFiles/3.31.6/CompilerIdC/CMakeCCompilerId.c:244: MAJOR:C-H1
./cmake-build-debug/CMakeFiles/3.31.6/CompilerIdC/CMakeCCompilerId.c:244: MINOR:C-L3
./cmake-build-debug/CMakeFiles/3.31.6/CompilerIdC/CMakeCCompilerId.c:245: MINOR:C-G3
./cmake-build-debug/CMakeFiles/3.31.6/CompilerIdC/CMakeCCompilerId.c:245: MAJOR:C-H1
./cmake-build-debug/CMakeFiles/3.31.6/CompilerIdC/CMakeCCompilerId.c:245: MINOR:C-L3
./cmake-build-debug/CMakeFiles/3.31.6/CompilerIdC/CMakeCCompilerId.c:248: MINOR:C-G3
./cmake-build-debug/CMakeFiles/3.31.6/CompilerIdC/CMakeCCompilerId.c:248: MAJOR:C-H1
./cmake-build-debug/CMakeFiles/3.31.6/CompilerIdC/CMakeCCompilerId.c:249: MINOR:C-G3
./cmake-build-debug/CMakeFiles/3.31.6/CompilerIdC/CMakeCCompilerId.c:249: MAJOR:C-H1
./cmake-build-debug/CMakeFiles/3.31.6/CompilerIdC/CMakeCCompilerId.c:250: MINOR:C-G3
./cmake-build-debug/CMakeFiles/3.31.6/CompilerIdC/CMakeCCompilerId.c:250: MAJOR:C-H1
./cmake-build-debug/CMakeFiles/3.31.6/CompilerIdC/CMakeCCompilerId.c:251: MINOR:C-G3
./cmake-build-debug/CMakeFiles/3.31.6/CompilerIdC/CMakeCCompilerId.c:251: MAJOR:C-H1
./cmake-build-debug/CMakeFiles/3.31.6/CompilerIdC/CMakeCCompilerId.c:252: MINOR:C-G3
./cmake-build-debug/CMakeFiles/3.31.6/CompilerIdC/CMakeCCompilerId.c:252: MAJOR:C-H1
./cmake-build-debug/CMakeFiles/3.31.6/CompilerIdC/CMakeCCompilerId.c:256: MINOR:C-G3
./cmake-build-debug/CMakeFiles/3.31.6/CompilerIdC/CMakeCCompilerId.c:256: MAJOR:C-H1
./cmake-build-debug/CMakeFiles/3.31.6/CompilerIdC/CMakeCCompilerId.c:258: MINOR:C-G3
./cmake-build-debug/CMakeFiles/3.31.6/CompilerIdC/CMakeCCompilerId.c:258: MAJOR:C-H1
./cmake-build-debug/CMakeFiles/3.31.6/CompilerIdC/CMakeCCompilerId.c:260: MINOR:C-G3
./cmake-build-debug/CMakeFiles/3.31.6/CompilerIdC/CMakeCCompilerId.c:260: MAJOR:C-H1
./cmake-build-debug/CMakeFiles/3.31.6/CompilerIdC/CMakeCCompilerId.c:261: MINOR:C-G3
./cmake-build-debug/CMakeFiles/3.31.6/CompilerIdC/CMakeCCompilerId.c:261: MAJOR:C-H1
./cmake-build-debug/CMakeFiles/3.31.6/CompilerIdC/CMakeCCompilerId.c:262: MINOR:C-G3
./cmake-build-debug/CMakeFiles/3.31.6/CompilerIdC/CMakeCCompilerId.c:262: MAJOR:C-H1
./cmake-build-debug/CMakeFiles/3.31.6/CompilerIdC/CMakeCCompilerId.c:265: MINOR:C-G3
./cmake-build-debug/CMakeFiles/3.31.6/CompilerIdC/CMakeCCompilerId.c:265: MAJOR:C-H1
./cmake-build-debug/CMakeFiles/3.31.6/CompilerIdC/CMakeCCompilerId.c:267: MINOR:C-G3
./cmake-build-debug/CMakeFiles/3.31.6/CompilerIdC/CMakeCCompilerId.c:267: MAJOR:C-H1
./cmake-build-debug/CMakeFiles/3.31.6/CompilerIdC/CMakeCCompilerId.c:272: MINOR:C-G3
./cmake-build-debug/CMakeFiles/3.31.6/CompilerIdC/CMakeCCompilerId.c:272: MAJOR:C-H1
./cmake-build-debug/CMakeFiles/3.31.6/CompilerIdC/CMakeCCompilerId.c:275: MINOR:C-G3
./cmake-build-debug/CMakeFiles/3.31.6/CompilerIdC/CMakeCCompilerId.c:275: MAJOR:C-H1
./cmake-build-debug/CMakeFiles/3.31.6/CompilerIdC/CMakeCCompilerId.c:276: MINOR:C-G3
./cmake-build-debug/CMakeFiles/3.31.6/CompilerIdC/CMakeCCompilerId.c:276: MAJOR:C-H1
./cmake-build-debug/CMakeFiles/3.31.6/CompilerIdC/CMakeCCompilerId.c:277: MINOR:C-G3
./cmake-build-debug/CMakeFiles/3.31.6/CompilerIdC/CMakeCCompilerId.c:277: MAJOR:C-H1
./cmake-build-debug/CMakeFiles/3.31.6/CompilerIdC/CMakeCCompilerId.c:277: MINOR:C-L3
./cmake-build-debug/CMakeFiles/3.31.6/CompilerIdC/CMakeCCompilerId.c:281: MINOR:C-G3
./cmake-build-debug/CMakeFiles/3.31.6/CompilerIdC/CMakeCCompilerId.c:281: MAJOR:C-H1
./cmake-build-debug/CMakeFiles/3.31.6/CompilerIdC/CMakeCCompilerId.c:282: MAJOR:C-H1
./cmake-build-debug/CMakeFiles/3.31.6/CompilerIdC/CMakeCCompilerId.c:282: MINOR:C-L3
./cmake-build-debug/CMakeFiles/3.31.6/CompilerIdC/CMakeCCompilerId.c:283: MAJOR:C-H1
./cmake-build-debug/CMakeFiles/3.31.6/CompilerIdC/CMakeCCompilerId.c:284: MINOR:C-G3
./cmake-build-debug/CMakeFiles/3.31.6/CompilerIdC/CMakeCCompilerId.c:284: MAJOR:C-H1
./cmake-build-debug/CMakeFiles/3.31.6/CompilerIdC/CMakeCCompilerId.c:287: MINOR:C-G3
./cmake-build-debug/CMakeFiles/3.31.6/CompilerIdC/CMakeCCompilerId.c:287: MAJOR:C-H1
./cmake-build-debug/CMakeFiles/3.31.6/CompilerIdC/CMakeCCompilerId.c:288: MINOR:C-G3
./cmake-build-debug/CMakeFiles/3.31.6/CompilerIdC/CMakeCCompilerId.c:288: MAJOR:C-H1
./cmake-build-debug/CMakeFiles/3.31.6/CompilerIdC/CMakeCCompilerId.c:289: MINOR:C-G3
./cmake-build-debug/CMakeFiles/3.31.6/CompilerIdC/CMakeCCompilerId.c:289: MAJOR:C-H1
./cmake-build-debug/CMakeFiles/3.31.6/CompilerIdC/CMakeCCompilerId.c:290: MINOR:C-G3
./cmake-build-debug/CMakeFiles/3.31.6/CompilerIdC/CMakeCCompilerId.c:290: MAJOR:C-H1
./cmake-build-debug/CMakeFiles/3.31.6/CompilerIdC/CMakeCCompilerId.c:293: MINOR:C-G3
./cmake-build-debug/CMakeFiles/3.31.6/CompilerIdC/CMakeCCompilerId.c:293: MAJOR:C-H1
./cmake-build-debug/CMakeFiles/3.31.6/CompilerIdC/CMakeCCompilerId.c:296: MINOR:C-G3
./cmake-build-debug/CMakeFiles/3.31.6/CompilerIdC/CMakeCCompilerId.c:296: MAJOR:C-H1
./cmake-build-debug/CMakeFiles/3.31.6/CompilerIdC/CMakeCCompilerId.c:299: MINOR:C-G3
./cmake-build-debug/CMakeFiles/3.31.6/CompilerIdC/CMakeCCompilerId.c:299: MAJOR:C-H1
./cmake-build-debug/CMakeFiles/3.31.6/CompilerIdC/CMakeCCompilerId.c:302: MINOR:C-G3
./cmake-build-debug/CMakeFiles/3.31.6/CompilerIdC/CMakeCCompilerId.c:302: MAJOR:C-H1
./cmake-build-debug/CMakeFiles/3.31.6/CompilerIdC/CMakeCCompilerId.c:305: MAJOR:C-H1
./cmake-build-debug/CMakeFiles/3.31.6/CompilerIdC/CMakeCCompilerId.c:305: MINOR:C-L3
./cmake-build-debug/CMakeFiles/3.31.6/CompilerIdC/CMakeCCompilerId.c:306: MAJOR:C-H1
./cmake-build-debug/CMakeFiles/3.31.6/CompilerIdC/CMakeCCompilerId.c:306: MINOR:C-L3
./cmake-build-debug/CMakeFiles/3.31.6/CompilerIdC/CMakeCCompilerId.c:307: MAJOR:C-H1
./cmake-build-debug/CMakeFiles/3.31.6/CompilerIdC/CMakeCCompilerId.c:307: MINOR:C-L3
./cmake-build-debug/CMakeFiles/3.31.6/CompilerIdC/CMakeCCompilerId.c:310: MAJOR:C-H1
./cmake-build-debug/CMakeFiles/3.31.6/CompilerIdC/CMakeCCompilerId.c:310: MINOR:C-L3
./cmake-build-debug/CMakeFiles/3.31.6/CompilerIdC/CMakeCCompilerId.c:311: MAJOR:C-H1
./cmake-build-debug/CMakeFiles/3.31.6/CompilerIdC/CMakeCCompilerId.c:311: MINOR:C-L3
./cmake-build-debug/CMakeFiles/3.31.6/CompilerIdC/CMakeCCompilerId.c:312: MAJOR:C-H1
./cmake-build-debug/CMakeFiles/3.31.6/CompilerIdC/CMakeCCompilerId.c:312: MINOR:C-L3
./cmake-build-debug/CMakeFiles/3.31.6/CompilerIdC/CMakeCCompilerId.c:317: MINOR:C-G3
./cmake-build-debug/CMakeFiles/3.31.6/CompilerIdC/CMakeCCompilerId.c:317: MAJOR:C-H1
./cmake-build-debug/CMakeFiles/3.31.6/CompilerIdC/CMakeCCompilerId.c:319: MINOR:C-G3
./cmake-build-debug/CMakeFiles/3.31.6/CompilerIdC/CMakeCCompilerId.c:319: MAJOR:C-H1
./cmake-build-debug/CMakeFiles/3.31.6/CompilerIdC/CMakeCCompilerId.c:321: MINOR:C-G3
./cmake-build-debug/CMakeFiles/3.31.6/CompilerIdC/CMakeCCompilerId.c:321: MAJOR:C-H1
./cmake-build-debug/CMakeFiles/3.31.6/CompilerIdC/CMakeCCompilerId.c:322: MINOR:C-G3
./cmake-build-debug/CMakeFiles/3.31.6/CompilerIdC/CMakeCCompilerId.c:322: MAJOR:C-H1
./cmake-build-debug/CMakeFiles/3.31.6/CompilerIdC/CMakeCCompilerId.c:323: MINOR:C-G3
./cmake-build-debug/CMakeFiles/3.31.6/CompilerIdC/CMakeCCompilerId.c:323: MAJOR:C-H1
./cmake-build-debug/CMakeFiles/3.31.6/CompilerIdC/CMakeCCompilerId.c:326: MINOR:C-G3
./cmake-build-debug/CMakeFiles/3.31.6/CompilerIdC/CMakeCCompilerId.c:326: MAJOR:C-H1
./cmake-build-debug/CMakeFiles/3.31.6/CompilerIdC/CMakeCCompilerId.c:327: MINOR:C-G3
./cmake-build-debug/CMakeFiles/3.31.6/CompilerIdC/CMakeCCompilerId.c:327: MAJOR:C-H1
./cmake-build-debug/CMakeFiles/3.31.6/CompilerIdC/CMakeCCompilerId.c:329: MINOR:C-G3
./cmake-build-debug/CMakeFiles/3.31.6/CompilerIdC/CMakeCCompilerId.c:329: MAJOR:C-H1
./cmake-build-debug/CMakeFiles/3.31.6/CompilerIdC/CMakeCCompilerId.c:332: MINOR:C-G3
./cmake-build-debug/CMakeFiles/3.31.6/CompilerIdC/CMakeCCompilerId.c:332: MAJOR:C-H1
./cmake-build-debug/CMakeFiles/3.31.6/CompilerIdC/CMakeCCompilerId.c:333: MAJOR:C-H1
./cmake-build-debug/CMakeFiles/3.31.6/CompilerIdC/CMakeCCompilerId.c:333: MINOR:C-L3
./cmake-build-debug/CMakeFiles/3.31.6/CompilerIdC/CMakeCCompilerId.c:334: MAJOR:C-H1
./cmake-build-debug/CMakeFiles/3.31.6/CompilerIdC/CMakeCCompilerId.c:334: MINOR:C-L3
./cmake-build-debug/CMakeFiles/3.31.6/CompilerIdC/CMakeCCompilerId.c:335: MAJOR:C-H1
./cmake-build-debug/CMakeFiles/3.31.6/CompilerIdC/CMakeCCompilerId.c:335: MINOR:C-L3
./cmake-build-debug/CMakeFiles/3.31.6/CompilerIdC/CMakeCCompilerId.c:336: MINOR:C-G3
./cmake-build-debug/CMakeFiles/3.31.6/CompilerIdC/CMakeCCompilerId.c:336: MAJOR:C-H1
./cmake-build-debug/CMakeFiles/3.31.6/CompilerIdC/CMakeCCompilerId.c:339: MINOR:C-G3
./cmake-build-debug/CMakeFiles/3.31.6/CompilerIdC/CMakeCCompilerId.c:339: MAJOR:C-H1
./cmake-build-debug/CMakeFiles/3.31.6/CompilerIdC/CMakeCCompilerId.c:340: MAJOR:C-H1
./cmake-build-debug/CMakeFiles/3.31.6/CompilerIdC/CMakeCCompilerId.c:341: MAJOR:C-H1
./cmake-build-debug/CMakeFiles/3.31.6/CompilerIdC/CMakeCCompilerId.c:342: MAJOR:C-H1
./cmake-build-debug/CMakeFiles/3.31.6/CompilerIdC/CMakeCCompilerId.c:343: MINOR:C-G3
./cmake-build-debug/CMakeFiles/3.31.6/CompilerIdC/CMakeCCompilerId.c:343: MAJOR:C-H1
./cmake-build-debug/CMakeFiles/3.31.6/CompilerIdC/CMakeCCompilerId.c:346: MINOR:C-G3
./cmake-build-debug/CMakeFiles/3.31.6/CompilerIdC/CMakeCCompilerId.c:346: MAJOR:C-H1
./cmake-build-debug/CMakeFiles/3.31.6/CompilerIdC/CMakeCCompilerId.c:348: MINOR:C-G3
./cmake-build-debug/CMakeFiles/3.31.6/CompilerIdC/CMakeCCompilerId.c:348: MAJOR:C-H1
./cmake-build-debug/CMakeFiles/3.31.6/CompilerIdC/CMakeCCompilerId.c:350: MINOR:C-G3
./cmake-build-debug/CMakeFiles/3.31.6/CompilerIdC/CMakeCCompilerId.c:350: MAJOR:C-H1
./cmake-build-debug/CMakeFiles/3.31.6/CompilerIdC/CMakeCCompilerId.c:351: MINOR:C-G3
./cmake-build-debug/CMakeFiles/3.31.6/CompilerIdC/CMakeCCompilerId.c:351: MAJOR:C-H1
./cmake-build-debug/CMakeFiles/3.31.6/CompilerIdC/CMakeCCompilerId.c:352: MINOR:C-G3
./cmake-build-debug/CMakeFiles/3.31.6/CompilerIdC/CMakeCCompilerId.c:352: MAJOR:C-H1
./cmake-build-debug/CMakeFiles/3.31.6/CompilerIdC/CMakeCCompilerId.c:355: MINOR:C-G3
./cmake-build-debug/CMakeFiles/3.31.6/CompilerIdC/CMakeCCompilerId.c:355: MAJOR:C-H1
./cmake-build-debug/CMakeFiles/3.31.6/CompilerIdC/CMakeCCompilerId.c:356: MINOR:C-G3
./cmake-build-debug/CMakeFiles/3.31.6/CompilerIdC/CMakeCCompilerId.c:356: MAJOR:C-H1
./cmake-build-debug/CMakeFiles/3.31.6/CompilerIdC/CMakeCCompilerId.c:359: MAJOR:C-F3
./cmake-build-debug/CMakeFiles/3.31.6/CompilerIdC/CMakeCCompilerId.c:360: MINOR:C-G3
./cmake-build-debug/CMakeFiles/3.31.6/CompilerIdC/CMakeCCompilerId.c:360: MAJOR:C-H1
./cmake-build-debug/CMakeFiles/3.31.6/CompilerIdC/CMakeCCompilerId.c:361: MINOR:C-G3
./cmake-build-debug/CMakeFiles/3.31.6/CompilerIdC/CMakeCCompilerId.c:361: MAJOR:C-H1
./cmake-build-debug/CMakeFiles/3.31.6/CompilerIdC/CMakeCCompilerId.c:362: MINOR:C-G3
./cmake-build-debug/CMakeFiles/3.31.6/CompilerIdC/CMakeCCompilerId.c:362: MAJOR:C-H1
./cmake-build-debug/CMakeFiles/3.31.6/CompilerIdC/CMakeCCompilerId.c:364: MINOR:C-G3
./cmake-build-debug/CMakeFiles/3.31.6/CompilerIdC/CMakeCCompilerId.c:364: MAJOR:C-H1
./cmake-build-debug/CMakeFiles/3.31.6/CompilerIdC/CMakeCCompilerId.c:367: MINOR:C-G3
./cmake-build-debug/CMakeFiles/3.31.6/CompilerIdC/CMakeCCompilerId.c:367: MAJOR:C-H1
./cmake-build-debug/CMakeFiles/3.31.6/CompilerIdC/CMakeCCompilerId.c:368: MINOR:C-G3
./cmake-build-debug/CMakeFiles/3.31.6/CompilerIdC/CMakeCCompilerId.c:368: MAJOR:C-H1
./cmake-build-debug/CMakeFiles/3.31.6/CompilerIdC/CMakeCCompilerId.c:369: MINOR:C-G3
./cmake-build-debug/CMakeFiles/3.31.6/CompilerIdC/CMakeCCompilerId.c:369: MAJOR:C-H1
./cmake-build-debug/CMakeFiles/3.31.6/CompilerIdC/CMakeCCompilerId.c:371: MINOR:C-G3
./cmake-build-debug/CMakeFiles/3.31.6/CompilerIdC/CMakeCCompilerId.c:371: MAJOR:C-H1
./cmake-build-debug/CMakeFiles/3.31.6/CompilerIdC/CMakeCCompilerId.c:376: MINOR:C-G3
./cmake-build-debug/CMakeFiles/3.31.6/CompilerIdC/CMakeCCompilerId.c:376: MAJOR:C-H1
./cmake-build-debug/CMakeFiles/3.31.6/CompilerIdC/CMakeCCompilerId.c:377: MINOR:C-G3
./cmake-build-debug/CMakeFiles/3.31.6/CompilerIdC/CMakeCCompilerId.c:377: MAJOR:C-H1
./cmake-build-debug/CMakeFiles/3.31.6/CompilerIdC/CMakeCCompilerId.c:379: MINOR:C-G3
./cmake-build-debug/CMakeFiles/3.31.6/CompilerIdC/CMakeCCompilerId.c:379: MAJOR:C-H1
./cmake-build-debug/CMakeFiles/3.31.6/CompilerIdC/CMakeCCompilerId.c:382: MINOR:C-G3
./cmake-build-debug/CMakeFiles/3.31.6/CompilerIdC/CMakeCCompilerId.c:382: MAJOR:C-H1
./cmake-build-debug/CMakeFiles/3.31.6/CompilerIdC/CMakeCCompilerId.c:386: MINOR:C-G3
./cmake-build-debug/CMakeFiles/3.31.6/CompilerIdC/CMakeCCompilerId.c:386: MAJOR:C-H1
./cmake-build-debug/CMakeFiles/3.31.6/CompilerIdC/CMakeCCompilerId.c:388: MINOR:C-G3
./cmake-build-debug/CMakeFiles/3.31.6/CompilerIdC/CMakeCCompilerId.c:388: MAJOR:C-H1
./cmake-build-debug/CMakeFiles/3.31.6/CompilerIdC/CMakeCCompilerId.c:389: MINOR:C-G3
./cmake-build-debug/CMakeFiles/3.31.6/CompilerIdC/CMakeCCompilerId.c:389: MAJOR:C-H1
./cmake-build-debug/CMakeFiles/3.31.6/CompilerIdC/CMakeCCompilerId.c:393: MINOR:C-G3
./cmake-build-debug/CMakeFiles/3.31.6/CompilerIdC/CMakeCCompilerId.c:393: MAJOR:C-H1
./cmake-build-debug/CMakeFiles/3.31.6/CompilerIdC/CMakeCCompilerId.c:396: MINOR:C-G3
./cmake-build-debug/CMakeFiles/3.31.6/CompilerIdC/CMakeCCompilerId.c:396: MAJOR:C-H1
./cmake-build-debug/CMakeFiles/3.31.6/CompilerIdC/CMakeCCompilerId.c:400: MINOR:C-G3
./cmake-build-debug/CMakeFiles/3.31.6/CompilerIdC/CMakeCCompilerId.c:400: MAJOR:C-H1
./cmake-build-debug/CMakeFiles/3.31.6/CompilerIdC/CMakeCCompilerId.c:404: MINOR:C-G3
./cmake-build-debug/CMakeFiles/3.31.6/CompilerIdC/CMakeCCompilerId.c:404: MAJOR:C-H1
./cmake-build-debug/CMakeFiles/3.31.6/CompilerIdC/CMakeCCompilerId.c:407: MINOR:C-G3
./cmake-build-debug/CMakeFiles/3.31.6/CompilerIdC/CMakeCCompilerId.c:407: MAJOR:C-H1
./cmake-build-debug/CMakeFiles/3.31.6/CompilerIdC/CMakeCCompilerId.c:408: MINOR:C-G3
./cmake-build-debug/CMakeFiles/3.31.6/CompilerIdC/CMakeCCompilerId.c:408: MAJOR:C-H1
./cmake-build-debug/CMakeFiles/3.31.6/CompilerIdC/CMakeCCompilerId.c:409: MINOR:C-G3
./cmake-build-debug/CMakeFiles/3.31.6/CompilerIdC/CMakeCCompilerId.c:409: MAJOR:C-H1
./cmake-build-debug/CMakeFiles/3.31.6/CompilerIdC/CMakeCCompilerId.c:410: MINOR:C-G3
./cmake-build-debug/CMakeFiles/3.31.6/CompilerIdC/CMakeCCompilerId.c:410: MAJOR:C-H1
./cmake-build-debug/CMakeFiles/3.31.6/CompilerIdC/CMakeCCompilerId.c:414: MINOR:C-G3
./cmake-build-debug/CMakeFiles/3.31.6/CompilerIdC/CMakeCCompilerId.c:414: MAJOR:C-H1
./cmake-build-debug/CMakeFiles/3.31.6/CompilerIdC/CMakeCCompilerId.c:416: MINOR:C-G3
./cmake-build-debug/CMakeFiles/3.31.6/CompilerIdC/CMakeCCompilerId.c:416: MAJOR:C-H1
./cmake-build-debug/CMakeFiles/3.31.6/CompilerIdC/CMakeCCompilerId.c:417: MINOR:C-G3
./cmake-build-debug/CMakeFiles/3.31.6/CompilerIdC/CMakeCCompilerId.c:417: MAJOR:C-H1
./cmake-build-debug/CMakeFiles/3.31.6/CompilerIdC/CMakeCCompilerId.c:418: MINOR:C-G3
./cmake-build-debug/CMakeFiles/3.31.6/CompilerIdC/CMakeCCompilerId.c:418: MAJOR:C-H1
./cmake-build-debug/CMakeFiles/3.31.6/CompilerIdC/CMakeCCompilerId.c:419: MINOR:C-G3
./cmake-build-debug/CMakeFiles/3.31.6/CompilerIdC/CMakeCCompilerId.c:419: MAJOR:C-H1
./cmake-build-debug/CMakeFiles/3.31.6/CompilerIdC/CMakeCCompilerId.c:420: MAJOR:C-F3
./cmake-build-debug/CMakeFiles/3.31.6/CompilerIdC/CMakeCCompilerId.c:421: MINOR:C-G3
./cmake-build-debug/CMakeFiles/3.31.6/CompilerIdC/CMakeCCompilerId.c:421: MAJOR:C-H1
./cmake-build-debug/CMakeFiles/3.31.6/CompilerIdC/CMakeCCompilerId.c:422: MINOR:C-G3
./cmake-build-debug/CMakeFiles/3.31.6/CompilerIdC/CMakeCCompilerId.c:422: MAJOR:C-H1
./cmake-build-debug/CMakeFiles/3.31.6/CompilerIdC/CMakeCCompilerId.c:423: MINOR:C-G3
./cmake-build-debug/CMakeFiles/3.31.6/CompilerIdC/CMakeCCompilerId.c:423: MAJOR:C-H1
./cmake-build-debug/CMakeFiles/3.31.6/CompilerIdC/CMakeCCompilerId.c:424: MINOR:C-G3
./cmake-build-debug/CMakeFiles/3.31.6/CompilerIdC/CMakeCCompilerId.c:424: MAJOR:C-H1
./cmake-build-debug/CMakeFiles/3.31.6/CompilerIdC/CMakeCCompilerId.c:428: MINOR:C-G3
./cmake-build-debug/CMakeFiles/3.31.6/CompilerIdC/CMakeCCompilerId.c:428: MAJOR:C-H1
./cmake-build-debug/CMakeFiles/3.31.6/CompilerIdC/CMakeCCompilerId.c:430: MINOR:C-G3
./cmake-build-debug/CMakeFiles/3.31.6/CompilerIdC/CMakeCCompilerId.c:430: MAJOR:C-H1
./cmake-build-debug/CMakeFiles/3.31.6/CompilerIdC/CMakeCCompilerId.c:431: MINOR:C-G3
./cmake-build-debug/CMakeFiles/3.31.6/CompilerIdC/CMakeCCompilerId.c:431: MAJOR:C-H1
./cmake-build-debug/CMakeFiles/3.31.6/CompilerIdC/CMakeCCompilerId.c:432: MINOR:C-G3
./cmake-build-debug/CMakeFiles/3.31.6/CompilerIdC/CMakeCCompilerId.c:432: MAJOR:C-H1
./cmake-build-debug/CMakeFiles/3.31.6/CompilerIdC/CMakeCCompilerId.c:435: MINOR:C-G3
./cmake-build-debug/CMakeFiles/3.31.6/CompilerIdC/CMakeCCompilerId.c:435: MAJOR:C-H1
./cmake-build-debug/CMakeFiles/3.31.6/CompilerIdC/CMakeCCompilerId.c:435: MINOR:C-L3
./cmake-build-debug/CMakeFiles/3.31.6/CompilerIdC/CMakeCCompilerId.c:436: MINOR:C-G3
./cmake-build-debug/CMakeFiles/3.31.6/CompilerIdC/CMakeCCompilerId.c:436: MAJOR:C-H1
./cmake-build-debug/CMakeFiles/3.31.6/CompilerIdC/CMakeCCompilerId.c:436: MINOR:C-L3
./cmake-build-debug/CMakeFiles/3.31.6/CompilerIdC/CMakeCCompilerId.c:437: MINOR:C-G3
./cmake-build-debug/CMakeFiles/3.31.6/CompilerIdC/CMakeCCompilerId.c:437: MAJOR:C-H1
./cmake-build-debug/CMakeFiles/3.31.6/CompilerIdC/CMakeCCompilerId.c:437: MINOR:C-L3
./cmake-build-debug/CMakeFiles/3.31.6/CompilerIdC/CMakeCCompilerId.c:445: MINOR:C-G3
./cmake-build-debug/CMakeFiles/3.31.6/CompilerIdC/CMakeCCompilerId.c:445: MAJOR:C-H1
./cmake-build-debug/CMakeFiles/3.31.6/CompilerIdC/CMakeCCompilerId.c:448: MINOR:C-G3
./cmake-build-debug/CMakeFiles/3.31.6/CompilerIdC/CMakeCCompilerId.c:448: MAJOR:C-H1
./cmake-build-debug/CMakeFiles/3.31.6/CompilerIdC/CMakeCCompilerId.c:455: MINOR:C-V3
./cmake-build-debug/CMakeFiles/3.31.6/CompilerIdC/CMakeCCompilerId.c:457: MINOR:C-V3
./cmake-build-debug/CMakeFiles/3.31.6/CompilerIdC/CMakeCCompilerId.c:461: MINOR:C-V3
./cmake-build-debug/CMakeFiles/3.31.6/CompilerIdC/CMakeCCompilerId.c:468: MAJOR:C-H1
./cmake-build-debug/CMakeFiles/3.31.6/CompilerIdC/CMakeCCompilerId.c:469: MAJOR:C-H1
./cmake-build-debug/CMakeFiles/3.31.6/CompilerIdC/CMakeCCompilerId.c:473: MINOR:C-G3
./cmake-build-debug/CMakeFiles/3.31.6/CompilerIdC/CMakeCCompilerId.c:473: MAJOR:C-H1
./cmake-build-debug/CMakeFiles/3.31.6/CompilerIdC/CMakeCCompilerId.c:476: MINOR:C-G3
./cmake-build-debug/CMakeFiles/3.31.6/CompilerIdC/CMakeCCompilerId.c:476: MAJOR:C-H1
./cmake-build-debug/CMakeFiles/3.31.6/CompilerIdC/CMakeCCompilerId.c:479: MINOR:C-G3
./cmake-build-debug/CMakeFiles/3.31.6/CompilerIdC/CMakeCCompilerId.c:479: MAJOR:C-H1
./cmake-build-debug/CMakeFiles/3.31.6/CompilerIdC/CMakeCCompilerId.c:482: MINOR:C-G3
./cmake-build-debug/CMakeFiles/3.31.6/CompilerIdC/CMakeCCompilerId.c:482: MAJOR:C-H1
./cmake-build-debug/CMakeFiles/3.31.6/CompilerIdC/CMakeCCompilerId.c:485: MINOR:C-G3
./cmake-build-debug/CMakeFiles/3.31.6/CompilerIdC/CMakeCCompilerId.c:485: MAJOR:C-H1
./cmake-build-debug/CMakeFiles/3.31.6/CompilerIdC/CMakeCCompilerId.c:488: MINOR:C-G3
./cmake-build-debug/CMakeFiles/3.31.6/CompilerIdC/CMakeCCompilerId.c:488: MAJOR:C-H1
./cmake-build-debug/CMakeFiles/3.31.6/CompilerIdC/CMakeCCompilerId.c:491: MINOR:C-G3
./cmake-build-debug/CMakeFiles/3.31.6/CompilerIdC/CMakeCCompilerId.c:491: MAJOR:C-H1
./cmake-build-debug/CMakeFiles/3.31.6/CompilerIdC/CMakeCCompilerId.c:494: MINOR:C-G3
./cmake-build-debug/CMakeFiles/3.31.6/CompilerIdC/CMakeCCompilerId.c:494: MAJOR:C-H1
./cmake-build-debug/CMakeFiles/3.31.6/CompilerIdC/CMakeCCompilerId.c:497: MINOR:C-G3
./cmake-build-debug/CMakeFiles/3.31.6/CompilerIdC/CMakeCCompilerId.c:497: MAJOR:C-H1
./cmake-build-debug/CMakeFiles/3.31.6/CompilerIdC/CMakeCCompilerId.c:500: MINOR:C-G3
./cmake-build-debug/CMakeFiles/3.31.6/CompilerIdC/CMakeCCompilerId.c:500: MAJOR:C-H1
./cmake-build-debug/CMakeFiles/3.31.6/CompilerIdC/CMakeCCompilerId.c:502: MAJOR:C-F3
./cmake-build-debug/CMakeFiles/3.31.6/CompilerIdC/CMakeCCompilerId.c:503: MINOR:C-G3
./cmake-build-debug/CMakeFiles/3.31.6/CompilerIdC/CMakeCCompilerId.c:503: MAJOR:C-H1
./cmake-build-debug/CMakeFiles/3.31.6/CompilerIdC/CMakeCCompilerId.c:506: MINOR:C-G3
./cmake-build-debug/CMakeFiles/3.31.6/CompilerIdC/CMakeCCompilerId.c:506: MAJOR:C-H1
./cmake-build-debug/CMakeFiles/3.31.6/CompilerIdC/CMakeCCompilerId.c:509: MINOR:C-G3
./cmake-build-debug/CMakeFiles/3.31.6/CompilerIdC/CMakeCCompilerId.c:509: MAJOR:C-H1
./cmake-build-debug/CMakeFiles/3.31.6/CompilerIdC/CMakeCCompilerId.c:512: MINOR:C-G3
./cmake-build-debug/CMakeFiles/3.31.6/CompilerIdC/CMakeCCompilerId.c:512: MAJOR:C-H1
./cmake-build-debug/CMakeFiles/3.31.6/CompilerIdC/CMakeCCompilerId.c:515: MINOR:C-G3
./cmake-build-debug/CMakeFiles/3.31.6/CompilerIdC/CMakeCCompilerId.c:515: MAJOR:C-H1
./cmake-build-debug/CMakeFiles/3.31.6/CompilerIdC/CMakeCCompilerId.c:518: MINOR:C-G3
./cmake-build-debug/CMakeFiles/3.31.6/CompilerIdC/CMakeCCompilerId.c:518: MAJOR:C-H1
./cmake-build-debug/CMakeFiles/3.31.6/CompilerIdC/CMakeCCompilerId.c:521: MINOR:C-G3
./cmake-build-debug/CMakeFiles/3.31.6/CompilerIdC/CMakeCCompilerId.c:521: MAJOR:C-H1
./cmake-build-debug/CMakeFiles/3.31.6/CompilerIdC/CMakeCCompilerId.c:524: MINOR:C-G3
./cmake-build-debug/CMakeFiles/3.31.6/CompilerIdC/CMakeCCompilerId.c:524: MAJOR:C-H1
./cmake-build-debug/CMakeFiles/3.31.6/CompilerIdC/CMakeCCompilerId.c:527: MINOR:C-G3
./cmake-build-debug/CMakeFiles/3.31.6/CompilerIdC/CMakeCCompilerId.c:527: MAJOR:C-H1
./cmake-build-debug/CMakeFiles/3.31.6/CompilerIdC/CMakeCCompilerId.c:530: MINOR:C-G3
./cmake-build-debug/CMakeFiles/3.31.6/CompilerIdC/CMakeCCompilerId.c:530: MAJOR:C-H1
./cmake-build-debug/CMakeFiles/3.31.6/CompilerIdC/CMakeCCompilerId.c:533: MINOR:C-G3
./cmake-build-debug/CMakeFiles/3.31.6/CompilerIdC/CMakeCCompilerId.c:533: MAJOR:C-H1
./cmake-build-debug/CMakeFiles/3.31.6/CompilerIdC/CMakeCCompilerId.c:536: MINOR:C-G3
./cmake-build-debug/CMakeFiles/3.31.6/CompilerIdC/CMakeCCompilerId.c:536: MAJOR:C-H1
./cmake-build-debug/CMakeFiles/3.31.6/CompilerIdC/CMakeCCompilerId.c:539: MINOR:C-G3
./cmake-build-debug/CMakeFiles/3.31.6/CompilerIdC/CMakeCCompilerId.c:539: MAJOR:C-H1
./cmake-build-debug/CMakeFiles/3.31.6/CompilerIdC/CMakeCCompilerId.c:542: MINOR:C-G3
./cmake-build-debug/CMakeFiles/3.31.6/CompilerIdC/CMakeCCompilerId.c:542: MAJOR:C-H1
./cmake-build-debug/CMakeFiles/3.31.6/CompilerIdC/CMakeCCompilerId.c:545: MINOR:C-G3
./cmake-build-debug/CMakeFiles/3.31.6/CompilerIdC/CMakeCCompilerId.c:545: MAJOR:C-H1
./cmake-build-debug/CMakeFiles/3.31.6/CompilerIdC/CMakeCCompilerId.c:549: MINOR:C-G3
./cmake-build-debug/CMakeFiles/3.31.6/CompilerIdC/CMakeCCompilerId.c:549: MAJOR:C-H1
./cmake-build-debug/CMakeFiles/3.31.6/CompilerIdC/CMakeCCompilerId.c:552: MINOR:C-G3
./cmake-build-debug/CMakeFiles/3.31.6/CompilerIdC/CMakeCCompilerId.c:552: MAJOR:C-H1
./cmake-build-debug/CMakeFiles/3.31.6/CompilerIdC/CMakeCCompilerId.c:555: MINOR:C-G3
./cmake-build-debug/CMakeFiles/3.31.6/CompilerIdC/CMakeCCompilerId.c:555: MAJOR:C-H1
./cmake-build-debug/CMakeFiles/3.31.6/CompilerIdC/CMakeCCompilerId.c:558: MINOR:C-G3
./cmake-build-debug/CMakeFiles/3.31.6/CompilerIdC/CMakeCCompilerId.c:558: MAJOR:C-H1
./cmake-build-debug/CMakeFiles/3.31.6/CompilerIdC/CMakeCCompilerId.c:561: MINOR:C-G3
./cmake-build-debug/CMakeFiles/3.31.6/CompilerIdC/CMakeCCompilerId.c:561: MAJOR:C-H1
./cmake-build-debug/CMakeFiles/3.31.6/CompilerIdC/CMakeCCompilerId.c:564: MINOR:C-G3
./cmake-build-debug/CMakeFiles/3.31.6/CompilerIdC/CMakeCCompilerId.c:569: MINOR:C-G3
./cmake-build-debug/CMakeFiles/3.31.6/CompilerIdC/CMakeCCompilerId.c:569: MAJOR:C-H1
./cmake-build-debug/CMakeFiles/3.31.6/CompilerIdC/CMakeCCompilerId.c:572: MINOR:C-G3
./cmake-build-debug/CMakeFiles/3.31.6/CompilerIdC/CMakeCCompilerId.c:572: MAJOR:C-H1
./cmake-build-debug/CMakeFiles/3.31.6/CompilerIdC/CMakeCCompilerId.c:576: MINOR:C-G3
./cmake-build-debug/CMakeFiles/3.31.6/CompilerIdC/CMakeCCompilerId.c:576: MAJOR:C-H1
./cmake-build-debug/CMakeFiles/3.31.6/CompilerIdC/CMakeCCompilerId.c:579: MINOR:C-G3
./cmake-build-debug/CMakeFiles/3.31.6/CompilerIdC/CMakeCCompilerId.c:590: MINOR:C-G3
./cmake-build-debug/CMakeFiles/3.31.6/CompilerIdC/CMakeCCompilerId.c:590: MAJOR:C-H1
./cmake-build-debug/CMakeFiles/3.31.6/CompilerIdC/CMakeCCompilerId.c:593: MINOR:C-G3
./cmake-build-debug/CMakeFiles/3.31.6/CompilerIdC/CMakeCCompilerId.c:593: MAJOR:C-H1
./cmake-build-debug/CMakeFiles/3.31.6/CompilerIdC/CMakeCCompilerId.c:596: MINOR:C-G3
./cmake-build-debug/CMakeFiles/3.31.6/CompilerIdC/CMakeCCompilerId.c:596: MAJOR:C-H1
./cmake-build-debug/CMakeFiles/3.31.6/CompilerIdC/CMakeCCompilerId.c:599: MINOR:C-G3
./cmake-build-debug/CMakeFiles/3.31.6/CompilerIdC/CMakeCCompilerId.c:599: MAJOR:C-H1
./cmake-build-debug/CMakeFiles/3.31.6/CompilerIdC/CMakeCCompilerId.c:602: MINOR:C-G3
./cmake-build-debug/CMakeFiles/3.31.6/CompilerIdC/CMakeCCompilerId.c:602: MAJOR:C-H1
./cmake-build-debug/CMakeFiles/3.31.6/CompilerIdC/CMakeCCompilerId.c:606: MINOR:C-G3
./cmake-build-debug/CMakeFiles/3.31.6/CompilerIdC/CMakeCCompilerId.c:606: MAJOR:C-H1
./cmake-build-debug/CMakeFiles/3.31.6/CompilerIdC/CMakeCCompilerId.c:608: MINOR:C-G3
./cmake-build-debug/CMakeFiles/3.31.6/CompilerIdC/CMakeCCompilerId.c:608: MAJOR:C-H1
./cmake-build-debug/CMakeFiles/3.31.6/CompilerIdC/CMakeCCompilerId.c:610: MINOR:C-G3
./cmake-build-debug/CMakeFiles/3.31.6/CompilerIdC/CMakeCCompilerId.c:610: MAJOR:C-H1
./cmake-build-debug/CMakeFiles/3.31.6/CompilerIdC/CMakeCCompilerId.c:614: MINOR:C-G3
./cmake-build-debug/CMakeFiles/3.31.6/CompilerIdC/CMakeCCompilerId.c:614: MAJOR:C-H1
./cmake-build-debug/CMakeFiles/3.31.6/CompilerIdC/CMakeCCompilerId.c:617: MINOR:C-G3
./cmake-build-debug/CMakeFiles/3.31.6/CompilerIdC/CMakeCCompilerId.c:617: MAJOR:C-H1
./cmake-build-debug/CMakeFiles/3.31.6/CompilerIdC/CMakeCCompilerId.c:620: MINOR:C-G3
./cmake-build-debug/CMakeFiles/3.31.6/CompilerIdC/CMakeCCompilerId.c:620: MAJOR:C-H1
./cmake-build-debug/CMakeFiles/3.31.6/CompilerIdC/CMakeCCompilerId.c:625: MINOR:C-G3
./cmake-build-debug/CMakeFiles/3.31.6/CompilerIdC/CMakeCCompilerId.c:625: MAJOR:C-H1
./cmake-build-debug/CMakeFiles/3.31.6/CompilerIdC/CMakeCCompilerId.c:628: MINOR:C-G3
./cmake-build-debug/CMakeFiles/3.31.6/CompilerIdC/CMakeCCompilerId.c:628: MAJOR:C-H1
./cmake-build-debug/CMakeFiles/3.31.6/CompilerIdC/CMakeCCompilerId.c:631: MINOR:C-G3
./cmake-build-debug/CMakeFiles/3.31.6/CompilerIdC/CMakeCCompilerId.c:631: MAJOR:C-H1
./cmake-build-debug/CMakeFiles/3.31.6/CompilerIdC/CMakeCCompilerId.c:636: MINOR:C-G3
./cmake-build-debug/CMakeFiles/3.31.6/CompilerIdC/CMakeCCompilerId.c:636: MAJOR:C-H1
./cmake-build-debug/CMakeFiles/3.31.6/CompilerIdC/CMakeCCompilerId.c:639: MINOR:C-G3
./cmake-build-debug/CMakeFiles/3.31.6/CompilerIdC/CMakeCCompilerId.c:639: MAJOR:C-H1
./cmake-build-debug/CMakeFiles/3.31.6/CompilerIdC/CMakeCCompilerId.c:642: MINOR:C-G3
./cmake-build-debug/CMakeFiles/3.31.6/CompilerIdC/CMakeCCompilerId.c:642: MAJOR:C-H1
./cmake-build-debug/CMakeFiles/3.31.6/CompilerIdC/CMakeCCompilerId.c:645: MINOR:C-G3
./cmake-build-debug/CMakeFiles/3.31.6/CompilerIdC/CMakeCCompilerId.c:645: MAJOR:C-H1
./cmake-build-debug/CMakeFiles/3.31.6/CompilerIdC/CMakeCCompilerId.c:648: MINOR:C-G3
./cmake-build-debug/CMakeFiles/3.31.6/CompilerIdC/CMakeCCompilerId.c:648: MAJOR:C-H1
./cmake-build-debug/CMakeFiles/3.31.6/CompilerIdC/CMakeCCompilerId.c:651: MINOR:C-G3
./cmake-build-debug/CMakeFiles/3.31.6/CompilerIdC/CMakeCCompilerId.c:651: MAJOR:C-H1
./cmake-build-debug/CMakeFiles/3.31.6/CompilerIdC/CMakeCCompilerId.c:654: MINOR:C-G3
./cmake-build-debug/CMakeFiles/3.31.6/CompilerIdC/CMakeCCompilerId.c:654: MAJOR:C-H1
./cmake-build-debug/CMakeFiles/3.31.6/CompilerIdC/CMakeCCompilerId.c:657: MINOR:C-G3
./cmake-build-debug/CMakeFiles/3.31.6/CompilerIdC/CMakeCCompilerId.c:657: MAJOR:C-H1
./cmake-build-debug/CMakeFiles/3.31.6/CompilerIdC/CMakeCCompilerId.c:660: MINOR:C-G3
./cmake-build-debug/CMakeFiles/3.31.6/CompilerIdC/CMakeCCompilerId.c:660: MAJOR:C-H1
./cmake-build-debug/CMakeFiles/3.31.6/CompilerIdC/CMakeCCompilerId.c:663: MINOR:C-G3
./cmake-build-debug/CMakeFiles/3.31.6/CompilerIdC/CMakeCCompilerId.c:663: MAJOR:C-H1
./cmake-build-debug/CMakeFiles/3.31.6/CompilerIdC/CMakeCCompilerId.c:666: MINOR:C-G3
./cmake-build-debug/CMakeFiles/3.31.6/CompilerIdC/CMakeCCompilerId.c:666: MAJOR:C-H1
./cmake-build-debug/CMakeFiles/3.31.6/CompilerIdC/CMakeCCompilerId.c:671: MINOR:C-G3
./cmake-build-debug/CMakeFiles/3.31.6/CompilerIdC/CMakeCCompilerId.c:671: MAJOR:C-H1
./cmake-build-debug/CMakeFiles/3.31.6/CompilerIdC/CMakeCCompilerId.c:674: MINOR:C-G3
./cmake-build-debug/CMakeFiles/3.31.6/CompilerIdC/CMakeCCompilerId.c:674: MAJOR:C-H1
./cmake-build-debug/CMakeFiles/3.31.6/CompilerIdC/CMakeCCompilerId.c:677: MINOR:C-G3
./cmake-build-debug/CMakeFiles/3.31.6/CompilerIdC/CMakeCCompilerId.c:677: MAJOR:C-H1
./cmake-build-debug/CMakeFiles/3.31.6/CompilerIdC/CMakeCCompilerId.c:680: MINOR:C-G3
./cmake-build-debug/CMakeFiles/3.31.6/CompilerIdC/CMakeCCompilerId.c:680: MAJOR:C-H1
./cmake-build-debug/CMakeFiles/3.31.6/CompilerIdC/CMakeCCompilerId.c:683: MINOR:C-G3
./cmake-build-debug/CMakeFiles/3.31.6/CompilerIdC/CMakeCCompilerId.c:683: MAJOR:C-H1
./cmake-build-debug/CMakeFiles/3.31.6/CompilerIdC/CMakeCCompilerId.c:686: MINOR:C-G3
./cmake-build-debug/CMakeFiles/3.31.6/CompilerIdC/CMakeCCompilerId.c:686: MAJOR:C-H1
./cmake-build-debug/CMakeFiles/3.31.6/CompilerIdC/CMakeCCompilerId.c:691: MINOR:C-G3
./cmake-build-debug/CMakeFiles/3.31.6/CompilerIdC/CMakeCCompilerId.c:691: MAJOR:C-H1
./cmake-build-debug/CMakeFiles/3.31.6/CompilerIdC/CMakeCCompilerId.c:694: MINOR:C-G3
./cmake-build-debug/CMakeFiles/3.31.6/CompilerIdC/CMakeCCompilerId.c:694: MAJOR:C-H1
./cmake-build-debug/CMakeFiles/3.31.6/CompilerIdC/CMakeCCompilerId.c:699: MINOR:C-G3
./cmake-build-debug/CMakeFiles/3.31.6/CompilerIdC/CMakeCCompilerId.c:699: MAJOR:C-H1
./cmake-build-debug/CMakeFiles/3.31.6/CompilerIdC/CMakeCCompilerId.c:702: MINOR:C-G3
./cmake-build-debug/CMakeFiles/3.31.6/CompilerIdC/CMakeCCompilerId.c:702: MAJOR:C-H1
./cmake-build-debug/CMakeFiles/3.31.6/CompilerIdC/CMakeCCompilerId.c:705: MINOR:C-G3
./cmake-build-debug/CMakeFiles/3.31.6/CompilerIdC/CMakeCCompilerId.c:705: MAJOR:C-H1
./cmake-build-debug/CMakeFiles/3.31.6/CompilerIdC/CMakeCCompilerId.c:708: MINOR:C-G3
./cmake-build-debug/CMakeFiles/3.31.6/CompilerIdC/CMakeCCompilerId.c:708: MAJOR:C-H1
./cmake-build-debug/CMakeFiles/3.31.6/CompilerIdC/CMakeCCompilerId.c:711: MINOR:C-G3
./cmake-build-debug/CMakeFiles/3.31.6/CompilerIdC/CMakeCCompilerId.c:711: MAJOR:C-H1
./cmake-build-debug/CMakeFiles/3.31.6/CompilerIdC/CMakeCCompilerId.c:715: MINOR:C-G3
./cmake-build-debug/CMakeFiles/3.31.6/CompilerIdC/CMakeCCompilerId.c:715: MAJOR:C-H1
./cmake-build-debug/CMakeFiles/3.31.6/CompilerIdC/CMakeCCompilerId.c:718: MINOR:C-G3
./cmake-build-debug/CMakeFiles/3.31.6/CompilerIdC/CMakeCCompilerId.c:718: MAJOR:C-H1
./cmake-build-debug/CMakeFiles/3.31.6/CompilerIdC/CMakeCCompilerId.c:723: MINOR:C-G3
./cmake-build-debug/CMakeFiles/3.31.6/CompilerIdC/CMakeCCompilerId.c:723: MAJOR:C-H1
./cmake-build-debug/CMakeFiles/3.31.6/CompilerIdC/CMakeCCompilerId.c:726: MINOR:C-G3
./cmake-build-debug/CMakeFiles/3.31.6/CompilerIdC/CMakeCCompilerId.c:726: MAJOR:C-H1
./cmake-build-debug/CMakeFiles/3.31.6/CompilerIdC/CMakeCCompilerId.c:729: MINOR:C-G3
./cmake-build-debug/CMakeFiles/3.31.6/CompilerIdC/CMakeCCompilerId.c:729: MAJOR:C-H1
./cmake-build-debug/CMakeFiles/3.31.6/CompilerIdC/CMakeCCompilerId.c:732: MINOR:C-G3
./cmake-build-debug/CMakeFiles/3.31.6/CompilerIdC/CMakeCCompilerId.c:732: MAJOR:C-H1
./cmake-build-debug/CMakeFiles/3.31.6/CompilerIdC/CMakeCCompilerId.c:735: MINOR:C-G3
./cmake-build-debug/CMakeFiles/3.31.6/CompilerIdC/CMakeCCompilerId.c:735: MAJOR:C-H1
./cmake-build-debug/CMakeFiles/3.31.6/CompilerIdC/CMakeCCompilerId.c:738: MINOR:C-G3
./cmake-build-debug/CMakeFiles/3.31.6/CompilerIdC/CMakeCCompilerId.c:738: MAJOR:C-H1
./cmake-build-debug/CMakeFiles/3.31.6/CompilerIdC/CMakeCCompilerId.c:741: MINOR:C-G3
./cmake-build-debug/CMakeFiles/3.31.6/CompilerIdC/CMakeCCompilerId.c:741: MAJOR:C-H1
./cmake-build-debug/CMakeFiles/3.31.6/CompilerIdC/CMakeCCompilerId.c:745: MINOR:C-G3
./cmake-build-debug/CMakeFiles/3.31.6/CompilerIdC/CMakeCCompilerId.c:749: MINOR:C-G6
./cmake-build-debug/CMakeFiles/3.31.6/CompilerIdC/CMakeCCompilerId.c:749: MAJOR:C-H1
./cmake-build-debug/CMakeFiles/3.31.6/CompilerIdC/CMakeCCompilerId.c:749: MAJOR:C-H3
./cmake-build-debug/CMakeFiles/3.31.6/CompilerIdC/CMakeCCompilerId.c:750: MINOR:C-G6
./cmake-build-debug/CMakeFiles/3.31.6/CompilerIdC/CMakeCCompilerId.c:750: MINOR:C-L2
./cmake-build-debug/CMakeFiles/3.31.6/CompilerIdC/CMakeCCompilerId.c:750: MINOR:C-L3
./cmake-build-debug/CMakeFiles/3.31.6/CompilerIdC/CMakeCCompilerId.c:751: MINOR:C-G6
./cmake-build-debug/CMakeFiles/3.31.6/CompilerIdC/CMakeCCompilerId.c:751: MINOR:C-L2
./cmake-build-debug/CMakeFiles/3.31.6/CompilerIdC/CMakeCCompilerId.c:751: MINOR:C-L3
./cmake-build-debug/CMakeFiles/3.31.6/CompilerIdC/CMakeCCompilerId.c:752: MINOR:C-G6
./cmake-build-debug/CMakeFiles/3.31.6/CompilerIdC/CMakeCCompilerId.c:752: MINOR:C-L2
./cmake-build-debug/CMakeFiles/3.31.6/CompilerIdC/CMakeCCompilerId.c:752: MINOR:C-L3
./cmake-build-debug/CMakeFiles/3.31.6/CompilerIdC/CMakeCCompilerId.c:753: MINOR:C-G6
./cmake-build-debug/CMakeFiles/3.31.6/CompilerIdC/CMakeCCompilerId.c:753: MINOR:C-L2
./cmake-build-debug/CMakeFiles/3.31.6/CompilerIdC/CMakeCCompilerId.c:753: MINOR:C-L3
./cmake-build-debug/CMakeFiles/3.31.6/CompilerIdC/CMakeCCompilerId.c:754: MINOR:C-G6
./cmake-build-debug/CMakeFiles/3.31.6/CompilerIdC/CMakeCCompilerId.c:754: MINOR:C-L2
./cmake-build-debug/CMakeFiles/3.31.6/CompilerIdC/CMakeCCompilerId.c:754: MINOR:C-L3
./cmake-build-debug/CMakeFiles/3.31.6/CompilerIdC/CMakeCCompilerId.c:755: MINOR:C-G6
./cmake-build-debug/CMakeFiles/3.31.6/CompilerIdC/CMakeCCompilerId.c:755: MINOR:C-L2
./cmake-build-debug/CMakeFiles/3.31.6/CompilerIdC/CMakeCCompilerId.c:755: MINOR:C-L3
./cmake-build-debug/CMakeFiles/3.31.6/CompilerIdC/CMakeCCompilerId.c:756: MINOR:C-G6
./cmake-build-debug/CMakeFiles/3.31.6/CompilerIdC/CMakeCCompilerId.c:756: MINOR:C-L2
./cmake-build-debug/CMakeFiles/3.31.6/CompilerIdC/CMakeCCompilerId.c:756: MINOR:C-L3
./cmake-build-debug/CMakeFiles/3.31.6/CompilerIdC/CMakeCCompilerId.c:757: MINOR:C-L2
./cmake-build-debug/CMakeFiles/3.31.6/CompilerIdC/CMakeCCompilerId.c:757: MINOR:C-L3
./cmake-build-debug/CMakeFiles/3.31.6/CompilerIdC/CMakeCCompilerId.c:760: MINOR:C-G6
./cmake-build-debug/CMakeFiles/3.31.6/CompilerIdC/CMakeCCompilerId.c:760: MAJOR:C-H1
./cmake-build-debug/CMakeFiles/3.31.6/CompilerIdC/CMakeCCompilerId.c:760: MAJOR:C-H3
./cmake-build-debug/CMakeFiles/3.31.6/CompilerIdC/CMakeCCompilerId.c:761: MINOR:C-G6
./cmake-build-debug/CMakeFiles/3.31.6/CompilerIdC/CMakeCCompilerId.c:761: MINOR:C-L2
./cmake-build-debug/CMakeFiles/3.31.6/CompilerIdC/CMakeCCompilerId.c:761: MINOR:C-L3
./cmake-build-debug/CMakeFiles/3.31.6/CompilerIdC/CMakeCCompilerId.c:762: MINOR:C-G6
./cmake-build-debug/CMakeFiles/3.31.6/CompilerIdC/CMakeCCompilerId.c:762: MINOR:C-L2
./cmake-build-debug/CMakeFiles/3.31.6/CompilerIdC/CMakeCCompilerId.c:762: MINOR:C-L3
./cmake-build-debug/CMakeFiles/3.31.6/CompilerIdC/CMakeCCompilerId.c:763: MINOR:C-G6
./cmake-build-debug/CMakeFiles/3.31.6/CompilerIdC/CMakeCCompilerId.c:763: MINOR:C-L2
./cmake-build-debug/CMakeFiles/3.31.6/CompilerIdC/CMakeCCompilerId.c:763: MINOR:C-L3
./cmake-build-debug/CMakeFiles/3.31.6/CompilerIdC/CMakeCCompilerId.c:764: MINOR:C-G6
./cmake-build-debug/CMakeFiles/3.31.6/CompilerIdC/CMakeCCompilerId.c:764: MINOR:C-L2
./cmake-build-debug/CMakeFiles/3.31.6/CompilerIdC/CMakeCCompilerId.c:764: MINOR:C-L3
./cmake-build-debug/CMakeFiles/3.31.6/CompilerIdC/CMakeCCompilerId.c:765: MINOR:C-G6
./cmake-build-debug/CMakeFiles/3.31.6/CompilerIdC/CMakeCCompilerId.c:765: MINOR:C-L2
./cmake-build-debug/CMakeFiles/3.31.6/CompilerIdC/CMakeCCompilerId.c:765: MINOR:C-L3
./cmake-build-debug/CMakeFiles/3.31.6/CompilerIdC/CMakeCCompilerId.c:766: MINOR:C-G6
./cmake-build-debug/CMakeFiles/3.31.6/CompilerIdC/CMakeCCompilerId.c:766: MINOR:C-L2
./cmake-build-debug/CMakeFiles/3.31.6/CompilerIdC/CMakeCCompilerId.c:766: MINOR:C-L3
./cmake-build-debug/CMakeFiles/3.31.6/CompilerIdC/CMakeCCompilerId.c:767: MINOR:C-G6
./cmake-build-debug/CMakeFiles/3.31.6/CompilerIdC/CMakeCCompilerId.c:767: MINOR:C-L2
./cmake-build-debug/CMakeFiles/3.31.6/CompilerIdC/CMakeCCompilerId.c:767: MINOR:C-L3
./cmake-build-debug/CMakeFiles/3.31.6/CompilerIdC/CMakeCCompilerId.c:768: MINOR:C-L2
./cmake-build-debug/CMakeFiles/3.31.6/CompilerIdC/CMakeCCompilerId.c:768: MINOR:C-L3
./cmake-build-debug/CMakeFiles/3.31.6/CompilerIdC/CMakeCCompilerId.c:772: MINOR:C-V3
./cmake-build-debug/CMakeFiles/3.31.6/CompilerIdC/CMakeCCompilerId.c:777: MINOR:C-L2
./cmake-build-debug/CMakeFiles/3.31.6/CompilerIdC/CMakeCCompilerId.c:778: MINOR:C-L2
./cmake-build-debug/CMakeFiles/3.31.6/CompilerIdC/CMakeCCompilerId.c:778: MINOR:C-L3
./cmake-build-debug/CMakeFiles/3.31.6/CompilerIdC/CMakeCCompilerId.c:779: MINOR:C-L2
./cmake-build-debug/CMakeFiles/3.31.6/CompilerIdC/CMakeCCompilerId.c:781: MINOR:C-L2
./cmake-build-debug/CMakeFiles/3.31.6/CompilerIdC/CMakeCCompilerId.c:783: MINOR:C-L2
./cmake-build-debug/CMakeFiles/3.31.6/CompilerIdC/CMakeCCompilerId.c:785: MINOR:C-L2
./cmake-build-debug/CMakeFiles/3.31.6/CompilerIdC/CMakeCCompilerId.c:789: MINOR:C-L2
./cmake-build-debug/CMakeFiles/3.31.6/CompilerIdC/CMakeCCompilerId.c:789: MINOR:C-L3
./cmake-build-debug/CMakeFiles/3.31.6/CompilerIdC/CMakeCCompilerId.c:795: MINOR:C-L2
./cmake-build-debug/CMakeFiles/3.31.6/CompilerIdC/CMakeCCompilerId.c:796: MINOR:C-L2
./cmake-build-debug/CMakeFiles/3.31.6/CompilerIdC/CMakeCCompilerId.c:796: MINOR:C-L3
./cmake-build-debug/CMakeFiles/3.31.6/CompilerIdC/CMakeCCompilerId.c:797: MINOR:C-L2
./cmake-build-debug/CMakeFiles/3.31.6/CompilerIdC/CMakeCCompilerId.c:797: MINOR:C-L3
./cmake-build-debug/CMakeFiles/3.31.6/CompilerIdC/CMakeCCompilerId.c:798: MINOR:C-L2
./cmake-build-debug/CMakeFiles/3.31.6/CompilerIdC/CMakeCCompilerId.c:798: MINOR:C-L3
./cmake-build-debug/CMakeFiles/3.31.6/CompilerIdC/CMakeCCompilerId.c:800: MAJOR:C-F3
./cmake-build-debug/CMakeFiles/3.31.6/CompilerIdC/CMakeCCompilerId.c:800: MINOR:C-L2
./cmake-build-debug/CMakeFiles/3.31.6/CompilerIdC/CMakeCCompilerId.c:800: MINOR:C-V3
./cmake-build-debug/CMakeFiles/3.31.6/CompilerIdC/CMakeCCompilerId.c:806: MINOR:C-L2
./cmake-build-debug/CMakeFiles/3.31.6/CompilerIdC/CMakeCCompilerId.c:807: MINOR:C-L2
./cmake-build-debug/CMakeFiles/3.31.6/CompilerIdC/CMakeCCompilerId.c:807: MINOR:C-L3
./cmake-build-debug/CMakeFiles/3.31.6/CompilerIdC/CMakeCCompilerId.c:808: MINOR:C-L2
./cmake-build-debug/CMakeFiles/3.31.6/CompilerIdC/CMakeCCompilerId.c:810: MINOR:C-L2
./cmake-build-debug/CMakeFiles/3.31.6/CompilerIdC/CMakeCCompilerId.c:812: MINOR:C-L2
./cmake-build-debug/CMakeFiles/3.31.6/CompilerIdC/CMakeCCompilerId.c:814: MINOR:C-L2
./cmake-build-debug/CMakeFiles/3.31.6/CompilerIdC/CMakeCCompilerId.c:818: MINOR:C-L2
./cmake-build-debug/CMakeFiles/3.31.6/CompilerIdC/CMakeCCompilerId.c:818: MINOR:C-L3
./cmake-build-debug/CMakeFiles/3.31.6/CompilerIdC/CMakeCCompilerId.c:825: MINOR:C-L2
./cmake-build-debug/CMakeFiles/3.31.6/CompilerIdC/CMakeCCompilerId.c:825: MINOR:C-V3
./cmake-build-debug/CMakeFiles/3.31.6/CompilerIdC/CMakeCCompilerId.c:826: MINOR:C-L2
./cmake-build-debug/CMakeFiles/3.31.6/CompilerIdC/CMakeCCompilerId.c:826: MINOR:C-V3
./cmake-build-debug/CMakeFiles/3.31.6/CompilerIdC/CMakeCCompilerId.c:830: MAJOR:C-H1
./cmake-build-debug/CMakeFiles/3.31.6/CompilerIdC/CMakeCCompilerId.c:831: MAJOR:C-H1
./cmake-build-debug/CMakeFiles/3.31.6/CompilerIdC/CMakeCCompilerId.c:832: MAJOR:C-H1
./cmake-build-debug/CMakeFiles/3.31.6/CompilerIdC/CMakeCCompilerId.c:833: MAJOR:C-H1
./cmake-build-debug/CMakeFiles/3.31.6/CompilerIdC/CMakeCCompilerId.c:836: MINOR:C-G3
./cmake-build-debug/CMakeFiles/3.31.6/CompilerIdC/CMakeCCompilerId.c:836: MAJOR:C-H1
./cmake-build-debug/CMakeFiles/3.31.6/CompilerIdC/CMakeCCompilerId.c:841: MINOR:C-G3
./cmake-build-debug/CMakeFiles/3.31.6/CompilerIdC/CMakeCCompilerId.c:841: MAJOR:C-H1
./cmake-build-debug/CMakeFiles/3.31.6/CompilerIdC/CMakeCCompilerId.c:843: MINOR:C-G3
./cmake-build-debug/CMakeFiles/3.31.6/CompilerIdC/CMakeCCompilerId.c:846: MINOR:C-G3
./cmake-build-debug/CMakeFiles/3.31.6/CompilerIdC/CMakeCCompilerId.c:846: MAJOR:C-H1
./cmake-build-debug/CMakeFiles/3.31.6/CompilerIdC/CMakeCCompilerId.c:848: MINOR:C-G3
./cmake-build-debug/CMakeFiles/3.31.6/CompilerIdC/CMakeCCompilerId.c:848: MAJOR:C-H1
./cmake-build-debug/CMakeFiles/3.31.6/CompilerIdC/CMakeCCompilerId.c:850: MINOR:C-G3
./cmake-build-debug/CMakeFiles/3.31.6/CompilerIdC/CMakeCCompilerId.c:850: MAJOR:C-H1
./cmake-build-debug/CMakeFiles/3.31.6/CompilerIdC/CMakeCCompilerId.c:852: MINOR:C-G3
./cmake-build-debug/CMakeFiles/3.31.6/CompilerIdC/CMakeCCompilerId.c:852: MAJOR:C-H1
./cmake-build-debug/CMakeFiles/3.31.6/CompilerIdC/CMakeCCompilerId.c:854: MINOR:C-G3
./cmake-build-debug/CMakeFiles/3.31.6/CompilerIdC/CMakeCCompilerId.c:854: MAJOR:C-H1
./cmake-build-debug/CMakeFiles/3.31.6/CompilerIdC/CMakeCCompilerId.c:856: MINOR:C-L2
./cmake-build-debug/CMakeFiles/3.31.6/CompilerIdC/CMakeCCompilerId.c:856: MINOR:C-V3
./cmake-build-debug/CMakeFiles/3.31.6/CompilerIdC/CMakeCCompilerId.c:857: MINOR:C-L2
./cmake-build-debug/CMakeFiles/3.31.6/CompilerIdC/CMakeCCompilerId.c:859: MINOR:C-L2
./cmake-build-debug/CMakeFiles/3.31.6/CompilerIdC/CMakeCCompilerId.c:859: MINOR:C-V3
./cmake-build-debug/CMakeFiles/3.31.6/CompilerIdC/CMakeCCompilerId.c:860: MINOR:C-G6
./cmake-build-debug/CMakeFiles/3.31.6/CompilerIdC/CMakeCCompilerId.c:860: MINOR:C-L3
./cmake-build-debug/CMakeFiles/3.31.6/CompilerIdC/CMakeCCompilerId.c:861: MINOR:C-G6
./cmake-build-debug/CMakeFiles/3.31.6/CompilerIdC/CMakeCCompilerId.c:861: MINOR:C-L2
./cmake-build-debug/CMakeFiles/3.31.6/CompilerIdC/CMakeCCompilerId.c:861: MINOR:C-L3
./cmake-build-debug/CMakeFiles/3.31.6/CompilerIdC/CMakeCCompilerId.c:862: MINOR:C-L2
./cmake-build-debug/CMakeFiles/3.31.6/CompilerIdC/CMakeCCompilerId.c:863: MINOR:C-L2
./cmake-build-debug/CMakeFiles/3.31.6/CompilerIdC/CMakeCCompilerId.c:865: MINOR:C-L2
./cmake-build-debug/CMakeFiles/3.31.6/CompilerIdC/CMakeCCompilerId.c:867: MINOR:C-L2
./cmake-build-debug/CMakeFiles/3.31.6/CompilerIdC/CMakeCCompilerId.c:872: MINOR:C-L2
./cmake-build-debug/CMakeFiles/3.31.6/CompilerIdC/CMakeCCompilerId.c:872: MINOR:C-L4
./cmake-build-debug/CMakeFiles/3.31.6/CompilerIdC/CMakeCCompilerId.c:875: MINOR:C-L2
./cmake-build-debug/CMakeFiles/3.31.6/CompilerIdC/CMakeCCompilerId.c:877: MINOR:C-L2
./cmake-build-debug/CMakeFiles/3.31.6/CompilerIdC/CMakeCCompilerId.c:877: MINOR:C-V3
./cmake-build-debug/CMakeFiles/3.31.6/CompilerIdC/CMakeCCompilerId.c:880: MINOR:C-L2
./cmake-build-debug/CMakeFiles/3.31.6/CompilerIdC/CMakeCCompilerId.c:881: MINOR:C-L2
./cmake-build-debug/CMakeFiles/3.31.6/CompilerIdC/CMakeCCompilerId.c:881: MINOR:C-L6
./cmake-build-debug/CMakeFiles/3.31.6/CompilerIdC/CMakeCCompilerId.c:882: MINOR:C-L2
./cmake-build-debug/CMakeFiles/3.31.6/CompilerIdC/CMakeCCompilerId.c:883: MINOR:C-L2
./cmake-build-debug/CMakeFiles/3.31.6/CompilerIdC/CMakeCCompilerId.c:885: MINOR:C-L2
./cmake-build-debug/CMakeFiles/3.31.6/CompilerIdC/CMakeCCompilerId.c:888: MINOR:C-L2
./cmake-build-debug/CMakeFiles/3.31.6/CompilerIdC/CMakeCCompilerId.c:891: MINOR:C-L2
./cmake-build-debug/CMakeFiles/3.31.6/CompilerIdC/CMakeCCompilerId.c:894: MINOR:C-L2
./cmake-build-debug/CMakeFiles/3.31.6/CompilerIdC/CMakeCCompilerId.c:897: MINOR:C-L2
./cmake-build-debug/CMakeFiles/3.31.6/CompilerIdC/CMakeCCompilerId.c:899: MINOR:C-L2
./cmake-build-debug/CMakeFiles/3.31.6/CompilerIdC/CMakeCCompilerId.c:900: MAJOR:C-F4
./cmake-build-debug/CMakeFiles/3.31.6/CompilerIdC/CMakeCCompilerId.c:900: MINOR:C-L2
./cmake-build-debug/CMakeFiles/3.31.6/CompilerIdC/CMakeCCompilerId.c:901: MAJOR:C-F4
./cmake-build-debug/CMakeFiles/3.31.6/CompilerIdC/CMakeCCompilerId.c:901: MINOR:C-L2
./cmake-build-debug/CMakeFiles/3.31.6/CompilerIdC/CMakeCCompilerId.c:902: MAJOR:C-F4
./cmake-build-debug/CMakeFiles/3.31.6/CompilerIdC/CMakeCCompilerId.c:902: MINOR:C-L2
./cmake-build-debug/CMakeFiles/3.31.6/CompilerIdC/CMakeCCompilerId.c:903: MINOR:C-L2
./cmake-build-debug/CMakeFiles/3.31.6/CompilerIdC/a.out:1: MAJOR:C-O1
./cmake-build-debug/SERVER:1: MAJOR:C-O1
./main.c:1: MINOR:C-G1
./main.c:2: MINOR:C-G7
./main.c:3: MINOR:C-G6
./main.c:6: MINOR:C-G7
./main.c:7: MINOR:C-G7
./main.c:8: MINOR:C-G7
./main.c:9: MINOR:C-G7
./main.c:9: MINOR:C-L2
./main.c:22: MINOR:C-L4
./main.c:25: MAJOR:C-F3
./main.c:26: MAJOR:C-F3
./main.c:33: MINOR:C-V1
./main.c:36: MINOR:C-F8
./main.c:37: MINOR:C-L6
./main.c:38: MINOR:C-L6
./main.c:39: MINOR:C-F8
./main.c:40: MINOR:C-L6
./main.c:43: MINOR:C-L4
./main.c:46: MINOR:C-L6
./main.c:47: MAJOR:C-L5
./main.c:48: MINOR:C-L6
./main.c:49: MAJOR:C-L5
./main.c:50: MAJOR:C-L5
./my.h:1: MINOR:C-G1
./my.h:2: MINOR:C-G7
./my.h:3: MINOR:C-G6
./my.h:6: MINOR:C-G7
./my.h:7: MINOR:C-G7
./my.h:8: MINOR:C-G7
./my.h:9: MINOR:C-G7
./my.h:9: MINOR:C-L2
./my.h:14: MINOR:C-G3
./my.h:15: MINOR:C-G3
./my.h:17: MINOR:C-G3
./my.h:18: MINOR:C-G3
./my.h:23: MINOR:C-V1
./my.h:33: MINOR:C-V1
