2025-06-25 05:07:29,337 - __main__ - DEBUG - Configuration du logging terminée. Fichier zappy.log créé.
2025-06-25 05:07:29,337 - __main__ - INFO - Niveau de logging configuré à DEBUG pour tous les modules.
2025-06-25 05:07:29,337 - core.client - INFO - Tentative de connexion à localhost:3000
2025-06-25 05:07:29,339 - core.client - INFO - Socket connecté avec succès
2025-06-25 05:07:29,339 - core.client - INFO - En attente du message de bienvenue...
2025-06-25 05:07:29,339 - core.client - DEBUG - En attente de données du serveur...
2025-06-25 05:07:29,339 - core.client - DEBUG - Données reçues: WELCOME
2025-06-25 05:07:29,339 - core.client - INFO - Message reçu: WELCOME
2025-06-25 05:07:29,339 - core.client - INFO - Envoi du nom d'équipe: morg
2025-06-25 05:07:29,339 - core.client - DEBUG - Envoyé (7.0s): morg
2025-06-25 05:07:29,339 - core.client - INFO - En attente de la réponse du serveur...
2025-06-25 05:07:29,339 - core.client - DEBUG - En attente de données du serveur...
2025-06-25 05:07:29,339 - core.client - DEBUG - Données reçues: 189
15 20
2025-06-25 05:07:29,339 - core.client - INFO - Réponse reçue: 189
15 20
2025-06-25 05:07:29,339 - core.client - INFO - Numéro de client reçu: 189
2025-06-25 05:07:29,340 - core.client - INFO - Dimensions de la carte reçues dans la même réponse: 15 20
2025-06-25 05:07:29,340 - core.client - INFO - Dimensions de la carte parsées: (15, 20)
2025-06-25 05:07:29,340 - core.client - INFO - Connecté au serveur. Client #189, Carte: 15x20
2025-06-25 05:07:29,340 - __main__ - INFO - inventory created: {'food': 0, 'linemate': 0, 'deraumere': 0, 'sibur': 0, 'mendiane': 0, 'phiras': 0, 'thystame': 0}
2025-06-25 05:07:29,340 - __main__ - INFO - inventory created: {'food': 0, 'linemate': 0, 'deraumere': 0, 'sibur': 0, 'mendiane': 0, 'phiras': 0, 'thystame': 0}
2025-06-25 05:07:29,342 - core.client - DEBUG - Envoyé (7s): Look
2025-06-25 05:07:29,342 - core.client - DEBUG - En attente de données du serveur...
2025-06-25 05:07:29,412 - core.client - DEBUG - Données reçues: [ player phiras,, deraumere sibur sibur, ]
2025-06-25 05:07:29,412 - __main__ - DEBUG - Vision mise à jour: [['player', 'phiras'], [], ['deraumere', 'sibur', 'sibur'], []]
2025-06-25 05:07:29,413 - core.client - DEBUG - Envoyé (1s): Inventory
2025-06-25 05:07:29,413 - core.client - DEBUG - En attente de données du serveur...
2025-06-25 05:07:29,423 - core.client - DEBUG - Données reçues: [ food 9, linemate 0, deraumere 0, sibur 0, mendiane 0, phiras 0, thystame 0 ]
2025-06-25 05:07:29,424 - __main__ - DEBUG - Inventaire mis à jour: {'food': 9, 'linemate': 0, 'deraumere': 0, 'sibur': 0, 'mendiane': 0, 'phiras': 0, 'thystame': 0}
2025-06-25 05:07:29,424 - __main__ - DEBUG - Pas assez de linemate dans l'inventaire pour l'élévation
2025-06-25 05:07:29,424 - __main__ - DEBUG - État changé: GATHERING_RESOURCES linemate (priorité)
2025-06-25 05:07:29,424 - __main__ - INFO - 🔍 Collecte de linemate pour l'équipe...
2025-06-25 05:07:29,424 - __main__ - INFO - 🔍 Aucun linemate en vue, exploration...
2025-06-25 05:07:29,424 - __main__ - ERROR - Erreur lors de la recherche de cible inexplorée: 'Map' object has no attribute 'is_explored'
2025-06-25 05:07:29,424 - __main__ - ERROR - Erreur lors de la recherche de ressources rares: 'Map' object has no attribute 'get_tile_content'
2025-06-25 05:07:29,424 - __main__ - INFO - 🎯 Exploration vers (7, 6) pour trouver du linemate
2025-06-25 05:07:29,424 - __main__ - DEBUG - 🎯 Déplacement itératif vers (14, 16) depuis (7, 10)
2025-06-25 05:07:29,425 - __main__ - DEBUG - Collision détectée, tentative d'éjection
2025-06-25 05:07:29,425 - __main__ - DEBUG - Éjection réussie, tentative de déplacement
2025-06-25 05:07:29,525 - __main__ - DEBUG - Position actuelle: (7, 10), Cible: (14, 16), Relatif: (7, 6)
2025-06-25 05:07:29,525 - core.client - DEBUG - Envoyé (7s): Right
2025-06-25 05:07:29,525 - core.client - DEBUG - En attente de données du serveur...
2025-06-25 05:07:29,596 - core.client - DEBUG - Données reçues: ok
2025-06-25 05:07:29,596 - __main__ - DEBUG - Direction mise à jour: 1
2025-06-25 05:07:29,596 - __main__ - DEBUG - Rotation vers la droite: 1
2025-06-25 05:07:29,596 - core.client - DEBUG - Envoyé (7s): Forward
2025-06-25 05:07:29,597 - core.client - DEBUG - En attente de données du serveur...
2025-06-25 05:07:29,668 - core.client - DEBUG - Données reçues: ok
2025-06-25 05:07:29,669 - __main__ - DEBUG - Position mise à jour: (8, 10)
2025-06-25 05:07:29,669 - __main__ - DEBUG - Déplacement vers (8, 10)
2025-06-25 05:07:29,669 - __main__ - DEBUG - 🔄 Mise à jour forcée de la vision (ignorant le cooldown)
2025-06-25 05:07:29,669 - core.client - DEBUG - Envoyé (7s): Look
2025-06-25 05:07:29,670 - core.client - DEBUG - En attente de données du serveur...
2025-06-25 05:07:29,740 - core.client - DEBUG - Données reçues: [ player food,, food food, ]
2025-06-25 05:07:29,741 - __main__ - DEBUG - Vision forcée mise à jour: [['player', 'food'], [], ['food', 'food'], []]
2025-06-25 05:07:29,741 - __main__ - INFO - 🎯 Nourriture trouvée à (0, 0) - distance 0 vs 12
2025-06-25 05:07:29,741 - __main__ - INFO - 🎯 Meilleure opportunité détectée, changement de cap !
2025-06-25 05:07:29,741 - __main__ - INFO - ✅ Déplacement d'exploration réussi
2025-06-25 05:07:30,346 - core.client - DEBUG - Envoyé (1s): Inventory
2025-06-25 05:07:30,346 - core.client - DEBUG - En attente de données du serveur...
2025-06-25 05:07:30,357 - core.client - DEBUG - Données reçues: [ food 9, linemate 0, deraumere 0, sibur 0, mendiane 0, phiras 0, thystame 0 ]
2025-06-25 05:07:30,357 - __main__ - DEBUG - Inventaire mis à jour: {'food': 9, 'linemate': 0, 'deraumere': 0, 'sibur': 0, 'mendiane': 0, 'phiras': 0, 'thystame': 0}
2025-06-25 05:07:30,358 - __main__ - DEBUG - Pas assez de linemate dans l'inventaire pour l'élévation
2025-06-25 05:07:30,358 - __main__ - DEBUG - État changé: GATHERING_RESOURCES linemate (priorité)
2025-06-25 05:07:30,358 - __main__ - INFO - 🔍 Collecte de linemate pour l'équipe...
2025-06-25 05:07:30,358 - __main__ - INFO - 🔍 Aucun linemate en vue, exploration...
2025-06-25 05:07:30,358 - __main__ - ERROR - Erreur lors de la recherche de cible inexplorée: 'Map' object has no attribute 'is_explored'
2025-06-25 05:07:30,360 - __main__ - ERROR - Erreur lors de la recherche de ressources rares: 'Map' object has no attribute 'get_tile_content'
2025-06-25 05:07:30,360 - __main__ - INFO - 🎯 Exploration vers (8, 15) pour trouver du linemate
2025-06-25 05:07:30,360 - __main__ - DEBUG - 🎯 Déplacement itératif vers (1, 5) depuis (8, 10)
2025-06-25 05:07:30,360 - __main__ - DEBUG - Position actuelle: (8, 10), Cible: (1, 5), Relatif: (-7, -5)
2025-06-25 05:07:30,360 - core.client - DEBUG - Envoyé (7s): Left
2025-06-25 05:07:30,361 - core.client - DEBUG - En attente de données du serveur...
2025-06-25 05:07:30,432 - core.client - DEBUG - Données reçues: ok
2025-06-25 05:07:30,432 - __main__ - DEBUG - Direction mise à jour: 0
2025-06-25 05:07:30,432 - __main__ - DEBUG - Rotation vers la gauche: 0
2025-06-25 05:07:30,432 - core.client - DEBUG - Envoyé (7s): Forward
2025-06-25 05:07:30,432 - core.client - DEBUG - En attente de données du serveur...
2025-06-25 05:07:30,502 - core.client - DEBUG - Données reçues: ok
2025-06-25 05:07:30,503 - __main__ - DEBUG - Position mise à jour: (8, 9)
2025-06-25 05:07:30,503 - __main__ - DEBUG - Déplacement vers (8, 9)
2025-06-25 05:07:30,503 - __main__ - DEBUG - 🔄 Mise à jour forcée de la vision (ignorant le cooldown)
2025-06-25 05:07:30,503 - core.client - DEBUG - Envoyé (7s): Look
2025-06-25 05:07:30,503 - core.client - DEBUG - En attente de données du serveur...
2025-06-25 05:07:30,574 - core.client - DEBUG - Données reçues: [ player,, food, ]
2025-06-25 05:07:30,574 - __main__ - DEBUG - Vision forcée mise à jour: [['player'], [], ['food'], []]
2025-06-25 05:07:30,574 - __main__ - INFO - 🎯 Nourriture trouvée à (1, 1) - distance 2 vs 11
2025-06-25 05:07:30,574 - __main__ - INFO - 🎯 Meilleure opportunité détectée, changement de cap !
2025-06-25 05:07:30,574 - __main__ - INFO - ✅ Déplacement d'exploration réussi
2025-06-25 05:07:31,380 - core.client - DEBUG - Envoyé (1s): Inventory
2025-06-25 05:07:31,381 - core.client - DEBUG - En attente de données du serveur...
2025-06-25 05:07:31,390 - core.client - DEBUG - Données reçues: [ food 8, linemate 0, deraumere 0, sibur 0, mendiane 0, phiras 0, thystame 0 ]
2025-06-25 05:07:31,391 - __main__ - DEBUG - Inventaire mis à jour: {'food': 8, 'linemate': 0, 'deraumere': 0, 'sibur': 0, 'mendiane': 0, 'phiras': 0, 'thystame': 0}
2025-06-25 05:07:31,392 - __main__ - DEBUG - Pas assez de linemate dans l'inventaire pour l'élévation
2025-06-25 05:07:31,393 - __main__ - DEBUG - État changé: GATHERING_RESOURCES linemate (priorité)
2025-06-25 05:07:31,394 - __main__ - INFO - 🔍 Collecte de linemate pour l'équipe...
2025-06-25 05:07:31,395 - __main__ - INFO - 🔍 Aucun linemate en vue, exploration...
2025-06-25 05:07:31,395 - __main__ - ERROR - Erreur lors de la recherche de cible inexplorée: 'Map' object has no attribute 'is_explored'
2025-06-25 05:07:31,396 - __main__ - ERROR - Erreur lors de la recherche de ressources rares: 'Map' object has no attribute 'get_tile_content'
2025-06-25 05:07:31,396 - __main__ - INFO - 🎯 Exploration vers (8, 12) pour trouver du linemate
2025-06-25 05:07:31,396 - __main__ - DEBUG - 🎯 Déplacement itératif vers (1, 1) depuis (8, 9)
2025-06-25 05:07:31,396 - __main__ - DEBUG - Position actuelle: (8, 9), Cible: (1, 1), Relatif: (-7, -8)
2025-06-25 05:07:31,397 - core.client - DEBUG - Envoyé (7s): Forward
2025-06-25 05:07:31,397 - core.client - DEBUG - En attente de données du serveur...
2025-06-25 05:07:31,467 - core.client - DEBUG - Données reçues: ok
2025-06-25 05:07:31,467 - __main__ - DEBUG - Position mise à jour: (8, 8)
2025-06-25 05:07:31,467 - __main__ - DEBUG - Déplacement vers (8, 8)
2025-06-25 05:07:31,468 - __main__ - DEBUG - 🔄 Mise à jour forcée de la vision (ignorant le cooldown)
2025-06-25 05:07:31,468 - core.client - DEBUG - Envoyé (7s): Look
2025-06-25 05:07:31,468 - core.client - DEBUG - En attente de données du serveur...
2025-06-25 05:07:31,538 - core.client - DEBUG - Données reçues: [ player food,, linemate, sibur sibur ]
2025-06-25 05:07:31,540 - __main__ - DEBUG - Vision forcée mise à jour: [['player', 'food'], [], ['linemate'], ['sibur', 'sibur']]
2025-06-25 05:07:31,540 - __main__ - INFO - 🎯 Nourriture trouvée à (0, 0) - distance 0 vs 14
2025-06-25 05:07:31,540 - __main__ - INFO - 🎯 Meilleure opportunité détectée, changement de cap !
2025-06-25 05:07:31,540 - __main__ - INFO - ✅ Déplacement d'exploration réussi
2025-06-25 05:07:32,547 - core.client - DEBUG - Envoyé (1s): Inventory
2025-06-25 05:07:32,547 - core.client - DEBUG - En attente de données du serveur...
2025-06-25 05:07:32,557 - core.client - DEBUG - Données reçues: [ food 7, linemate 0, deraumere 0, sibur 0, mendiane 0, phiras 0, thystame 0 ]
2025-06-25 05:07:32,557 - __main__ - DEBUG - Inventaire mis à jour: {'food': 7, 'linemate': 0, 'deraumere': 0, 'sibur': 0, 'mendiane': 0, 'phiras': 0, 'thystame': 0}
2025-06-25 05:07:32,557 - __main__ - DEBUG - Pas assez de linemate dans l'inventaire pour l'élévation
2025-06-25 05:07:32,557 - __main__ - DEBUG - État changé: GATHERING_RESOURCES linemate (priorité)
2025-06-25 05:07:32,557 - __main__ - INFO - 🔍 Collecte de linemate pour l'équipe...
2025-06-25 05:07:32,558 - __main__ - INFO - 🎯 linemate trouvé à (1, 1), déplacement...
2025-06-25 05:07:32,558 - __main__ - DEBUG - 🎯 Déplacement itératif vers (9, 9) depuis (8, 8)
2025-06-25 05:07:32,558 - __main__ - DEBUG - Position actuelle: (8, 8), Cible: (9, 9), Relatif: (1, 1)
2025-06-25 05:07:32,558 - core.client - DEBUG - Envoyé (7s): Right
2025-06-25 05:07:32,558 - core.client - DEBUG - En attente de données du serveur...
2025-06-25 05:07:32,628 - core.client - DEBUG - Données reçues: ok
2025-06-25 05:07:32,628 - __main__ - DEBUG - Direction mise à jour: 1
2025-06-25 05:07:32,628 - __main__ - DEBUG - Rotation vers la droite: 1
2025-06-25 05:07:32,628 - core.client - DEBUG - Envoyé (7s): Forward
2025-06-25 05:07:32,628 - core.client - DEBUG - En attente de données du serveur...
2025-06-25 05:07:32,699 - core.client - DEBUG - Données reçues: ok
2025-06-25 05:07:32,699 - __main__ - DEBUG - Position mise à jour: (9, 8)
2025-06-25 05:07:32,699 - __main__ - DEBUG - Déplacement vers (9, 8)
2025-06-25 05:07:32,699 - __main__ - DEBUG - 🔄 Mise à jour forcée de la vision (ignorant le cooldown)
2025-06-25 05:07:32,699 - core.client - DEBUG - Envoyé (7s): Look
2025-06-25 05:07:32,699 - core.client - DEBUG - En attente de données du serveur...
2025-06-25 05:07:32,770 - core.client - DEBUG - Données reçues: [ player,,, linemate sibur ]
2025-06-25 05:07:32,770 - __main__ - DEBUG - Vision forcée mise à jour: [['player'], [], [], ['linemate', 'sibur']]
2025-06-25 05:07:32,871 - __main__ - DEBUG - Position actuelle: (9, 8), Cible: (9, 9), Relatif: (0, 1)
2025-06-25 05:07:32,871 - core.client - DEBUG - Envoyé (7s): Right
2025-06-25 05:07:32,871 - core.client - DEBUG - En attente de données du serveur...
2025-06-25 05:07:32,942 - core.client - DEBUG - Données reçues: ok
2025-06-25 05:07:32,942 - __main__ - DEBUG - Direction mise à jour: 2
2025-06-25 05:07:32,942 - __main__ - DEBUG - Rotation vers la droite: 2
2025-06-25 05:07:32,943 - core.client - DEBUG - Envoyé (7s): Forward
2025-06-25 05:07:32,943 - core.client - DEBUG - En attente de données du serveur...
2025-06-25 05:07:33,013 - core.client - DEBUG - Données reçues: ok
2025-06-25 05:07:33,014 - __main__ - DEBUG - Position mise à jour: (9, 9)
2025-06-25 05:07:33,014 - __main__ - DEBUG - Déplacement vers (9, 9)
2025-06-25 05:07:33,014 - __main__ - DEBUG - 🔄 Mise à jour forcée de la vision (ignorant le cooldown)
2025-06-25 05:07:33,014 - core.client - DEBUG - Envoyé (7s): Look
2025-06-25 05:07:33,014 - core.client - DEBUG - En attente de données du serveur...
2025-06-25 05:07:33,084 - core.client - DEBUG - Données reçues: [ player, thystame, food food, food ]
2025-06-25 05:07:33,085 - __main__ - DEBUG - Vision forcée mise à jour: [['player'], ['thystame'], ['food', 'food'], ['food']]
2025-06-25 05:07:33,185 - __main__ - INFO - ✅ Arrivé à la destination (9, 9)
2025-06-25 05:07:33,186 - __main__ - DEBUG - 🔍 linemate non trouvé sur la case actuelle
2025-06-25 05:07:33,186 - __main__ - WARNING - ❌ Échec de la collecte de linemate
2025-06-25 05:07:33,589 - core.client - DEBUG - Envoyé (1s): Inventory
2025-06-25 05:07:33,589 - core.client - DEBUG - En attente de données du serveur...
2025-06-25 05:07:33,599 - core.client - DEBUG - Données reçues: [ food 6, linemate 0, deraumere 0, sibur 0, mendiane 0, phiras 0, thystame 0 ]
2025-06-25 05:07:33,599 - __main__ - DEBUG - Inventaire mis à jour: {'food': 6, 'linemate': 0, 'deraumere': 0, 'sibur': 0, 'mendiane': 0, 'phiras': 0, 'thystame': 0}
2025-06-25 05:07:33,599 - __main__ - DEBUG - Pas assez de linemate dans l'inventaire pour l'élévation
2025-06-25 05:07:33,600 - __main__ - DEBUG - État changé: GATHERING_RESOURCES linemate (priorité)
2025-06-25 05:07:33,600 - __main__ - INFO - 🔍 Collecte de linemate pour l'équipe...
2025-06-25 05:07:33,600 - __main__ - INFO - 🔍 Aucun linemate en vue, exploration...
2025-06-25 05:07:33,600 - __main__ - ERROR - Erreur lors de la recherche de cible inexplorée: 'Map' object has no attribute 'is_explored'
2025-06-25 05:07:33,600 - __main__ - ERROR - Erreur lors de la recherche de ressources rares: 'Map' object has no attribute 'get_tile_content'
2025-06-25 05:07:33,600 - __main__ - INFO - 🎯 Exploration vers (9, 5) pour trouver du linemate
2025-06-25 05:07:33,600 - __main__ - DEBUG - 🎯 Déplacement itératif vers (3, 14) depuis (9, 9)
2025-06-25 05:07:33,600 - __main__ - DEBUG - Position actuelle: (9, 9), Cible: (3, 14), Relatif: (-6, 5)
2025-06-25 05:07:33,600 - core.client - DEBUG - Envoyé (7s): Forward
2025-06-25 05:07:33,600 - core.client - DEBUG - En attente de données du serveur...
2025-06-25 05:07:33,671 - core.client - DEBUG - Données reçues: ok
2025-06-25 05:07:33,671 - __main__ - DEBUG - Position mise à jour: (9, 10)
2025-06-25 05:07:33,672 - __main__ - DEBUG - Déplacement vers (9, 10)
2025-06-25 05:07:33,672 - __main__ - DEBUG - 🔄 Mise à jour forcée de la vision (ignorant le cooldown)
2025-06-25 05:07:33,672 - core.client - DEBUG - Envoyé (7s): Look
2025-06-25 05:07:33,672 - core.client - DEBUG - En attente de données du serveur...
2025-06-25 05:07:33,743 - core.client - DEBUG - Données reçues: [ player food food,,, food deraumere ]
2025-06-25 05:07:33,743 - __main__ - DEBUG - Vision forcée mise à jour: [['player', 'food', 'food'], [], [], ['food', 'deraumere']]
2025-06-25 05:07:33,743 - __main__ - INFO - 🎯 Nourriture trouvée à (0, 0) - distance 0 vs 10
2025-06-25 05:07:33,743 - __main__ - INFO - 🎯 Meilleure opportunité détectée, changement de cap !
2025-06-25 05:07:33,743 - __main__ - INFO - ✅ Déplacement d'exploration réussi
2025-06-25 05:07:37,880 - core.client - DEBUG - Envoyé (1s): Inventory
2025-06-25 05:07:37,881 - core.client - DEBUG - En attente de données du serveur...
2025-06-25 05:07:37,890 - core.client - DEBUG - Données reçues: [ food 4, linemate 0, deraumere 0, sibur 0, mendiane 0, phiras 0, thystame 0 ]
2025-06-25 05:07:37,891 - __main__ - DEBUG - Inventaire mis à jour: {'food': 4, 'linemate': 0, 'deraumere': 0, 'sibur': 0, 'mendiane': 0, 'phiras': 0, 'thystame': 0}
2025-06-25 05:07:37,891 - __main__ - DEBUG - État changé: EMERGENCY_FOOD_SEARCH (critique)
2025-06-25 05:07:37,891 - __main__ - CRITICAL - 🚨🚨 MODE URGENCE : Survie immédiate prioritaire.
2025-06-25 05:07:37,891 - __main__ - CRITICAL - 🚨 MODE URGENCE : Recherche prioritaire de nourriture
2025-06-25 05:07:37,892 - __main__ - CRITICAL - 🚨 NOURRITURE TROUVÉE À (0, 0), DÉPLACEMENT URGENT
2025-06-25 05:07:37,892 - __main__ - DEBUG - 🎯 Déplacement itératif vers (9, 10) depuis (9, 10)
2025-06-25 05:07:37,892 - __main__ - INFO - ✅ Arrivé à la destination (9, 10)
2025-06-25 05:07:37,892 - __main__ - CRITICAL - ✅ DÉPLACEMENT URGENT RÉUSSI, COLLECTE IMMÉDIATE
2025-06-25 05:07:37,892 - core.client - DEBUG - Envoyé (7s): Take food
2025-06-25 05:07:37,893 - core.client - DEBUG - En attente de données du serveur...
2025-06-25 05:07:37,963 - core.client - DEBUG - Données reçues: ok
2025-06-25 05:07:37,964 - __main__ - WARNING - ⚠️ Réponse inattendue lors de la collecte de food: True
2025-06-25 05:07:37,964 - __main__ - CRITICAL - ❌ ÉCHEC DE LA COLLECTE EN MODE URGENCE
2025-06-25 05:07:38,065 - core.client - DEBUG - Envoyé (1s): Inventory
2025-06-25 05:07:38,065 - core.client - DEBUG - En attente de données du serveur...
2025-06-25 05:07:38,075 - core.client - DEBUG - Données reçues: [ food 5, linemate 0, deraumere 0, sibur 0, mendiane 0, phiras 0, thystame 0 ]
2025-06-25 05:07:38,076 - __main__ - DEBUG - Inventaire mis à jour: {'food': 5, 'linemate': 0, 'deraumere': 0, 'sibur': 0, 'mendiane': 0, 'phiras': 0, 'thystame': 0}
2025-06-25 05:07:38,076 - __main__ - DEBUG - Pas assez de linemate dans l'inventaire pour l'élévation
2025-06-25 05:07:38,076 - __main__ - DEBUG - État changé: GATHERING_RESOURCES linemate (priorité)
2025-06-25 05:07:38,076 - __main__ - INFO - 🔍 Collecte de linemate pour l'équipe...
2025-06-25 05:07:38,076 - __main__ - INFO - 🔍 Aucun linemate en vue, exploration...
2025-06-25 05:07:38,076 - __main__ - ERROR - Erreur lors de la recherche de cible inexplorée: 'Map' object has no attribute 'is_explored'
2025-06-25 05:07:38,076 - __main__ - ERROR - Erreur lors de la recherche de ressources rares: 'Map' object has no attribute 'get_tile_content'
2025-06-25 05:07:38,076 - __main__ - INFO - 🎯 Exploration vers (5, 10) pour trouver du linemate
2025-06-25 05:07:38,076 - __main__ - DEBUG - 🎯 Déplacement itératif vers (14, 0) depuis (9, 10)
2025-06-25 05:07:38,077 - __main__ - DEBUG - Collision détectée, tentative d'éjection
2025-06-25 05:07:38,077 - __main__ - DEBUG - Éjection réussie, tentative de déplacement
2025-06-25 05:07:38,177 - __main__ - DEBUG - Position actuelle: (9, 10), Cible: (14, 0), Relatif: (5, -10)
2025-06-25 05:07:38,178 - core.client - DEBUG - Envoyé (7s): Right
2025-06-25 05:07:38,178 - core.client - DEBUG - En attente de données du serveur...
2025-06-25 05:07:38,249 - core.client - DEBUG - Données reçues: ok
2025-06-25 05:07:38,249 - __main__ - DEBUG - Direction mise à jour: 3
2025-06-25 05:07:38,249 - __main__ - DEBUG - Rotation vers la droite: 3
2025-06-25 05:07:38,250 - core.client - DEBUG - Envoyé (7s): Forward
2025-06-25 05:07:38,250 - core.client - DEBUG - En attente de données du serveur...
2025-06-25 05:07:38,320 - core.client - DEBUG - Données reçues: ok
2025-06-25 05:07:38,321 - __main__ - DEBUG - Position mise à jour: (8, 10)
2025-06-25 05:07:38,321 - __main__ - DEBUG - Déplacement vers (8, 10)
2025-06-25 05:07:38,321 - __main__ - DEBUG - 🔄 Mise à jour forcée de la vision (ignorant le cooldown)
2025-06-25 05:07:38,322 - core.client - DEBUG - Envoyé (7s): Look
2025-06-25 05:07:38,322 - core.client - DEBUG - En attente de données du serveur...
2025-06-25 05:07:38,392 - core.client - DEBUG - Données reçues: [ player food, food, phiras, deraumere sibur sibur ]
2025-06-25 05:07:38,393 - __main__ - DEBUG - Vision forcée mise à jour: [['player', 'food'], ['food'], ['phiras'], ['deraumere', 'sibur', 'sibur']]
2025-06-25 05:07:38,393 - __main__ - INFO - 🎯 Nourriture trouvée à (0, 0) - distance 0 vs 16
2025-06-25 05:07:38,393 - __main__ - INFO - 🎯 Meilleure opportunité détectée, changement de cap !
2025-06-25 05:07:38,393 - __main__ - INFO - ✅ Déplacement d'exploration réussi
2025-06-25 05:07:39,201 - core.client - DEBUG - Envoyé (1s): Inventory
2025-06-25 05:07:39,201 - core.client - DEBUG - En attente de données du serveur...
2025-06-25 05:07:39,211 - core.client - DEBUG - Données reçues: [ food 4, linemate 0, deraumere 0, sibur 0, mendiane 0, phiras 0, thystame 0 ]
2025-06-25 05:07:39,212 - __main__ - DEBUG - Inventaire mis à jour: {'food': 4, 'linemate': 0, 'deraumere': 0, 'sibur': 0, 'mendiane': 0, 'phiras': 0, 'thystame': 0}
2025-06-25 05:07:39,212 - __main__ - DEBUG - État changé: EMERGENCY_FOOD_SEARCH (critique)
2025-06-25 05:07:39,212 - __main__ - CRITICAL - 🚨🚨 MODE URGENCE : Survie immédiate prioritaire.
2025-06-25 05:07:39,212 - __main__ - CRITICAL - 🚨 MODE URGENCE : Recherche prioritaire de nourriture
2025-06-25 05:07:39,212 - __main__ - CRITICAL - 🚨 NOURRITURE TROUVÉE À (0, 0), DÉPLACEMENT URGENT
2025-06-25 05:07:39,212 - __main__ - DEBUG - 🎯 Déplacement itératif vers (8, 10) depuis (8, 10)
2025-06-25 05:07:39,212 - __main__ - INFO - ✅ Arrivé à la destination (8, 10)
2025-06-25 05:07:39,212 - __main__ - CRITICAL - ✅ DÉPLACEMENT URGENT RÉUSSI, COLLECTE IMMÉDIATE
2025-06-25 05:07:39,212 - core.client - DEBUG - Envoyé (7s): Take food
2025-06-25 05:07:39,213 - core.client - DEBUG - En attente de données du serveur...
2025-06-25 05:07:39,283 - core.client - DEBUG - Données reçues: ok
2025-06-25 05:07:39,284 - __main__ - WARNING - ⚠️ Réponse inattendue lors de la collecte de food: True
2025-06-25 05:07:39,284 - __main__ - CRITICAL - ❌ ÉCHEC DE LA COLLECTE EN MODE URGENCE
2025-06-25 05:07:39,386 - core.client - DEBUG - Envoyé (1s): Inventory
2025-06-25 05:07:39,386 - core.client - DEBUG - En attente de données du serveur...
2025-06-25 05:07:39,397 - core.client - DEBUG - Données reçues: [ food 5, linemate 0, deraumere 0, sibur 0, mendiane 0, phiras 0, thystame 0 ]
2025-06-25 05:07:39,398 - __main__ - DEBUG - Inventaire mis à jour: {'food': 5, 'linemate': 0, 'deraumere': 0, 'sibur': 0, 'mendiane': 0, 'phiras': 0, 'thystame': 0}
2025-06-25 05:07:39,398 - __main__ - DEBUG - Pas assez de linemate dans l'inventaire pour l'élévation
2025-06-25 05:07:39,399 - __main__ - DEBUG - État changé: GATHERING_RESOURCES linemate (priorité)
2025-06-25 05:07:39,399 - __main__ - INFO - 🔍 Collecte de linemate pour l'équipe...
2025-06-25 05:07:39,399 - __main__ - INFO - 🔍 Aucun linemate en vue, exploration...
2025-06-25 05:07:39,399 - __main__ - ERROR - Erreur lors de la recherche de cible inexplorée: 'Map' object has no attribute 'is_explored'
2025-06-25 05:07:39,399 - __main__ - ERROR - Erreur lors de la recherche de ressources rares: 'Map' object has no attribute 'get_tile_content'
2025-06-25 05:07:39,399 - __main__ - INFO - 🎯 Exploration vers (8, 14) pour trouver du linemate
2025-06-25 05:07:39,400 - __main__ - DEBUG - 🎯 Déplacement itératif vers (1, 4) depuis (8, 10)
2025-06-25 05:07:39,400 - __main__ - DEBUG - Position actuelle: (8, 10), Cible: (1, 4), Relatif: (-7, -6)
2025-06-25 05:07:39,400 - core.client - DEBUG - Envoyé (7s): Right
2025-06-25 05:07:39,400 - core.client - DEBUG - En attente de données du serveur...
2025-06-25 05:07:39,471 - core.client - DEBUG - Données reçues: ok
2025-06-25 05:07:39,471 - __main__ - DEBUG - Direction mise à jour: 0
2025-06-25 05:07:39,471 - __main__ - DEBUG - Rotation vers la droite: 0
2025-06-25 05:07:39,471 - core.client - DEBUG - Envoyé (7s): Forward
2025-06-25 05:07:39,472 - core.client - DEBUG - En attente de données du serveur...
2025-06-25 05:07:39,542 - core.client - DEBUG - Données reçues: ok
2025-06-25 05:07:39,542 - __main__ - DEBUG - Position mise à jour: (8, 9)
2025-06-25 05:07:39,542 - __main__ - DEBUG - Déplacement vers (8, 9)
2025-06-25 05:07:39,542 - __main__ - DEBUG - 🔄 Mise à jour forcée de la vision (ignorant le cooldown)
2025-06-25 05:07:39,543 - core.client - DEBUG - Envoyé (7s): Look
2025-06-25 05:07:39,543 - core.client - DEBUG - En attente de données du serveur...
2025-06-25 05:07:39,613 - core.client - DEBUG - Données reçues: [ player,, food, ]
2025-06-25 05:07:39,614 - __main__ - DEBUG - Vision forcée mise à jour: [['player'], [], ['food'], []]
2025-06-25 05:07:39,614 - __main__ - INFO - 🎯 Nourriture trouvée à (1, 1) - distance 2 vs 12
2025-06-25 05:07:39,614 - __main__ - INFO - 🎯 Meilleure opportunité détectée, changement de cap !
2025-06-25 05:07:39,614 - __main__ - INFO - ✅ Déplacement d'exploration réussi
2025-06-25 05:07:40,421 - core.client - DEBUG - Envoyé (1s): Inventory
2025-06-25 05:07:40,421 - core.client - DEBUG - En attente de données du serveur...
2025-06-25 05:07:40,431 - core.client - DEBUG - Données reçues: [ food 4, linemate 0, deraumere 0, sibur 0, mendiane 0, phiras 0, thystame 0 ]
2025-06-25 05:07:40,431 - __main__ - DEBUG - Inventaire mis à jour: {'food': 4, 'linemate': 0, 'deraumere': 0, 'sibur': 0, 'mendiane': 0, 'phiras': 0, 'thystame': 0}
2025-06-25 05:07:40,431 - __main__ - DEBUG - État changé: EMERGENCY_FOOD_SEARCH (critique)
2025-06-25 05:07:40,431 - __main__ - CRITICAL - 🚨🚨 MODE URGENCE : Survie immédiate prioritaire.
2025-06-25 05:07:40,432 - __main__ - CRITICAL - 🚨 MODE URGENCE : Recherche prioritaire de nourriture
2025-06-25 05:07:40,432 - __main__ - CRITICAL - 🚨 NOURRITURE TROUVÉE À (1, 1), DÉPLACEMENT URGENT
2025-06-25 05:07:40,432 - __main__ - DEBUG - 🎯 Déplacement itératif vers (9, 10) depuis (8, 9)
2025-06-25 05:07:40,432 - __main__ - DEBUG - Position actuelle: (8, 9), Cible: (9, 10), Relatif: (1, 1)
2025-06-25 05:07:40,432 - core.client - DEBUG - Envoyé (7s): Right
2025-06-25 05:07:40,432 - core.client - DEBUG - En attente de données du serveur...
2025-06-25 05:07:40,502 - core.client - DEBUG - Données reçues: ok
2025-06-25 05:07:40,503 - __main__ - DEBUG - Direction mise à jour: 1
2025-06-25 05:07:40,503 - __main__ - DEBUG - Rotation vers la droite: 1
2025-06-25 05:07:40,503 - core.client - DEBUG - Envoyé (7s): Forward
2025-06-25 05:07:40,503 - core.client - DEBUG - En attente de données du serveur...
2025-06-25 05:07:40,573 - core.client - DEBUG - Données reçues: ok
2025-06-25 05:07:40,574 - __main__ - DEBUG - Position mise à jour: (9, 9)
2025-06-25 05:07:40,574 - __main__ - DEBUG - Déplacement vers (9, 9)
2025-06-25 05:07:40,574 - __main__ - DEBUG - 🔄 Mise à jour forcée de la vision (ignorant le cooldown)
2025-06-25 05:07:40,574 - core.client - DEBUG - Envoyé (7s): Look
2025-06-25 05:07:40,574 - core.client - DEBUG - En attente de données du serveur...
2025-06-25 05:07:40,645 - core.client - DEBUG - Données reçues: [ player,, linemate sibur, thystame ]
2025-06-25 05:07:40,645 - __main__ - DEBUG - Vision forcée mise à jour: [['player'], [], ['linemate', 'sibur'], ['thystame']]
2025-06-25 05:07:40,746 - __main__ - DEBUG - Position actuelle: (9, 9), Cible: (9, 10), Relatif: (0, 1)
2025-06-25 05:07:40,747 - core.client - DEBUG - Envoyé (7s): Right
2025-06-25 05:07:40,747 - core.client - DEBUG - En attente de données du serveur...
2025-06-25 05:07:40,817 - core.client - DEBUG - Données reçues: ok
2025-06-25 05:07:40,817 - __main__ - DEBUG - Direction mise à jour: 2
2025-06-25 05:07:40,817 - __main__ - DEBUG - Rotation vers la droite: 2
2025-06-25 05:07:40,818 - core.client - DEBUG - Envoyé (7s): Forward
2025-06-25 05:07:40,818 - core.client - DEBUG - En attente de données du serveur...
2025-06-25 05:07:40,889 - core.client - DEBUG - Données reçues: ok
2025-06-25 05:07:40,890 - __main__ - DEBUG - Position mise à jour: (9, 10)
2025-06-25 05:07:40,890 - __main__ - DEBUG - Déplacement vers (9, 10)
2025-06-25 05:07:40,890 - __main__ - DEBUG - 🔄 Mise à jour forcée de la vision (ignorant le cooldown)
2025-06-25 05:07:40,891 - core.client - DEBUG - Envoyé (7s): Look
2025-06-25 05:07:40,891 - core.client - DEBUG - En attente de données du serveur...
2025-06-25 05:07:40,961 - core.client - DEBUG - Données reçues: [ player food,,, food deraumere ]
2025-06-25 05:07:40,962 - __main__ - DEBUG - Vision forcée mise à jour: [['player', 'food'], [], [], ['food', 'deraumere']]
2025-06-25 05:07:41,062 - __main__ - INFO - ✅ Arrivé à la destination (9, 10)
2025-06-25 05:07:41,062 - __main__ - CRITICAL - ✅ DÉPLACEMENT URGENT RÉUSSI, COLLECTE IMMÉDIATE
2025-06-25 05:07:41,062 - core.client - DEBUG - Envoyé (7s): Take food
2025-06-25 05:07:41,062 - core.client - DEBUG - En attente de données du serveur...
2025-06-25 05:07:41,133 - core.client - DEBUG - Données reçues: ok
2025-06-25 05:07:41,133 - __main__ - WARNING - ⚠️ Réponse inattendue lors de la collecte de food: True
2025-06-25 05:07:41,133 - __main__ - CRITICAL - ❌ ÉCHEC DE LA COLLECTE EN MODE URGENCE
2025-06-25 05:07:41,236 - core.client - DEBUG - Envoyé (1s): Inventory
2025-06-25 05:07:41,236 - core.client - DEBUG - En attente de données du serveur...
2025-06-25 05:07:41,246 - core.client - DEBUG - Données reçues: [ food 5, linemate 0, deraumere 0, sibur 0, mendiane 0, phiras 0, thystame 0 ]
2025-06-25 05:07:41,247 - __main__ - DEBUG - Inventaire mis à jour: {'food': 5, 'linemate': 0, 'deraumere': 0, 'sibur': 0, 'mendiane': 0, 'phiras': 0, 'thystame': 0}
2025-06-25 05:07:41,247 - __main__ - DEBUG - Pas assez de linemate dans l'inventaire pour l'élévation
2025-06-25 05:07:41,247 - __main__ - DEBUG - État changé: GATHERING_RESOURCES linemate (priorité)
2025-06-25 05:07:41,247 - __main__ - INFO - 🔍 Collecte de linemate pour l'équipe...
2025-06-25 05:07:41,247 - __main__ - INFO - 🎯 linemate trouvé à (1, 0), déplacement...
2025-06-25 05:07:41,247 - __main__ - DEBUG - 🎯 Déplacement itératif vers (10, 10) depuis (9, 10)
2025-06-25 05:07:41,247 - __main__ - DEBUG - Position actuelle: (9, 10), Cible: (10, 10), Relatif: (1, 0)
2025-06-25 05:07:41,247 - core.client - DEBUG - Envoyé (7s): Left
2025-06-25 05:07:41,247 - core.client - DEBUG - En attente de données du serveur...
2025-06-25 05:07:41,318 - core.client - DEBUG - Données reçues: ok
2025-06-25 05:07:41,318 - __main__ - DEBUG - Direction mise à jour: 1
2025-06-25 05:07:41,318 - __main__ - DEBUG - Rotation vers la gauche: 1
2025-06-25 05:07:41,318 - core.client - DEBUG - Envoyé (7s): Forward
2025-06-25 05:07:41,318 - core.client - DEBUG - En attente de données du serveur...
2025-06-25 05:07:41,389 - core.client - DEBUG - Données reçues: ok
2025-06-25 05:07:41,390 - __main__ - DEBUG - Position mise à jour: (10, 10)
2025-06-25 05:07:41,390 - __main__ - DEBUG - Déplacement vers (10, 10)
2025-06-25 05:07:41,390 - __main__ - DEBUG - 🔄 Mise à jour forcée de la vision (ignorant le cooldown)
2025-06-25 05:07:41,390 - core.client - DEBUG - Envoyé (7s): Look
2025-06-25 05:07:41,390 - core.client - DEBUG - En attente de données du serveur...
2025-06-25 05:07:41,461 - core.client - DEBUG - Données reçues: [ player thystame, mendiane, food, food linemate ]
2025-06-25 05:07:41,461 - __main__ - DEBUG - Vision forcée mise à jour: [['player', 'thystame'], ['mendiane'], ['food'], ['food', 'linemate']]
2025-06-25 05:07:41,561 - __main__ - INFO - ✅ Arrivé à la destination (10, 10)
2025-06-25 05:07:41,561 - __main__ - DEBUG - 🔍 linemate non trouvé sur la case actuelle
2025-06-25 05:07:41,562 - __main__ - WARNING - ❌ Échec de la collecte de linemate
2025-06-25 05:07:42,367 - core.client - DEBUG - Envoyé (1s): Inventory
2025-06-25 05:07:42,368 - core.client - DEBUG - En attente de données du serveur...
2025-06-25 05:07:42,378 - core.client - DEBUG - Données reçues: [ food 4, linemate 0, deraumere 0, sibur 0, mendiane 0, phiras 0, thystame 0 ]
2025-06-25 05:07:42,379 - __main__ - DEBUG - Inventaire mis à jour: {'food': 4, 'linemate': 0, 'deraumere': 0, 'sibur': 0, 'mendiane': 0, 'phiras': 0, 'thystame': 0}
2025-06-25 05:07:42,379 - __main__ - DEBUG - État changé: EMERGENCY_FOOD_SEARCH (critique)
2025-06-25 05:07:42,379 - __main__ - CRITICAL - 🚨🚨 MODE URGENCE : Survie immédiate prioritaire.
2025-06-25 05:07:42,379 - __main__ - CRITICAL - 🚨 MODE URGENCE : Recherche prioritaire de nourriture
2025-06-25 05:07:42,379 - __main__ - CRITICAL - 🚨 NOURRITURE TROUVÉE À (0, 1), DÉPLACEMENT URGENT
2025-06-25 05:07:42,379 - __main__ - DEBUG - 🎯 Déplacement itératif vers (10, 11) depuis (10, 10)
2025-06-25 05:07:42,379 - __main__ - DEBUG - Position actuelle: (10, 10), Cible: (10, 11), Relatif: (0, 1)
2025-06-25 05:07:42,379 - core.client - DEBUG - Envoyé (7s): Right
2025-06-25 05:07:42,379 - core.client - DEBUG - En attente de données du serveur...
2025-06-25 05:07:42,450 - core.client - DEBUG - Données reçues: ok
2025-06-25 05:07:42,450 - __main__ - DEBUG - Direction mise à jour: 2
2025-06-25 05:07:42,450 - __main__ - DEBUG - Rotation vers la droite: 2
2025-06-25 05:07:42,451 - core.client - DEBUG - Envoyé (7s): Forward
2025-06-25 05:07:42,451 - core.client - DEBUG - En attente de données du serveur...
2025-06-25 05:07:42,521 - core.client - DEBUG - Données reçues: ok
2025-06-25 05:07:42,521 - __main__ - DEBUG - Position mise à jour: (10, 11)
2025-06-25 05:07:42,521 - __main__ - DEBUG - Déplacement vers (10, 11)
2025-06-25 05:07:42,521 - __main__ - DEBUG - 🔄 Mise à jour forcée de la vision (ignorant le cooldown)
2025-06-25 05:07:42,521 - core.client - DEBUG - Envoyé (7s): Look
2025-06-25 05:07:42,521 - core.client - DEBUG - En attente de données du serveur...
2025-06-25 05:07:42,592 - core.client - DEBUG - Données reçues: [ player, food food deraumere, mendiane, phiras ]
2025-06-25 05:07:42,592 - __main__ - DEBUG - Vision forcée mise à jour: [['player'], ['food', 'food', 'deraumere'], ['mendiane'], ['phiras']]
2025-06-25 05:07:42,693 - __main__ - INFO - ✅ Arrivé à la destination (10, 11)
2025-06-25 05:07:42,694 - __main__ - CRITICAL - ✅ DÉPLACEMENT URGENT RÉUSSI, COLLECTE IMMÉDIATE
2025-06-25 05:07:42,694 - __main__ - DEBUG - 🔍 food non trouvé sur la case actuelle
2025-06-25 05:07:42,694 - __main__ - CRITICAL - ❌ ÉCHEC DE LA COLLECTE EN MODE URGENCE
2025-06-25 05:07:42,796 - core.client - DEBUG - Envoyé (1s): Inventory
2025-06-25 05:07:42,796 - core.client - DEBUG - En attente de données du serveur...
2025-06-25 05:07:42,807 - core.client - DEBUG - Données reçues: [ food 4, linemate 0, deraumere 0, sibur 0, mendiane 0, phiras 0, thystame 0 ]
2025-06-25 05:07:42,807 - __main__ - DEBUG - Inventaire mis à jour: {'food': 4, 'linemate': 0, 'deraumere': 0, 'sibur': 0, 'mendiane': 0, 'phiras': 0, 'thystame': 0}
2025-06-25 05:07:42,807 - __main__ - DEBUG - État changé: EMERGENCY_FOOD_SEARCH (critique)
2025-06-25 05:07:42,807 - __main__ - CRITICAL - 🚨🚨 MODE URGENCE : Survie immédiate prioritaire.
2025-06-25 05:07:42,808 - __main__ - CRITICAL - 🚨 MODE URGENCE : Recherche prioritaire de nourriture
2025-06-25 05:07:42,808 - __main__ - CRITICAL - 🚨 NOURRITURE TROUVÉE À (1, 0), DÉPLACEMENT URGENT
2025-06-25 05:07:42,808 - __main__ - DEBUG - 🎯 Déplacement itératif vers (11, 11) depuis (10, 11)
2025-06-25 05:07:42,808 - __main__ - DEBUG - Position actuelle: (10, 11), Cible: (11, 11), Relatif: (1, 0)
2025-06-25 05:07:42,809 - core.client - DEBUG - Envoyé (7s): Left
2025-06-25 05:07:42,809 - core.client - DEBUG - En attente de données du serveur...
2025-06-25 05:07:42,879 - core.client - DEBUG - Données reçues: ok
2025-06-25 05:07:42,880 - __main__ - DEBUG - Direction mise à jour: 1
2025-06-25 05:07:42,880 - __main__ - DEBUG - Rotation vers la gauche: 1
2025-06-25 05:07:42,880 - core.client - DEBUG - Envoyé (7s): Forward
2025-06-25 05:07:42,880 - core.client - DEBUG - En attente de données du serveur...
2025-06-25 05:07:42,950 - core.client - DEBUG - Données reçues: ok
2025-06-25 05:07:42,950 - __main__ - DEBUG - Position mise à jour: (11, 11)
2025-06-25 05:07:42,950 - __main__ - DEBUG - Déplacement vers (11, 11)
2025-06-25 05:07:42,950 - __main__ - DEBUG - 🔄 Mise à jour forcée de la vision (ignorant le cooldown)
2025-06-25 05:07:42,951 - core.client - DEBUG - Envoyé (7s): Look
2025-06-25 05:07:42,951 - core.client - DEBUG - En attente de données du serveur...
2025-06-25 05:07:43,021 - core.client - DEBUG - Données reçues: [ player food linemate, food, food linemate mendiane, ]
2025-06-25 05:07:43,022 - __main__ - DEBUG - Vision forcée mise à jour: [['player', 'food', 'linemate'], ['food'], ['food', 'linemate', 'mendiane'], []]
2025-06-25 05:07:43,123 - __main__ - INFO - ✅ Arrivé à la destination (11, 11)
2025-06-25 05:07:43,124 - __main__ - CRITICAL - ✅ DÉPLACEMENT URGENT RÉUSSI, COLLECTE IMMÉDIATE
2025-06-25 05:07:43,124 - core.client - DEBUG - Envoyé (7s): Take food
2025-06-25 05:07:43,125 - core.client - DEBUG - En attente de données du serveur...
2025-06-25 05:07:43,195 - core.client - DEBUG - Données reçues: ok
2025-06-25 05:07:43,195 - __main__ - WARNING - ⚠️ Réponse inattendue lors de la collecte de food: True
2025-06-25 05:07:43,195 - __main__ - CRITICAL - ❌ ÉCHEC DE LA COLLECTE EN MODE URGENCE
2025-06-25 05:07:43,297 - core.client - DEBUG - Envoyé (1s): Inventory
2025-06-25 05:07:43,297 - core.client - DEBUG - En attente de données du serveur...
2025-06-25 05:07:43,307 - core.client - DEBUG - Données reçues: [ food 4, linemate 0, deraumere 0, sibur 0, mendiane 0, phiras 0, thystame 0 ]
2025-06-25 05:07:43,307 - __main__ - DEBUG - Inventaire mis à jour: {'food': 4, 'linemate': 0, 'deraumere': 0, 'sibur': 0, 'mendiane': 0, 'phiras': 0, 'thystame': 0}
2025-06-25 05:07:43,308 - __main__ - DEBUG - État changé: EMERGENCY_FOOD_SEARCH (critique)
2025-06-25 05:07:43,308 - __main__ - CRITICAL - 🚨🚨 MODE URGENCE : Survie immédiate prioritaire.
2025-06-25 05:07:43,308 - __main__ - CRITICAL - 🚨 MODE URGENCE : Recherche prioritaire de nourriture
2025-06-25 05:07:43,308 - __main__ - CRITICAL - 🚨 NOURRITURE TROUVÉE À (0, 0), DÉPLACEMENT URGENT
2025-06-25 05:07:43,308 - __main__ - DEBUG - 🎯 Déplacement itératif vers (11, 11) depuis (11, 11)
2025-06-25 05:07:43,308 - __main__ - INFO - ✅ Arrivé à la destination (11, 11)
2025-06-25 05:07:43,308 - __main__ - CRITICAL - ✅ DÉPLACEMENT URGENT RÉUSSI, COLLECTE IMMÉDIATE
2025-06-25 05:07:43,308 - core.client - DEBUG - Envoyé (7s): Take food
2025-06-25 05:07:43,308 - core.client - DEBUG - En attente de données du serveur...
2025-06-25 05:07:43,379 - core.client - DEBUG - Données reçues: ko
2025-06-25 05:07:43,379 - __main__ - WARNING - ⚠️ Réponse inattendue lors de la collecte de food: False
2025-06-25 05:07:43,379 - __main__ - CRITICAL - ❌ ÉCHEC DE LA COLLECTE EN MODE URGENCE
2025-06-25 05:07:43,481 - core.client - DEBUG - Envoyé (1s): Inventory
2025-06-25 05:07:43,481 - core.client - DEBUG - En attente de données du serveur...
2025-06-25 05:07:43,491 - core.client - DEBUG - Données reçues: [ food 4, linemate 0, deraumere 0, sibur 0, mendiane 0, phiras 0, thystame 0 ]
2025-06-25 05:07:43,491 - __main__ - DEBUG - Inventaire mis à jour: {'food': 4, 'linemate': 0, 'deraumere': 0, 'sibur': 0, 'mendiane': 0, 'phiras': 0, 'thystame': 0}
2025-06-25 05:07:43,491 - __main__ - DEBUG - État changé: EMERGENCY_FOOD_SEARCH (critique)
2025-06-25 05:07:43,491 - __main__ - CRITICAL - 🚨🚨 MODE URGENCE : Survie immédiate prioritaire.
2025-06-25 05:07:43,491 - __main__ - CRITICAL - 🚨 MODE URGENCE : Recherche prioritaire de nourriture
2025-06-25 05:07:43,491 - __main__ - CRITICAL - 🚨 NOURRITURE TROUVÉE À (0, 0), DÉPLACEMENT URGENT
2025-06-25 05:07:43,491 - __main__ - DEBUG - 🎯 Déplacement itératif vers (11, 11) depuis (11, 11)
2025-06-25 05:07:43,491 - __main__ - INFO - ✅ Arrivé à la destination (11, 11)
2025-06-25 05:07:43,491 - __main__ - CRITICAL - ✅ DÉPLACEMENT URGENT RÉUSSI, COLLECTE IMMÉDIATE
2025-06-25 05:07:43,492 - core.client - DEBUG - Envoyé (7s): Take food
2025-06-25 05:07:43,492 - core.client - DEBUG - En attente de données du serveur...
2025-06-25 05:07:43,562 - core.client - DEBUG - Données reçues: ko
2025-06-25 05:07:43,562 - __main__ - WARNING - ⚠️ Réponse inattendue lors de la collecte de food: False
2025-06-25 05:07:43,562 - __main__ - CRITICAL - ❌ ÉCHEC DE LA COLLECTE EN MODE URGENCE
2025-06-25 05:07:43,664 - core.client - DEBUG - Envoyé (1s): Inventory
2025-06-25 05:07:43,664 - core.client - DEBUG - En attente de données du serveur...
2025-06-25 05:07:43,675 - core.client - DEBUG - Données reçues: [ food 4, linemate 0, deraumere 0, sibur 0, mendiane 0, phiras 0, thystame 0 ]
2025-06-25 05:07:43,676 - __main__ - DEBUG - Inventaire mis à jour: {'food': 4, 'linemate': 0, 'deraumere': 0, 'sibur': 0, 'mendiane': 0, 'phiras': 0, 'thystame': 0}
2025-06-25 05:07:43,676 - __main__ - DEBUG - État changé: EMERGENCY_FOOD_SEARCH (critique)
2025-06-25 05:07:43,676 - __main__ - CRITICAL - 🚨🚨 MODE URGENCE : Survie immédiate prioritaire.
2025-06-25 05:07:43,676 - __main__ - CRITICAL - 🚨 MODE URGENCE : Recherche prioritaire de nourriture
2025-06-25 05:07:43,676 - __main__ - CRITICAL - 🚨 NOURRITURE TROUVÉE À (0, 0), DÉPLACEMENT URGENT
2025-06-25 05:07:43,676 - __main__ - DEBUG - 🎯 Déplacement itératif vers (11, 11) depuis (11, 11)
2025-06-25 05:07:43,676 - __main__ - INFO - ✅ Arrivé à la destination (11, 11)
2025-06-25 05:07:43,676 - __main__ - CRITICAL - ✅ DÉPLACEMENT URGENT RÉUSSI, COLLECTE IMMÉDIATE
2025-06-25 05:07:43,676 - core.client - DEBUG - Envoyé (7s): Take food
2025-06-25 05:07:43,676 - core.client - DEBUG - En attente de données du serveur...
2025-06-25 05:07:43,747 - core.client - DEBUG - Données reçues: ko
2025-06-25 05:07:43,747 - __main__ - WARNING - ⚠️ Réponse inattendue lors de la collecte de food: False
2025-06-25 05:07:43,747 - __main__ - CRITICAL - ❌ ÉCHEC DE LA COLLECTE EN MODE URGENCE
2025-06-25 05:07:43,849 - core.client - DEBUG - Envoyé (1s): Inventory
2025-06-25 05:07:43,849 - core.client - DEBUG - En attente de données du serveur...
2025-06-25 05:07:43,860 - core.client - DEBUG - Données reçues: [ food 4, linemate 0, deraumere 0, sibur 0, mendiane 0, phiras 0, thystame 0 ]
2025-06-25 05:07:43,860 - __main__ - DEBUG - Inventaire mis à jour: {'food': 4, 'linemate': 0, 'deraumere': 0, 'sibur': 0, 'mendiane': 0, 'phiras': 0, 'thystame': 0}
2025-06-25 05:07:43,860 - __main__ - DEBUG - État changé: EMERGENCY_FOOD_SEARCH (critique)
2025-06-25 05:07:43,860 - __main__ - CRITICAL - 🚨🚨 MODE URGENCE : Survie immédiate prioritaire.
2025-06-25 05:07:43,860 - __main__ - CRITICAL - 🚨 MODE URGENCE : Recherche prioritaire de nourriture
2025-06-25 05:07:43,860 - __main__ - CRITICAL - 🚨 NOURRITURE TROUVÉE À (0, 0), DÉPLACEMENT URGENT
2025-06-25 05:07:43,860 - __main__ - DEBUG - 🎯 Déplacement itératif vers (11, 11) depuis (11, 11)
2025-06-25 05:07:43,860 - __main__ - INFO - ✅ Arrivé à la destination (11, 11)
2025-06-25 05:07:43,860 - __main__ - CRITICAL - ✅ DÉPLACEMENT URGENT RÉUSSI, COLLECTE IMMÉDIATE
2025-06-25 05:07:43,860 - core.client - DEBUG - Envoyé (7s): Take food
2025-06-25 05:07:43,861 - core.client - DEBUG - En attente de données du serveur...
2025-06-25 05:07:43,931 - core.client - DEBUG - Données reçues: ko
2025-06-25 05:07:43,931 - __main__ - WARNING - ⚠️ Réponse inattendue lors de la collecte de food: False
2025-06-25 05:07:43,931 - __main__ - CRITICAL - ❌ ÉCHEC DE LA COLLECTE EN MODE URGENCE
2025-06-25 05:07:44,033 - core.client - DEBUG - Envoyé (1s): Inventory
2025-06-25 05:07:44,033 - core.client - DEBUG - En attente de données du serveur...
2025-06-25 05:07:44,043 - core.client - DEBUG - Données reçues: [ food 4, linemate 0, deraumere 0, sibur 0, mendiane 0, phiras 0, thystame 0 ]
2025-06-25 05:07:44,044 - __main__ - DEBUG - Inventaire mis à jour: {'food': 4, 'linemate': 0, 'deraumere': 0, 'sibur': 0, 'mendiane': 0, 'phiras': 0, 'thystame': 0}
2025-06-25 05:07:44,044 - __main__ - DEBUG - État changé: EMERGENCY_FOOD_SEARCH (critique)
2025-06-25 05:07:44,044 - __main__ - CRITICAL - 🚨🚨 MODE URGENCE : Survie immédiate prioritaire.
2025-06-25 05:07:44,044 - __main__ - CRITICAL - 🚨 MODE URGENCE : Recherche prioritaire de nourriture
2025-06-25 05:07:44,044 - __main__ - CRITICAL - 🚨 NOURRITURE TROUVÉE À (0, 0), DÉPLACEMENT URGENT
2025-06-25 05:07:44,044 - __main__ - DEBUG - 🎯 Déplacement itératif vers (11, 11) depuis (11, 11)
2025-06-25 05:07:44,044 - __main__ - INFO - ✅ Arrivé à la destination (11, 11)
2025-06-25 05:07:44,044 - __main__ - CRITICAL - ✅ DÉPLACEMENT URGENT RÉUSSI, COLLECTE IMMÉDIATE
2025-06-25 05:07:44,044 - core.client - DEBUG - Envoyé (7s): Take food
2025-06-25 05:07:44,045 - core.client - DEBUG - En attente de données du serveur...
2025-06-25 05:07:44,115 - core.client - DEBUG - Données reçues: ko
2025-06-25 05:07:44,115 - __main__ - WARNING - ⚠️ Réponse inattendue lors de la collecte de food: False
2025-06-25 05:07:44,115 - __main__ - CRITICAL - ❌ ÉCHEC DE LA COLLECTE EN MODE URGENCE
2025-06-25 05:07:44,217 - core.client - DEBUG - Envoyé (1s): Inventory
2025-06-25 05:07:44,217 - core.client - DEBUG - En attente de données du serveur...
2025-06-25 05:07:44,228 - core.client - DEBUG - Données reçues: [ food 3, linemate 0, deraumere 0, sibur 0, mendiane 0, phiras 0, thystame 0 ]
2025-06-25 05:07:44,228 - __main__ - DEBUG - Inventaire mis à jour: {'food': 3, 'linemate': 0, 'deraumere': 0, 'sibur': 0, 'mendiane': 0, 'phiras': 0, 'thystame': 0}
2025-06-25 05:07:44,228 - __main__ - DEBUG - État changé: EMERGENCY_FOOD_SEARCH (critique)
2025-06-25 05:07:44,228 - __main__ - CRITICAL - 🚨🚨 MODE URGENCE : Survie immédiate prioritaire.
2025-06-25 05:07:44,228 - __main__ - CRITICAL - 🚨 MODE URGENCE : Recherche prioritaire de nourriture
2025-06-25 05:07:44,228 - __main__ - CRITICAL - 🚨 NOURRITURE TROUVÉE À (0, 0), DÉPLACEMENT URGENT
2025-06-25 05:07:44,228 - __main__ - DEBUG - 🎯 Déplacement itératif vers (11, 11) depuis (11, 11)
2025-06-25 05:07:44,228 - __main__ - INFO - ✅ Arrivé à la destination (11, 11)
2025-06-25 05:07:44,229 - __main__ - CRITICAL - ✅ DÉPLACEMENT URGENT RÉUSSI, COLLECTE IMMÉDIATE
2025-06-25 05:07:44,229 - core.client - DEBUG - Envoyé (7s): Take food
2025-06-25 05:07:44,229 - core.client - DEBUG - En attente de données du serveur...
2025-06-25 05:07:44,300 - core.client - DEBUG - Données reçues: ko
2025-06-25 05:07:44,300 - __main__ - WARNING - ⚠️ Réponse inattendue lors de la collecte de food: False
2025-06-25 05:07:44,300 - __main__ - CRITICAL - ❌ ÉCHEC DE LA COLLECTE EN MODE URGENCE
2025-06-25 05:07:44,402 - core.client - DEBUG - Envoyé (1s): Inventory
2025-06-25 05:07:44,402 - core.client - DEBUG - En attente de données du serveur...
2025-06-25 05:07:44,412 - core.client - DEBUG - Données reçues: [ food 3, linemate 0, deraumere 0, sibur 0, mendiane 0, phiras 0, thystame 0 ]
2025-06-25 05:07:44,413 - __main__ - DEBUG - Inventaire mis à jour: {'food': 3, 'linemate': 0, 'deraumere': 0, 'sibur': 0, 'mendiane': 0, 'phiras': 0, 'thystame': 0}
2025-06-25 05:07:44,413 - __main__ - DEBUG - État changé: EMERGENCY_FOOD_SEARCH (critique)
2025-06-25 05:07:44,413 - __main__ - CRITICAL - 🚨🚨 MODE URGENCE : Survie immédiate prioritaire.
2025-06-25 05:07:44,413 - __main__ - CRITICAL - 🚨 MODE URGENCE : Recherche prioritaire de nourriture
2025-06-25 05:07:44,413 - __main__ - CRITICAL - 🚨 NOURRITURE TROUVÉE À (0, 0), DÉPLACEMENT URGENT
2025-06-25 05:07:44,413 - __main__ - DEBUG - 🎯 Déplacement itératif vers (11, 11) depuis (11, 11)
2025-06-25 05:07:44,413 - __main__ - INFO - ✅ Arrivé à la destination (11, 11)
2025-06-25 05:07:44,413 - __main__ - CRITICAL - ✅ DÉPLACEMENT URGENT RÉUSSI, COLLECTE IMMÉDIATE
2025-06-25 05:07:44,413 - core.client - DEBUG - Envoyé (7s): Take food
2025-06-25 05:07:44,413 - core.client - DEBUG - En attente de données du serveur...
2025-06-25 05:07:44,484 - core.client - DEBUG - Données reçues: ko
2025-06-25 05:07:44,484 - __main__ - WARNING - ⚠️ Réponse inattendue lors de la collecte de food: False
2025-06-25 05:07:44,484 - __main__ - CRITICAL - ❌ ÉCHEC DE LA COLLECTE EN MODE URGENCE
2025-06-25 05:07:44,586 - core.client - DEBUG - Envoyé (1s): Inventory
2025-06-25 05:07:44,586 - core.client - DEBUG - En attente de données du serveur...
2025-06-25 05:07:44,596 - core.client - DEBUG - Données reçues: [ food 3, linemate 0, deraumere 0, sibur 0, mendiane 0, phiras 0, thystame 0 ]
2025-06-25 05:07:44,596 - __main__ - DEBUG - Inventaire mis à jour: {'food': 3, 'linemate': 0, 'deraumere': 0, 'sibur': 0, 'mendiane': 0, 'phiras': 0, 'thystame': 0}
2025-06-25 05:07:44,596 - __main__ - DEBUG - État changé: EMERGENCY_FOOD_SEARCH (critique)
2025-06-25 05:07:44,597 - __main__ - CRITICAL - 🚨🚨 MODE URGENCE : Survie immédiate prioritaire.
2025-06-25 05:07:44,597 - __main__ - CRITICAL - 🚨 MODE URGENCE : Recherche prioritaire de nourriture
2025-06-25 05:07:44,597 - __main__ - CRITICAL - 🚨 NOURRITURE TROUVÉE À (0, 0), DÉPLACEMENT URGENT
2025-06-25 05:07:44,597 - __main__ - DEBUG - 🎯 Déplacement itératif vers (11, 11) depuis (11, 11)
2025-06-25 05:07:44,597 - __main__ - INFO - ✅ Arrivé à la destination (11, 11)
2025-06-25 05:07:44,597 - __main__ - CRITICAL - ✅ DÉPLACEMENT URGENT RÉUSSI, COLLECTE IMMÉDIATE
2025-06-25 05:07:44,597 - core.client - DEBUG - Envoyé (7s): Take food
2025-06-25 05:07:44,597 - core.client - DEBUG - En attente de données du serveur...
2025-06-25 05:07:44,668 - core.client - DEBUG - Données reçues: ko
2025-06-25 05:07:44,669 - __main__ - WARNING - ⚠️ Réponse inattendue lors de la collecte de food: False
2025-06-25 05:07:44,669 - __main__ - CRITICAL - ❌ ÉCHEC DE LA COLLECTE EN MODE URGENCE
2025-06-25 05:07:44,770 - core.client - DEBUG - Envoyé (1s): Inventory
2025-06-25 05:07:44,771 - core.client - DEBUG - En attente de données du serveur...
2025-06-25 05:07:44,781 - core.client - DEBUG - Données reçues: [ food 3, linemate 0, deraumere 0, sibur 0, mendiane 0, phiras 0, thystame 0 ]
2025-06-25 05:07:44,781 - __main__ - DEBUG - Inventaire mis à jour: {'food': 3, 'linemate': 0, 'deraumere': 0, 'sibur': 0, 'mendiane': 0, 'phiras': 0, 'thystame': 0}
2025-06-25 05:07:44,781 - __main__ - DEBUG - État changé: EMERGENCY_FOOD_SEARCH (critique)
2025-06-25 05:07:44,781 - __main__ - CRITICAL - 🚨🚨 MODE URGENCE : Survie immédiate prioritaire.
2025-06-25 05:07:44,781 - __main__ - CRITICAL - 🚨 MODE URGENCE : Recherche prioritaire de nourriture
2025-06-25 05:07:44,781 - __main__ - CRITICAL - 🚨 NOURRITURE TROUVÉE À (0, 0), DÉPLACEMENT URGENT
2025-06-25 05:07:44,781 - __main__ - DEBUG - 🎯 Déplacement itératif vers (11, 11) depuis (11, 11)
2025-06-25 05:07:44,781 - __main__ - INFO - ✅ Arrivé à la destination (11, 11)
2025-06-25 05:07:44,781 - __main__ - CRITICAL - ✅ DÉPLACEMENT URGENT RÉUSSI, COLLECTE IMMÉDIATE
2025-06-25 05:07:44,782 - core.client - DEBUG - Envoyé (7s): Take food
2025-06-25 05:07:44,782 - core.client - DEBUG - En attente de données du serveur...
2025-06-25 05:07:44,852 - core.client - DEBUG - Données reçues: ko
2025-06-25 05:07:44,852 - __main__ - WARNING - ⚠️ Réponse inattendue lors de la collecte de food: False
2025-06-25 05:07:44,853 - __main__ - CRITICAL - ❌ ÉCHEC DE LA COLLECTE EN MODE URGENCE
2025-06-25 05:07:44,955 - core.client - DEBUG - Envoyé (1s): Inventory
2025-06-25 05:07:44,955 - core.client - DEBUG - En attente de données du serveur...
2025-06-25 05:07:44,965 - core.client - DEBUG - Données reçues: [ food 3, linemate 0, deraumere 0, sibur 0, mendiane 0, phiras 0, thystame 0 ]
2025-06-25 05:07:44,965 - __main__ - DEBUG - Inventaire mis à jour: {'food': 3, 'linemate': 0, 'deraumere': 0, 'sibur': 0, 'mendiane': 0, 'phiras': 0, 'thystame': 0}
2025-06-25 05:07:44,965 - __main__ - DEBUG - État changé: EMERGENCY_FOOD_SEARCH (critique)
2025-06-25 05:07:44,965 - __main__ - CRITICAL - 🚨🚨 MODE URGENCE : Survie immédiate prioritaire.
2025-06-25 05:07:44,965 - __main__ - CRITICAL - 🚨 MODE URGENCE : Recherche prioritaire de nourriture
2025-06-25 05:07:44,965 - __main__ - CRITICAL - 🚨 NOURRITURE TROUVÉE À (0, 0), DÉPLACEMENT URGENT
2025-06-25 05:07:44,966 - __main__ - DEBUG - 🎯 Déplacement itératif vers (11, 11) depuis (11, 11)
2025-06-25 05:07:44,966 - __main__ - INFO - ✅ Arrivé à la destination (11, 11)
2025-06-25 05:07:44,966 - __main__ - CRITICAL - ✅ DÉPLACEMENT URGENT RÉUSSI, COLLECTE IMMÉDIATE
2025-06-25 05:07:44,966 - core.client - DEBUG - Envoyé (7s): Take food
2025-06-25 05:07:44,966 - core.client - DEBUG - En attente de données du serveur...
2025-06-25 05:07:45,036 - core.client - DEBUG - Données reçues: ko
2025-06-25 05:07:45,037 - __main__ - WARNING - ⚠️ Réponse inattendue lors de la collecte de food: False
2025-06-25 05:07:45,037 - __main__ - CRITICAL - ❌ ÉCHEC DE LA COLLECTE EN MODE URGENCE
2025-06-25 05:07:45,139 - core.client - DEBUG - Envoyé (1s): Inventory
2025-06-25 05:07:45,139 - core.client - DEBUG - En attente de données du serveur...
2025-06-25 05:07:45,150 - core.client - DEBUG - Données reçues: [ food 3, linemate 0, deraumere 0, sibur 0, mendiane 0, phiras 0, thystame 0 ]
2025-06-25 05:07:45,150 - __main__ - DEBUG - Inventaire mis à jour: {'food': 3, 'linemate': 0, 'deraumere': 0, 'sibur': 0, 'mendiane': 0, 'phiras': 0, 'thystame': 0}
2025-06-25 05:07:45,150 - __main__ - DEBUG - État changé: EMERGENCY_FOOD_SEARCH (critique)
2025-06-25 05:07:45,150 - __main__ - CRITICAL - 🚨🚨 MODE URGENCE : Survie immédiate prioritaire.
2025-06-25 05:07:45,150 - __main__ - CRITICAL - 🚨 MODE URGENCE : Recherche prioritaire de nourriture
2025-06-25 05:07:45,150 - __main__ - CRITICAL - 🚨 NOURRITURE TROUVÉE À (0, 0), DÉPLACEMENT URGENT
2025-06-25 05:07:45,150 - __main__ - DEBUG - 🎯 Déplacement itératif vers (11, 11) depuis (11, 11)
2025-06-25 05:07:45,150 - __main__ - INFO - ✅ Arrivé à la destination (11, 11)
2025-06-25 05:07:45,151 - __main__ - CRITICAL - ✅ DÉPLACEMENT URGENT RÉUSSI, COLLECTE IMMÉDIATE
2025-06-25 05:07:45,151 - core.client - DEBUG - Envoyé (7s): Take food
2025-06-25 05:07:45,151 - core.client - DEBUG - En attente de données du serveur...
2025-06-25 05:07:45,221 - core.client - DEBUG - Données reçues: ko
2025-06-25 05:07:45,222 - __main__ - WARNING - ⚠️ Réponse inattendue lors de la collecte de food: False
2025-06-25 05:07:45,222 - __main__ - CRITICAL - ❌ ÉCHEC DE LA COLLECTE EN MODE URGENCE
2025-06-25 05:07:45,324 - core.client - DEBUG - Envoyé (1s): Inventory
2025-06-25 05:07:45,324 - core.client - DEBUG - En attente de données du serveur...
2025-06-25 05:07:45,334 - core.client - DEBUG - Données reçues: [ food 3, linemate 0, deraumere 0, sibur 0, mendiane 0, phiras 0, thystame 0 ]
2025-06-25 05:07:45,334 - __main__ - DEBUG - Inventaire mis à jour: {'food': 3, 'linemate': 0, 'deraumere': 0, 'sibur': 0, 'mendiane': 0, 'phiras': 0, 'thystame': 0}
2025-06-25 05:07:45,334 - __main__ - DEBUG - État changé: EMERGENCY_FOOD_SEARCH (critique)
2025-06-25 05:07:45,334 - __main__ - CRITICAL - 🚨🚨 MODE URGENCE : Survie immédiate prioritaire.
2025-06-25 05:07:45,335 - __main__ - CRITICAL - 🚨 MODE URGENCE : Recherche prioritaire de nourriture
2025-06-25 05:07:45,335 - __main__ - CRITICAL - 🚨 NOURRITURE TROUVÉE À (0, 0), DÉPLACEMENT URGENT
2025-06-25 05:07:45,335 - __main__ - DEBUG - 🎯 Déplacement itératif vers (11, 11) depuis (11, 11)
2025-06-25 05:07:45,335 - __main__ - INFO - ✅ Arrivé à la destination (11, 11)
2025-06-25 05:07:45,335 - __main__ - CRITICAL - ✅ DÉPLACEMENT URGENT RÉUSSI, COLLECTE IMMÉDIATE
2025-06-25 05:07:45,335 - core.client - DEBUG - Envoyé (7s): Take food
2025-06-25 05:07:45,335 - core.client - DEBUG - En attente de données du serveur...
2025-06-25 05:07:45,405 - core.client - DEBUG - Données reçues: ko
2025-06-25 05:07:45,405 - __main__ - WARNING - ⚠️ Réponse inattendue lors de la collecte de food: False
2025-06-25 05:07:45,405 - __main__ - CRITICAL - ❌ ÉCHEC DE LA COLLECTE EN MODE URGENCE
2025-06-25 05:07:45,507 - core.client - DEBUG - Envoyé (1s): Inventory
2025-06-25 05:07:45,507 - core.client - DEBUG - En attente de données du serveur...
2025-06-25 05:07:45,518 - core.client - DEBUG - Données reçues: [ food 2, linemate 0, deraumere 0, sibur 0, mendiane 0, phiras 0, thystame 0 ]
2025-06-25 05:07:45,518 - __main__ - DEBUG - Inventaire mis à jour: {'food': 2, 'linemate': 0, 'deraumere': 0, 'sibur': 0, 'mendiane': 0, 'phiras': 0, 'thystame': 0}
2025-06-25 05:07:45,518 - __main__ - DEBUG - État changé: EMERGENCY_FOOD_SEARCH (critique)
2025-06-25 05:07:45,518 - __main__ - CRITICAL - 🚨🚨 MODE URGENCE : Survie immédiate prioritaire.
2025-06-25 05:07:45,518 - __main__ - CRITICAL - 🚨 MODE URGENCE : Recherche prioritaire de nourriture
2025-06-25 05:07:45,518 - __main__ - CRITICAL - 🚨 NOURRITURE TROUVÉE À (0, 0), DÉPLACEMENT URGENT
2025-06-25 05:07:45,518 - __main__ - DEBUG - 🎯 Déplacement itératif vers (11, 11) depuis (11, 11)
2025-06-25 05:07:45,519 - __main__ - INFO - ✅ Arrivé à la destination (11, 11)
2025-06-25 05:07:45,519 - __main__ - CRITICAL - ✅ DÉPLACEMENT URGENT RÉUSSI, COLLECTE IMMÉDIATE
2025-06-25 05:07:45,519 - core.client - DEBUG - Envoyé (7s): Take food
2025-06-25 05:07:45,519 - core.client - DEBUG - En attente de données du serveur...
2025-06-25 05:07:45,589 - core.client - DEBUG - Données reçues: ko
2025-06-25 05:07:45,590 - __main__ - WARNING - ⚠️ Réponse inattendue lors de la collecte de food: False
2025-06-25 05:07:45,590 - __main__ - CRITICAL - ❌ ÉCHEC DE LA COLLECTE EN MODE URGENCE
2025-06-25 05:07:45,692 - core.client - DEBUG - Envoyé (1s): Inventory
2025-06-25 05:07:45,692 - core.client - DEBUG - En attente de données du serveur...
2025-06-25 05:07:45,702 - core.client - DEBUG - Données reçues: [ food 2, linemate 0, deraumere 0, sibur 0, mendiane 0, phiras 0, thystame 0 ]
2025-06-25 05:07:45,703 - __main__ - DEBUG - Inventaire mis à jour: {'food': 2, 'linemate': 0, 'deraumere': 0, 'sibur': 0, 'mendiane': 0, 'phiras': 0, 'thystame': 0}
2025-06-25 05:07:45,703 - __main__ - DEBUG - État changé: EMERGENCY_FOOD_SEARCH (critique)
2025-06-25 05:07:45,703 - __main__ - CRITICAL - 🚨🚨 MODE URGENCE : Survie immédiate prioritaire.
2025-06-25 05:07:45,703 - __main__ - CRITICAL - 🚨 MODE URGENCE : Recherche prioritaire de nourriture
2025-06-25 05:07:45,703 - __main__ - CRITICAL - 🚨 NOURRITURE TROUVÉE À (0, 0), DÉPLACEMENT URGENT
2025-06-25 05:07:45,703 - __main__ - DEBUG - 🎯 Déplacement itératif vers (11, 11) depuis (11, 11)
2025-06-25 05:07:45,703 - __main__ - INFO - ✅ Arrivé à la destination (11, 11)
2025-06-25 05:07:45,704 - __main__ - CRITICAL - ✅ DÉPLACEMENT URGENT RÉUSSI, COLLECTE IMMÉDIATE
2025-06-25 05:07:45,704 - core.client - DEBUG - Envoyé (7s): Take food
2025-06-25 05:07:45,704 - core.client - DEBUG - En attente de données du serveur...
2025-06-25 05:07:45,774 - core.client - DEBUG - Données reçues: ko
2025-06-25 05:07:45,775 - __main__ - WARNING - ⚠️ Réponse inattendue lors de la collecte de food: False
2025-06-25 05:07:45,775 - __main__ - CRITICAL - ❌ ÉCHEC DE LA COLLECTE EN MODE URGENCE
2025-06-25 05:07:45,876 - core.client - DEBUG - Envoyé (1s): Inventory
2025-06-25 05:07:45,877 - core.client - DEBUG - En attente de données du serveur...
2025-06-25 05:07:45,888 - core.client - DEBUG - Données reçues: [ food 2, linemate 0, deraumere 0, sibur 0, mendiane 0, phiras 0, thystame 0 ]
2025-06-25 05:07:45,888 - __main__ - DEBUG - Inventaire mis à jour: {'food': 2, 'linemate': 0, 'deraumere': 0, 'sibur': 0, 'mendiane': 0, 'phiras': 0, 'thystame': 0}
2025-06-25 05:07:45,888 - __main__ - DEBUG - État changé: EMERGENCY_FOOD_SEARCH (critique)
2025-06-25 05:07:45,889 - __main__ - CRITICAL - 🚨🚨 MODE URGENCE : Survie immédiate prioritaire.
2025-06-25 05:07:45,889 - __main__ - CRITICAL - 🚨 MODE URGENCE : Recherche prioritaire de nourriture
2025-06-25 05:07:45,889 - __main__ - CRITICAL - 🚨 NOURRITURE TROUVÉE À (0, 0), DÉPLACEMENT URGENT
2025-06-25 05:07:45,889 - __main__ - DEBUG - 🎯 Déplacement itératif vers (11, 11) depuis (11, 11)
2025-06-25 05:07:45,889 - __main__ - INFO - ✅ Arrivé à la destination (11, 11)
2025-06-25 05:07:45,889 - __main__ - CRITICAL - ✅ DÉPLACEMENT URGENT RÉUSSI, COLLECTE IMMÉDIATE
2025-06-25 05:07:45,889 - core.client - DEBUG - Envoyé (7s): Take food
2025-06-25 05:07:45,889 - core.client - DEBUG - En attente de données du serveur...
2025-06-25 05:07:45,960 - core.client - DEBUG - Données reçues: ko
2025-06-25 05:07:45,960 - __main__ - WARNING - ⚠️ Réponse inattendue lors de la collecte de food: False
2025-06-25 05:07:45,960 - __main__ - CRITICAL - ❌ ÉCHEC DE LA COLLECTE EN MODE URGENCE
2025-06-25 05:07:46,061 - core.client - DEBUG - Envoyé (1s): Inventory
2025-06-25 05:07:46,062 - core.client - DEBUG - En attente de données du serveur...
2025-06-25 05:07:46,072 - core.client - DEBUG - Données reçues: [ food 2, linemate 0, deraumere 0, sibur 0, mendiane 0, phiras 0, thystame 0 ]
2025-06-25 05:07:46,072 - __main__ - DEBUG - Inventaire mis à jour: {'food': 2, 'linemate': 0, 'deraumere': 0, 'sibur': 0, 'mendiane': 0, 'phiras': 0, 'thystame': 0}
2025-06-25 05:07:46,072 - __main__ - DEBUG - État changé: EMERGENCY_FOOD_SEARCH (critique)
2025-06-25 05:07:46,072 - __main__ - CRITICAL - 🚨🚨 MODE URGENCE : Survie immédiate prioritaire.
2025-06-25 05:07:46,072 - __main__ - CRITICAL - 🚨 MODE URGENCE : Recherche prioritaire de nourriture
2025-06-25 05:07:46,072 - __main__ - CRITICAL - 🚨 NOURRITURE TROUVÉE À (0, 0), DÉPLACEMENT URGENT
2025-06-25 05:07:46,072 - __main__ - DEBUG - 🎯 Déplacement itératif vers (11, 11) depuis (11, 11)
2025-06-25 05:07:46,073 - __main__ - INFO - ✅ Arrivé à la destination (11, 11)
2025-06-25 05:07:46,073 - __main__ - CRITICAL - ✅ DÉPLACEMENT URGENT RÉUSSI, COLLECTE IMMÉDIATE
2025-06-25 05:07:46,073 - core.client - DEBUG - Envoyé (7s): Take food
2025-06-25 05:07:46,073 - core.client - DEBUG - En attente de données du serveur...
2025-06-25 05:07:46,143 - core.client - DEBUG - Données reçues: ko
2025-06-25 05:07:46,143 - __main__ - WARNING - ⚠️ Réponse inattendue lors de la collecte de food: False
2025-06-25 05:07:46,144 - __main__ - CRITICAL - ❌ ÉCHEC DE LA COLLECTE EN MODE URGENCE
2025-06-25 05:07:46,245 - core.client - DEBUG - Envoyé (1s): Inventory
2025-06-25 05:07:46,245 - core.client - DEBUG - En attente de données du serveur...
2025-06-25 05:07:46,255 - core.client - DEBUG - Données reçues: [ food 2, linemate 0, deraumere 0, sibur 0, mendiane 0, phiras 0, thystame 0 ]
2025-06-25 05:07:46,255 - __main__ - DEBUG - Inventaire mis à jour: {'food': 2, 'linemate': 0, 'deraumere': 0, 'sibur': 0, 'mendiane': 0, 'phiras': 0, 'thystame': 0}
2025-06-25 05:07:46,256 - __main__ - DEBUG - État changé: EMERGENCY_FOOD_SEARCH (critique)
2025-06-25 05:07:46,256 - __main__ - CRITICAL - 🚨🚨 MODE URGENCE : Survie immédiate prioritaire.
2025-06-25 05:07:46,256 - __main__ - CRITICAL - 🚨 MODE URGENCE : Recherche prioritaire de nourriture
2025-06-25 05:07:46,256 - __main__ - CRITICAL - 🚨 NOURRITURE TROUVÉE À (0, 0), DÉPLACEMENT URGENT
2025-06-25 05:07:46,256 - __main__ - DEBUG - 🎯 Déplacement itératif vers (11, 11) depuis (11, 11)
2025-06-25 05:07:46,256 - __main__ - INFO - ✅ Arrivé à la destination (11, 11)
2025-06-25 05:07:46,256 - __main__ - CRITICAL - ✅ DÉPLACEMENT URGENT RÉUSSI, COLLECTE IMMÉDIATE
2025-06-25 05:07:46,256 - core.client - DEBUG - Envoyé (7s): Take food
2025-06-25 05:07:46,256 - core.client - DEBUG - En attente de données du serveur...
2025-06-25 05:07:46,326 - core.client - DEBUG - Données reçues: ko
2025-06-25 05:07:46,327 - __main__ - WARNING - ⚠️ Réponse inattendue lors de la collecte de food: False
2025-06-25 05:07:46,327 - __main__ - CRITICAL - ❌ ÉCHEC DE LA COLLECTE EN MODE URGENCE
2025-06-25 05:07:46,428 - core.client - DEBUG - Envoyé (1s): Inventory
2025-06-25 05:07:46,429 - core.client - DEBUG - En attente de données du serveur...
2025-06-25 05:07:46,439 - core.client - DEBUG - Données reçues: [ food 2, linemate 0, deraumere 0, sibur 0, mendiane 0, phiras 0, thystame 0 ]
2025-06-25 05:07:46,439 - __main__ - DEBUG - Inventaire mis à jour: {'food': 2, 'linemate': 0, 'deraumere': 0, 'sibur': 0, 'mendiane': 0, 'phiras': 0, 'thystame': 0}
2025-06-25 05:07:46,439 - __main__ - DEBUG - État changé: EMERGENCY_FOOD_SEARCH (critique)
2025-06-25 05:07:46,439 - __main__ - CRITICAL - 🚨🚨 MODE URGENCE : Survie immédiate prioritaire.
2025-06-25 05:07:46,439 - __main__ - CRITICAL - 🚨 MODE URGENCE : Recherche prioritaire de nourriture
2025-06-25 05:07:46,439 - __main__ - CRITICAL - 🚨 NOURRITURE TROUVÉE À (0, 0), DÉPLACEMENT URGENT
2025-06-25 05:07:46,440 - __main__ - DEBUG - 🎯 Déplacement itératif vers (11, 11) depuis (11, 11)
2025-06-25 05:07:46,440 - __main__ - INFO - ✅ Arrivé à la destination (11, 11)
2025-06-25 05:07:46,440 - __main__ - CRITICAL - ✅ DÉPLACEMENT URGENT RÉUSSI, COLLECTE IMMÉDIATE
2025-06-25 05:07:46,440 - core.client - DEBUG - Envoyé (7s): Take food
2025-06-25 05:07:46,440 - core.client - DEBUG - En attente de données du serveur...
2025-06-25 05:07:46,510 - core.client - DEBUG - Données reçues: ko
2025-06-25 05:07:46,510 - __main__ - WARNING - ⚠️ Réponse inattendue lors de la collecte de food: False
2025-06-25 05:07:46,510 - __main__ - CRITICAL - ❌ ÉCHEC DE LA COLLECTE EN MODE URGENCE
2025-06-25 05:07:46,612 - core.client - DEBUG - Envoyé (1s): Inventory
2025-06-25 05:07:46,612 - core.client - DEBUG - En attente de données du serveur...
2025-06-25 05:07:46,623 - core.client - DEBUG - Données reçues: [ food 2, linemate 0, deraumere 0, sibur 0, mendiane 0, phiras 0, thystame 0 ]
2025-06-25 05:07:46,623 - __main__ - DEBUG - Inventaire mis à jour: {'food': 2, 'linemate': 0, 'deraumere': 0, 'sibur': 0, 'mendiane': 0, 'phiras': 0, 'thystame': 0}
2025-06-25 05:07:46,624 - __main__ - DEBUG - État changé: EMERGENCY_FOOD_SEARCH (critique)
2025-06-25 05:07:46,624 - __main__ - CRITICAL - 🚨🚨 MODE URGENCE : Survie immédiate prioritaire.
2025-06-25 05:07:46,624 - __main__ - CRITICAL - 🚨 MODE URGENCE : Recherche prioritaire de nourriture
2025-06-25 05:07:46,624 - __main__ - CRITICAL - 🚨 NOURRITURE TROUVÉE À (0, 0), DÉPLACEMENT URGENT
2025-06-25 05:07:46,624 - __main__ - DEBUG - 🎯 Déplacement itératif vers (11, 11) depuis (11, 11)
2025-06-25 05:07:46,624 - __main__ - INFO - ✅ Arrivé à la destination (11, 11)
2025-06-25 05:07:46,624 - __main__ - CRITICAL - ✅ DÉPLACEMENT URGENT RÉUSSI, COLLECTE IMMÉDIATE
2025-06-25 05:07:46,624 - core.client - DEBUG - Envoyé (7s): Take food
2025-06-25 05:07:46,624 - core.client - DEBUG - En attente de données du serveur...
2025-06-25 05:07:46,695 - core.client - DEBUG - Données reçues: ko
2025-06-25 05:07:46,695 - __main__ - WARNING - ⚠️ Réponse inattendue lors de la collecte de food: False
2025-06-25 05:07:46,695 - __main__ - CRITICAL - ❌ ÉCHEC DE LA COLLECTE EN MODE URGENCE
2025-06-25 05:07:46,797 - core.client - DEBUG - Envoyé (1s): Inventory
2025-06-25 05:07:46,798 - core.client - DEBUG - En attente de données du serveur...
2025-06-25 05:07:46,809 - core.client - DEBUG - Données reçues: [ food 1, linemate 0, deraumere 0, sibur 0, mendiane 0, phiras 0, thystame 0 ]
2025-06-25 05:07:46,810 - __main__ - DEBUG - Inventaire mis à jour: {'food': 1, 'linemate': 0, 'deraumere': 0, 'sibur': 0, 'mendiane': 0, 'phiras': 0, 'thystame': 0}
2025-06-25 05:07:46,811 - __main__ - DEBUG - État changé: EMERGENCY_FOOD_SEARCH (critique)
2025-06-25 05:07:46,811 - __main__ - CRITICAL - 🚨🚨 MODE URGENCE : Survie immédiate prioritaire.
2025-06-25 05:07:46,812 - __main__ - CRITICAL - 🚨 MODE URGENCE : Recherche prioritaire de nourriture
2025-06-25 05:07:46,812 - __main__ - CRITICAL - 🚨 NOURRITURE TROUVÉE À (0, 0), DÉPLACEMENT URGENT
2025-06-25 05:07:46,812 - __main__ - DEBUG - 🎯 Déplacement itératif vers (11, 11) depuis (11, 11)
2025-06-25 05:07:46,813 - __main__ - INFO - ✅ Arrivé à la destination (11, 11)
2025-06-25 05:07:46,813 - __main__ - CRITICAL - ✅ DÉPLACEMENT URGENT RÉUSSI, COLLECTE IMMÉDIATE
2025-06-25 05:07:46,814 - core.client - DEBUG - Envoyé (7s): Take food
2025-06-25 05:07:46,814 - core.client - DEBUG - En attente de données du serveur...
2025-06-25 05:07:46,885 - core.client - DEBUG - Données reçues: ko
2025-06-25 05:07:46,885 - __main__ - WARNING - ⚠️ Réponse inattendue lors de la collecte de food: False
2025-06-25 05:07:46,885 - __main__ - CRITICAL - ❌ ÉCHEC DE LA COLLECTE EN MODE URGENCE
2025-06-25 05:07:46,987 - core.client - DEBUG - Envoyé (1s): Inventory
2025-06-25 05:07:46,987 - core.client - DEBUG - En attente de données du serveur...
2025-06-25 05:07:46,998 - core.client - DEBUG - Données reçues: [ food 1, linemate 0, deraumere 0, sibur 0, mendiane 0, phiras 0, thystame 0 ]
2025-06-25 05:07:46,999 - __main__ - DEBUG - Inventaire mis à jour: {'food': 1, 'linemate': 0, 'deraumere': 0, 'sibur': 0, 'mendiane': 0, 'phiras': 0, 'thystame': 0}
2025-06-25 05:07:46,999 - __main__ - DEBUG - État changé: EMERGENCY_FOOD_SEARCH (critique)
2025-06-25 05:07:46,999 - __main__ - CRITICAL - 🚨🚨 MODE URGENCE : Survie immédiate prioritaire.
2025-06-25 05:07:46,999 - __main__ - CRITICAL - 🚨 MODE URGENCE : Recherche prioritaire de nourriture
2025-06-25 05:07:46,999 - __main__ - CRITICAL - 🚨 NOURRITURE TROUVÉE À (0, 0), DÉPLACEMENT URGENT
2025-06-25 05:07:46,999 - __main__ - DEBUG - 🎯 Déplacement itératif vers (11, 11) depuis (11, 11)
2025-06-25 05:07:46,999 - __main__ - INFO - ✅ Arrivé à la destination (11, 11)
2025-06-25 05:07:46,999 - __main__ - CRITICAL - ✅ DÉPLACEMENT URGENT RÉUSSI, COLLECTE IMMÉDIATE
2025-06-25 05:07:47,000 - core.client - DEBUG - Envoyé (7s): Take food
2025-06-25 05:07:47,000 - core.client - DEBUG - En attente de données du serveur...
2025-06-25 05:07:47,070 - core.client - DEBUG - Données reçues: ko
2025-06-25 05:07:47,070 - __main__ - WARNING - ⚠️ Réponse inattendue lors de la collecte de food: False
2025-06-25 05:07:47,070 - __main__ - CRITICAL - ❌ ÉCHEC DE LA COLLECTE EN MODE URGENCE
2025-06-25 05:07:47,172 - core.client - DEBUG - Envoyé (1s): Inventory
2025-06-25 05:07:47,172 - core.client - DEBUG - En attente de données du serveur...
2025-06-25 05:07:47,182 - core.client - DEBUG - Données reçues: [ food 1, linemate 0, deraumere 0, sibur 0, mendiane 0, phiras 0, thystame 0 ]
2025-06-25 05:07:47,183 - __main__ - DEBUG - Inventaire mis à jour: {'food': 1, 'linemate': 0, 'deraumere': 0, 'sibur': 0, 'mendiane': 0, 'phiras': 0, 'thystame': 0}
2025-06-25 05:07:47,183 - __main__ - DEBUG - État changé: EMERGENCY_FOOD_SEARCH (critique)
2025-06-25 05:07:47,184 - __main__ - CRITICAL - 🚨🚨 MODE URGENCE : Survie immédiate prioritaire.
2025-06-25 05:07:47,184 - __main__ - CRITICAL - 🚨 MODE URGENCE : Recherche prioritaire de nourriture
2025-06-25 05:07:47,184 - __main__ - CRITICAL - 🚨 NOURRITURE TROUVÉE À (0, 0), DÉPLACEMENT URGENT
2025-06-25 05:07:47,184 - __main__ - DEBUG - 🎯 Déplacement itératif vers (11, 11) depuis (11, 11)
2025-06-25 05:07:47,184 - __main__ - INFO - ✅ Arrivé à la destination (11, 11)
2025-06-25 05:07:47,184 - __main__ - CRITICAL - ✅ DÉPLACEMENT URGENT RÉUSSI, COLLECTE IMMÉDIATE
2025-06-25 05:07:47,184 - core.client - DEBUG - Envoyé (7s): Take food
2025-06-25 05:07:47,184 - core.client - DEBUG - En attente de données du serveur...
2025-06-25 05:07:47,255 - core.client - DEBUG - Données reçues: ko
2025-06-25 05:07:47,255 - __main__ - WARNING - ⚠️ Réponse inattendue lors de la collecte de food: False
2025-06-25 05:07:47,255 - __main__ - CRITICAL - ❌ ÉCHEC DE LA COLLECTE EN MODE URGENCE
2025-06-25 05:07:47,356 - core.client - DEBUG - Envoyé (1s): Inventory
2025-06-25 05:07:47,357 - core.client - DEBUG - En attente de données du serveur...
2025-06-25 05:07:47,367 - core.client - DEBUG - Données reçues: [ food 1, linemate 0, deraumere 0, sibur 0, mendiane 0, phiras 0, thystame 0 ]
2025-06-25 05:07:47,367 - __main__ - DEBUG - Inventaire mis à jour: {'food': 1, 'linemate': 0, 'deraumere': 0, 'sibur': 0, 'mendiane': 0, 'phiras': 0, 'thystame': 0}
2025-06-25 05:07:47,367 - __main__ - DEBUG - État changé: EMERGENCY_FOOD_SEARCH (critique)
2025-06-25 05:07:47,367 - __main__ - CRITICAL - 🚨🚨 MODE URGENCE : Survie immédiate prioritaire.
2025-06-25 05:07:47,368 - __main__ - CRITICAL - 🚨 MODE URGENCE : Recherche prioritaire de nourriture
2025-06-25 05:07:47,368 - __main__ - CRITICAL - 🚨 NOURRITURE TROUVÉE À (0, 0), DÉPLACEMENT URGENT
2025-06-25 05:07:47,368 - __main__ - DEBUG - 🎯 Déplacement itératif vers (11, 11) depuis (11, 11)
2025-06-25 05:07:47,368 - __main__ - INFO - ✅ Arrivé à la destination (11, 11)
2025-06-25 05:07:47,368 - __main__ - CRITICAL - ✅ DÉPLACEMENT URGENT RÉUSSI, COLLECTE IMMÉDIATE
2025-06-25 05:07:47,368 - core.client - DEBUG - Envoyé (7s): Take food
2025-06-25 05:07:47,369 - core.client - DEBUG - En attente de données du serveur...
2025-06-25 05:07:47,439 - core.client - DEBUG - Données reçues: ko
2025-06-25 05:07:47,439 - __main__ - WARNING - ⚠️ Réponse inattendue lors de la collecte de food: False
2025-06-25 05:07:47,439 - __main__ - CRITICAL - ❌ ÉCHEC DE LA COLLECTE EN MODE URGENCE
2025-06-25 05:07:47,540 - core.client - DEBUG - Envoyé (1s): Inventory
2025-06-25 05:07:47,541 - core.client - DEBUG - En attente de données du serveur...
2025-06-25 05:07:47,551 - core.client - DEBUG - Données reçues: [ food 1, linemate 0, deraumere 0, sibur 0, mendiane 0, phiras 0, thystame 0 ]
2025-06-25 05:07:47,551 - __main__ - DEBUG - Inventaire mis à jour: {'food': 1, 'linemate': 0, 'deraumere': 0, 'sibur': 0, 'mendiane': 0, 'phiras': 0, 'thystame': 0}
2025-06-25 05:07:47,551 - __main__ - DEBUG - État changé: EMERGENCY_FOOD_SEARCH (critique)
2025-06-25 05:07:47,551 - __main__ - CRITICAL - 🚨🚨 MODE URGENCE : Survie immédiate prioritaire.
2025-06-25 05:07:47,551 - __main__ - CRITICAL - 🚨 MODE URGENCE : Recherche prioritaire de nourriture
2025-06-25 05:07:47,551 - __main__ - CRITICAL - 🚨 NOURRITURE TROUVÉE À (0, 0), DÉPLACEMENT URGENT
2025-06-25 05:07:47,552 - __main__ - DEBUG - 🎯 Déplacement itératif vers (11, 11) depuis (11, 11)
2025-06-25 05:07:47,552 - __main__ - INFO - ✅ Arrivé à la destination (11, 11)
2025-06-25 05:07:47,552 - __main__ - CRITICAL - ✅ DÉPLACEMENT URGENT RÉUSSI, COLLECTE IMMÉDIATE
2025-06-25 05:07:47,552 - core.client - DEBUG - Envoyé (7s): Take food
2025-06-25 05:07:47,552 - core.client - DEBUG - En attente de données du serveur...
2025-06-25 05:07:47,622 - core.client - DEBUG - Données reçues: ko
2025-06-25 05:07:47,623 - __main__ - WARNING - ⚠️ Réponse inattendue lors de la collecte de food: False
2025-06-25 05:07:47,623 - __main__ - CRITICAL - ❌ ÉCHEC DE LA COLLECTE EN MODE URGENCE
2025-06-25 05:07:47,724 - core.client - DEBUG - Envoyé (1s): Inventory
2025-06-25 05:07:47,724 - core.client - DEBUG - En attente de données du serveur...
2025-06-25 05:07:47,735 - core.client - DEBUG - Données reçues: [ food 1, linemate 0, deraumere 0, sibur 0, mendiane 0, phiras 0, thystame 0 ]
2025-06-25 05:07:47,735 - __main__ - DEBUG - Inventaire mis à jour: {'food': 1, 'linemate': 0, 'deraumere': 0, 'sibur': 0, 'mendiane': 0, 'phiras': 0, 'thystame': 0}
2025-06-25 05:07:47,735 - __main__ - DEBUG - État changé: EMERGENCY_FOOD_SEARCH (critique)
2025-06-25 05:07:47,735 - __main__ - CRITICAL - 🚨🚨 MODE URGENCE : Survie immédiate prioritaire.
2025-06-25 05:07:47,735 - __main__ - CRITICAL - 🚨 MODE URGENCE : Recherche prioritaire de nourriture
2025-06-25 05:07:47,735 - __main__ - CRITICAL - 🚨 NOURRITURE TROUVÉE À (0, 0), DÉPLACEMENT URGENT
2025-06-25 05:07:47,735 - __main__ - DEBUG - 🎯 Déplacement itératif vers (11, 11) depuis (11, 11)
2025-06-25 05:07:47,735 - __main__ - INFO - ✅ Arrivé à la destination (11, 11)
2025-06-25 05:07:47,735 - __main__ - CRITICAL - ✅ DÉPLACEMENT URGENT RÉUSSI, COLLECTE IMMÉDIATE
2025-06-25 05:07:47,735 - core.client - DEBUG - Envoyé (7s): Take food
2025-06-25 05:07:47,735 - core.client - DEBUG - En attente de données du serveur...
2025-06-25 05:07:47,806 - core.client - DEBUG - Données reçues: ko
2025-06-25 05:07:47,806 - __main__ - WARNING - ⚠️ Réponse inattendue lors de la collecte de food: False
2025-06-25 05:07:47,806 - __main__ - CRITICAL - ❌ ÉCHEC DE LA COLLECTE EN MODE URGENCE
2025-06-25 05:07:47,907 - core.client - DEBUG - Envoyé (1s): Inventory
2025-06-25 05:07:47,908 - core.client - DEBUG - En attente de données du serveur...
2025-06-25 05:07:47,919 - core.client - DEBUG - Données reçues: [ food 1, linemate 0, deraumere 0, sibur 0, mendiane 0, phiras 0, thystame 0 ]
2025-06-25 05:07:47,919 - __main__ - DEBUG - Inventaire mis à jour: {'food': 1, 'linemate': 0, 'deraumere': 0, 'sibur': 0, 'mendiane': 0, 'phiras': 0, 'thystame': 0}
2025-06-25 05:07:47,919 - __main__ - DEBUG - État changé: EMERGENCY_FOOD_SEARCH (critique)
2025-06-25 05:07:47,919 - __main__ - CRITICAL - 🚨🚨 MODE URGENCE : Survie immédiate prioritaire.
2025-06-25 05:07:47,919 - __main__ - CRITICAL - 🚨 MODE URGENCE : Recherche prioritaire de nourriture
2025-06-25 05:07:47,920 - __main__ - CRITICAL - 🚨 NOURRITURE TROUVÉE À (0, 0), DÉPLACEMENT URGENT
2025-06-25 05:07:47,920 - __main__ - DEBUG - 🎯 Déplacement itératif vers (11, 11) depuis (11, 11)
2025-06-25 05:07:47,920 - __main__ - INFO - ✅ Arrivé à la destination (11, 11)
2025-06-25 05:07:47,920 - __main__ - CRITICAL - ✅ DÉPLACEMENT URGENT RÉUSSI, COLLECTE IMMÉDIATE
2025-06-25 05:07:47,920 - core.client - DEBUG - Envoyé (7s): Take food
2025-06-25 05:07:47,920 - core.client - DEBUG - En attente de données du serveur...
2025-06-25 05:07:47,990 - core.client - DEBUG - Données reçues: ko
2025-06-25 05:07:47,991 - __main__ - WARNING - ⚠️ Réponse inattendue lors de la collecte de food: False
2025-06-25 05:07:47,991 - __main__ - CRITICAL - ❌ ÉCHEC DE LA COLLECTE EN MODE URGENCE
2025-06-25 05:07:48,092 - core.client - DEBUG - Envoyé (1s): Inventory
2025-06-25 05:07:48,093 - core.client - DEBUG - En attente de données du serveur...
2025-06-25 05:07:48,103 - core.client - DEBUG - Données reçues: [ food 0, linemate 0, deraumere 0, sibur 0, mendiane 0, phiras 0, thystame 0 ]
2025-06-25 05:07:48,103 - __main__ - DEBUG - Inventaire mis à jour: {'food': 0, 'linemate': 0, 'deraumere': 0, 'sibur': 0, 'mendiane': 0, 'phiras': 0, 'thystame': 0}
2025-06-25 05:07:48,104 - __main__ - ERROR - Le joueur est mort de faim
2025-06-25 05:07:48,104 - __main__ - INFO - Arrêt de l'IA.
